{"/home/nita/dev/node/shortpixelapi/main.js": {"path":"/home/nita/dev/node/shortpixelapi/main.js","statementMap":{},"fnMap":{},"branchMap":{},"s":{},"f":{},"b":{},"inputSourceMap":null,"_coverageSchema":"1a1c01bbd47fc00a2c39e90264f33305004495a9","hash":"8a836a470b3fce1d3925e25e98c8f2106443e141"}
,"/home/nita/dev/node/shortpixelapi/components/client.js": {"path":"/home/nita/dev/node/shortpixelapi/components/client.js","statementMap":{"0":{"start":{"line":59,"column":28},"end":{"line":59,"column":39}},"1":{"start":{"line":60,"column":24},"end":{"line":60,"column":36}},"2":{"start":{"line":63,"column":2},"end":{"line":63,"column":63}},"3":{"start":{"line":63,"column":50},"end":{"line":63,"column":63}},"4":{"start":{"line":64,"column":2},"end":{"line":69,"column":3}},"5":{"start":{"line":65,"column":19},"end":{"line":65,"column":33}},"6":{"start":{"line":66,"column":4},"end":{"line":66,"column":49}},"7":{"start":{"line":68,"column":4},"end":{"line":68,"column":17}},"8":{"start":{"line":73,"column":2},"end":{"line":76,"column":4}},"9":{"start":{"line":80,"column":2},"end":{"line":83,"column":4}},"10":{"start":{"line":89,"column":4},"end":{"line":91,"column":5}},"11":{"start":{"line":90,"column":6},"end":{"line":90,"column":56}},"12":{"start":{"line":93,"column":4},"end":{"line":93,"column":25}},"13":{"start":{"line":94,"column":4},"end":{"line":94,"column":43}},"14":{"start":{"line":96,"column":4},"end":{"line":98,"column":5}},"15":{"start":{"line":97,"column":6},"end":{"line":97,"column":28}},"16":{"start":{"line":102,"column":4},"end":{"line":103,"column":28}},"17":{"start":{"line":103,"column":6},"end":{"line":103,"column":28}},"18":{"start":{"line":109,"column":4},"end":{"line":109,"column":39}},"19":{"start":{"line":112,"column":4},"end":{"line":112,"column":41}},"20":{"start":{"line":115,"column":4},"end":{"line":115,"column":41}},"21":{"start":{"line":119,"column":4},"end":{"line":119,"column":55}},"22":{"start":{"line":122,"column":4},"end":{"line":122,"column":60}},"23":{"start":{"line":126,"column":4},"end":{"line":126,"column":41}},"24":{"start":{"line":129,"column":4},"end":{"line":129,"column":43}},"25":{"start":{"line":136,"column":4},"end":{"line":136,"column":44}},"26":{"start":{"line":139,"column":4},"end":{"line":139,"column":46}},"27":{"start":{"line":143,"column":4},"end":{"line":143,"column":60}},"28":{"start":{"line":146,"column":4},"end":{"line":146,"column":65}},"29":{"start":{"line":150,"column":4},"end":{"line":150,"column":46}},"30":{"start":{"line":153,"column":4},"end":{"line":153,"column":48}},"31":{"start":{"line":162,"column":8},"end":{"line":162,"column":21}},"32":{"start":{"line":164,"column":4},"end":{"line":164,"column":49}},"33":{"start":{"line":170,"column":4},"end":{"line":172,"column":5}},"34":{"start":{"line":171,"column":6},"end":{"line":171,"column":83}},"35":{"start":{"line":174,"column":26},"end":{"line":174,"column":94}},"36":{"start":{"line":174,"column":48},"end":{"line":174,"column":93}},"37":{"start":{"line":175,"column":27},"end":{"line":175,"column":96}},"38":{"start":{"line":175,"column":49},"end":{"line":175,"column":95}},"39":{"start":{"line":176,"column":4},"end":{"line":178,"column":5}},"40":{"start":{"line":177,"column":6},"end":{"line":177,"column":85}},"41":{"start":{"line":180,"column":4},"end":{"line":182,"column":5}},"42":{"start":{"line":180,"column":31},"end":{"line":180,"column":76}},"43":{"start":{"line":181,"column":6},"end":{"line":181,"column":53}},"44":{"start":{"line":184,"column":4},"end":{"line":186,"column":5}},"45":{"start":{"line":184,"column":31},"end":{"line":184,"column":95}},"46":{"start":{"line":185,"column":6},"end":{"line":185,"column":77}},"47":{"start":{"line":185,"column":54},"end":{"line":185,"column":62}},"48":{"start":{"line":188,"column":4},"end":{"line":191,"column":5}},"49":{"start":{"line":188,"column":31},"end":{"line":188,"column":54}},"50":{"start":{"line":189,"column":19},"end":{"line":189,"column":65}},"51":{"start":{"line":190,"column":6},"end":{"line":190,"column":62}},"52":{"start":{"line":193,"column":4},"end":{"line":195,"column":5}},"53":{"start":{"line":193,"column":31},"end":{"line":193,"column":52}},"54":{"start":{"line":194,"column":6},"end":{"line":194,"column":54}},"55":{"start":{"line":197,"column":4},"end":{"line":197,"column":91}},"56":{"start":{"line":202,"column":26},"end":{"line":205,"column":5}},"57":{"start":{"line":207,"column":4},"end":{"line":209,"column":5}},"58":{"start":{"line":208,"column":6},"end":{"line":208,"column":60}},"59":{"start":{"line":210,"column":4},"end":{"line":212,"column":5}},"60":{"start":{"line":211,"column":6},"end":{"line":211,"column":58}},"61":{"start":{"line":214,"column":4},"end":{"line":216,"column":5}},"62":{"start":{"line":215,"column":6},"end":{"line":215,"column":62}},"63":{"start":{"line":217,"column":4},"end":{"line":219,"column":5}},"64":{"start":{"line":218,"column":6},"end":{"line":218,"column":60}},"65":{"start":{"line":220,"column":4},"end":{"line":222,"column":5}},"66":{"start":{"line":221,"column":6},"end":{"line":221,"column":60}},"67":{"start":{"line":223,"column":4},"end":{"line":228,"column":5}},"68":{"start":{"line":224,"column":6},"end":{"line":226,"column":7}},"69":{"start":{"line":225,"column":8},"end":{"line":225,"column":82}},"70":{"start":{"line":227,"column":6},"end":{"line":227,"column":64}},"71":{"start":{"line":230,"column":4},"end":{"line":233,"column":5}},"72":{"start":{"line":231,"column":19},"end":{"line":231,"column":86}},"73":{"start":{"line":232,"column":6},"end":{"line":232,"column":72}},"74":{"start":{"line":234,"column":4},"end":{"line":237,"column":5}},"75":{"start":{"line":235,"column":19},"end":{"line":235,"column":68}},"76":{"start":{"line":236,"column":6},"end":{"line":236,"column":70}},"77":{"start":{"line":239,"column":4},"end":{"line":239,"column":58}},"78":{"start":{"line":251,"column":50},"end":{"line":251,"column":85}},"79":{"start":{"line":253,"column":4},"end":{"line":255,"column":5}},"80":{"start":{"line":254,"column":6},"end":{"line":254,"column":83}},"81":{"start":{"line":257,"column":4},"end":{"line":260,"column":5}},"82":{"start":{"line":258,"column":19},"end":{"line":258,"column":50}},"83":{"start":{"line":259,"column":6},"end":{"line":259,"column":60}},"84":{"start":{"line":262,"column":4},"end":{"line":265,"column":5}},"85":{"start":{"line":263,"column":6},"end":{"line":263,"column":75}},"86":{"start":{"line":263,"column":30},"end":{"line":263,"column":75}},"87":{"start":{"line":264,"column":6},"end":{"line":264,"column":52}},"88":{"start":{"line":267,"column":4},"end":{"line":269,"column":5}},"89":{"start":{"line":268,"column":6},"end":{"line":268,"column":84}},"90":{"start":{"line":271,"column":4},"end":{"line":273,"column":5}},"91":{"start":{"line":272,"column":6},"end":{"line":272,"column":86}},"92":{"start":{"line":275,"column":4},"end":{"line":275,"column":56}},"93":{"start":{"line":280,"column":4},"end":{"line":280,"column":67}},"94":{"start":{"line":284,"column":4},"end":{"line":284,"column":65}},"95":{"start":{"line":288,"column":4},"end":{"line":288,"column":65}},"96":{"start":{"line":292,"column":4},"end":{"line":292,"column":65}},"97":{"start":{"line":296,"column":4},"end":{"line":296,"column":70}},"98":{"start":{"line":300,"column":4},"end":{"line":300,"column":72}},"99":{"start":{"line":304,"column":4},"end":{"line":308,"column":6}},"100":{"start":{"line":312,"column":4},"end":{"line":312,"column":61}},"101":{"start":{"line":316,"column":4},"end":{"line":320,"column":6}},"102":{"start":{"line":324,"column":4},"end":{"line":328,"column":6}},"103":{"start":{"line":332,"column":4},"end":{"line":332,"column":66}},"104":{"start":{"line":336,"column":4},"end":{"line":336,"column":82}},"105":{"start":{"line":340,"column":4},"end":{"line":340,"column":83}},"106":{"start":{"line":344,"column":4},"end":{"line":344,"column":78}},"107":{"start":{"line":348,"column":4},"end":{"line":348,"column":58}},"108":{"start":{"line":352,"column":4},"end":{"line":352,"column":81}},"109":{"start":{"line":359,"column":1},"end":{"line":359,"column":15}}},"fnMap":{"0":{"name":"isUrlString","decl":{"start":{"line":62,"column":9},"end":{"line":62,"column":20}},"loc":{"start":{"line":62,"column":28},"end":{"line":70,"column":1}},"line":62},"1":{"name":"isBufferLikeEntry","decl":{"start":{"line":72,"column":9},"end":{"line":72,"column":26}},"loc":{"start":{"line":72,"column":34},"end":{"line":77,"column":1}},"line":72},"2":{"name":"isFileLikeEntry","decl":{"start":{"line":79,"column":9},"end":{"line":79,"column":24}},"loc":{"start":{"line":79,"column":32},"end":{"line":84,"column":1}},"line":79},"3":{"name":"(anonymous_3)","decl":{"start":{"line":88,"column":2},"end":{"line":88,"column":3}},"loc":{"start":{"line":88,"column":75},"end":{"line":99,"column":3}},"line":88},"4":{"name":"(anonymous_4)","decl":{"start":{"line":101,"column":2},"end":{"line":101,"column":3}},"loc":{"start":{"line":101,"column":18},"end":{"line":104,"column":3}},"line":101},"5":{"name":"(anonymous_5)","decl":{"start":{"line":108,"column":2},"end":{"line":108,"column":3}},"loc":{"start":{"line":108,"column":30},"end":{"line":110,"column":3}},"line":108},"6":{"name":"(anonymous_6)","decl":{"start":{"line":111,"column":2},"end":{"line":111,"column":3}},"loc":{"start":{"line":111,"column":32},"end":{"line":113,"column":3}},"line":111},"7":{"name":"(anonymous_7)","decl":{"start":{"line":114,"column":2},"end":{"line":114,"column":3}},"loc":{"start":{"line":114,"column":32},"end":{"line":116,"column":3}},"line":114},"8":{"name":"(anonymous_8)","decl":{"start":{"line":118,"column":2},"end":{"line":118,"column":3}},"loc":{"start":{"line":118,"column":46},"end":{"line":120,"column":3}},"line":118},"9":{"name":"(anonymous_9)","decl":{"start":{"line":121,"column":2},"end":{"line":121,"column":3}},"loc":{"start":{"line":121,"column":51},"end":{"line":123,"column":3}},"line":121},"10":{"name":"(anonymous_10)","decl":{"start":{"line":125,"column":2},"end":{"line":125,"column":3}},"loc":{"start":{"line":125,"column":32},"end":{"line":127,"column":3}},"line":125},"11":{"name":"(anonymous_11)","decl":{"start":{"line":128,"column":2},"end":{"line":128,"column":3}},"loc":{"start":{"line":128,"column":34},"end":{"line":130,"column":3}},"line":128},"12":{"name":"(anonymous_12)","decl":{"start":{"line":135,"column":2},"end":{"line":135,"column":3}},"loc":{"start":{"line":135,"column":34},"end":{"line":137,"column":3}},"line":135},"13":{"name":"(anonymous_13)","decl":{"start":{"line":138,"column":2},"end":{"line":138,"column":3}},"loc":{"start":{"line":138,"column":36},"end":{"line":140,"column":3}},"line":138},"14":{"name":"(anonymous_14)","decl":{"start":{"line":142,"column":2},"end":{"line":142,"column":3}},"loc":{"start":{"line":142,"column":50},"end":{"line":144,"column":3}},"line":142},"15":{"name":"(anonymous_15)","decl":{"start":{"line":145,"column":2},"end":{"line":145,"column":3}},"loc":{"start":{"line":145,"column":55},"end":{"line":147,"column":3}},"line":145},"16":{"name":"(anonymous_16)","decl":{"start":{"line":149,"column":2},"end":{"line":149,"column":3}},"loc":{"start":{"line":149,"column":36},"end":{"line":151,"column":3}},"line":149},"17":{"name":"(anonymous_17)","decl":{"start":{"line":152,"column":2},"end":{"line":152,"column":3}},"loc":{"start":{"line":152,"column":38},"end":{"line":154,"column":3}},"line":152},"18":{"name":"(anonymous_18)","decl":{"start":{"line":157,"column":2},"end":{"line":157,"column":3}},"loc":{"start":{"line":157,"column":38},"end":{"line":165,"column":3}},"line":157},"19":{"name":"(anonymous_19)","decl":{"start":{"line":169,"column":2},"end":{"line":169,"column":3}},"loc":{"start":{"line":169,"column":69},"end":{"line":198,"column":3}},"line":169},"20":{"name":"(anonymous_20)","decl":{"start":{"line":174,"column":38},"end":{"line":174,"column":39}},"loc":{"start":{"line":174,"column":48},"end":{"line":174,"column":93}},"line":174},"21":{"name":"(anonymous_21)","decl":{"start":{"line":175,"column":39},"end":{"line":175,"column":40}},"loc":{"start":{"line":175,"column":49},"end":{"line":175,"column":95}},"line":175},"22":{"name":"(anonymous_22)","decl":{"start":{"line":180,"column":21},"end":{"line":180,"column":22}},"loc":{"start":{"line":180,"column":31},"end":{"line":180,"column":76}},"line":180},"23":{"name":"(anonymous_23)","decl":{"start":{"line":184,"column":21},"end":{"line":184,"column":22}},"loc":{"start":{"line":184,"column":31},"end":{"line":184,"column":95}},"line":184},"24":{"name":"(anonymous_24)","decl":{"start":{"line":185,"column":44},"end":{"line":185,"column":45}},"loc":{"start":{"line":185,"column":54},"end":{"line":185,"column":62}},"line":185},"25":{"name":"(anonymous_25)","decl":{"start":{"line":188,"column":21},"end":{"line":188,"column":22}},"loc":{"start":{"line":188,"column":31},"end":{"line":188,"column":54}},"line":188},"26":{"name":"(anonymous_26)","decl":{"start":{"line":193,"column":21},"end":{"line":193,"column":22}},"loc":{"start":{"line":193,"column":31},"end":{"line":193,"column":52}},"line":193},"27":{"name":"(anonymous_27)","decl":{"start":{"line":201,"column":2},"end":{"line":201,"column":3}},"loc":{"start":{"line":201,"column":70},"end":{"line":240,"column":3}},"line":201},"28":{"name":"(anonymous_28)","decl":{"start":{"line":249,"column":2},"end":{"line":249,"column":3}},"loc":{"start":{"line":249,"column":38},"end":{"line":276,"column":3}},"line":249},"29":{"name":"(anonymous_29)","decl":{"start":{"line":279,"column":2},"end":{"line":279,"column":3}},"loc":{"start":{"line":279,"column":52},"end":{"line":281,"column":3}},"line":279},"30":{"name":"(anonymous_30)","decl":{"start":{"line":283,"column":2},"end":{"line":283,"column":3}},"loc":{"start":{"line":283,"column":38},"end":{"line":285,"column":3}},"line":283},"31":{"name":"(anonymous_31)","decl":{"start":{"line":287,"column":2},"end":{"line":287,"column":3}},"loc":{"start":{"line":287,"column":35},"end":{"line":289,"column":3}},"line":287},"32":{"name":"(anonymous_32)","decl":{"start":{"line":291,"column":2},"end":{"line":291,"column":3}},"loc":{"start":{"line":291,"column":36},"end":{"line":293,"column":3}},"line":291},"33":{"name":"(anonymous_33)","decl":{"start":{"line":295,"column":2},"end":{"line":295,"column":3}},"loc":{"start":{"line":295,"column":43},"end":{"line":297,"column":3}},"line":295},"34":{"name":"(anonymous_34)","decl":{"start":{"line":299,"column":2},"end":{"line":299,"column":3}},"loc":{"start":{"line":299,"column":49},"end":{"line":301,"column":3}},"line":299},"35":{"name":"(anonymous_35)","decl":{"start":{"line":303,"column":2},"end":{"line":303,"column":3}},"loc":{"start":{"line":303,"column":52},"end":{"line":309,"column":3}},"line":303},"36":{"name":"(anonymous_36)","decl":{"start":{"line":311,"column":2},"end":{"line":311,"column":3}},"loc":{"start":{"line":311,"column":56},"end":{"line":313,"column":3}},"line":311},"37":{"name":"(anonymous_37)","decl":{"start":{"line":315,"column":2},"end":{"line":315,"column":3}},"loc":{"start":{"line":315,"column":56},"end":{"line":321,"column":3}},"line":315},"38":{"name":"(anonymous_38)","decl":{"start":{"line":323,"column":2},"end":{"line":323,"column":3}},"loc":{"start":{"line":323,"column":54},"end":{"line":329,"column":3}},"line":323},"39":{"name":"(anonymous_39)","decl":{"start":{"line":331,"column":2},"end":{"line":331,"column":3}},"loc":{"start":{"line":331,"column":48},"end":{"line":333,"column":3}},"line":331},"40":{"name":"(anonymous_40)","decl":{"start":{"line":335,"column":2},"end":{"line":335,"column":3}},"loc":{"start":{"line":335,"column":55},"end":{"line":337,"column":3}},"line":335},"41":{"name":"(anonymous_41)","decl":{"start":{"line":339,"column":2},"end":{"line":339,"column":3}},"loc":{"start":{"line":339,"column":54},"end":{"line":341,"column":3}},"line":339},"42":{"name":"(anonymous_42)","decl":{"start":{"line":343,"column":2},"end":{"line":343,"column":3}},"loc":{"start":{"line":343,"column":62},"end":{"line":345,"column":3}},"line":343},"43":{"name":"(anonymous_43)","decl":{"start":{"line":347,"column":2},"end":{"line":347,"column":3}},"loc":{"start":{"line":347,"column":46},"end":{"line":349,"column":3}},"line":347},"44":{"name":"(anonymous_44)","decl":{"start":{"line":351,"column":2},"end":{"line":351,"column":3}},"loc":{"start":{"line":351,"column":53},"end":{"line":353,"column":3}},"line":351},"45":{"name":"(anonymous_45)","decl":{"start":{"line":358,"column":2},"end":{"line":358,"column":3}},"loc":{"start":{"line":358,"column":10},"end":{"line":360,"column":3}},"line":358}},"branchMap":{"0":{"loc":{"start":{"line":63,"column":2},"end":{"line":63,"column":63}},"type":"if","locations":[{"start":{"line":63,"column":2},"end":{"line":63,"column":63}},{"start":{},"end":{}}],"line":63},"1":{"loc":{"start":{"line":63,"column":6},"end":{"line":63,"column":48}},"type":"binary-expr","locations":[{"start":{"line":63,"column":6},"end":{"line":63,"column":31}},{"start":{"line":63,"column":35},"end":{"line":63,"column":48}}],"line":63},"2":{"loc":{"start":{"line":74,"column":4},"end":{"line":75,"column":61}},"type":"binary-expr","locations":[{"start":{"line":74,"column":4},"end":{"line":74,"column":26}},{"start":{"line":75,"column":5},"end":{"line":75,"column":10}},{"start":{"line":75,"column":14},"end":{"line":75,"column":39}},{"start":{"line":75,"column":43},"end":{"line":75,"column":60}}],"line":74},"3":{"loc":{"start":{"line":81,"column":4},"end":{"line":82,"column":86}},"type":"binary-expr","locations":[{"start":{"line":81,"column":4},"end":{"line":81,"column":29}},{"start":{"line":82,"column":5},"end":{"line":82,"column":10}},{"start":{"line":82,"column":14},"end":{"line":82,"column":39}},{"start":{"line":82,"column":44},"end":{"line":82,"column":63}},{"start":{"line":82,"column":67},"end":{"line":82,"column":84}}],"line":81},"4":{"loc":{"start":{"line":88,"column":14},"end":{"line":88,"column":73}},"type":"default-arg","locations":[{"start":{"line":88,"column":71},"end":{"line":88,"column":73}}],"line":88},"5":{"loc":{"start":{"line":88,"column":16},"end":{"line":88,"column":27}},"type":"default-arg","locations":[{"start":{"line":88,"column":25},"end":{"line":88,"column":27}}],"line":88},"6":{"loc":{"start":{"line":88,"column":29},"end":{"line":88,"column":52}},"type":"default-arg","locations":[{"start":{"line":88,"column":45},"end":{"line":88,"column":52}}],"line":88},"7":{"loc":{"start":{"line":88,"column":54},"end":{"line":88,"column":66}},"type":"default-arg","locations":[{"start":{"line":88,"column":62},"end":{"line":88,"column":66}}],"line":88},"8":{"loc":{"start":{"line":89,"column":4},"end":{"line":91,"column":5}},"type":"if","locations":[{"start":{"line":89,"column":4},"end":{"line":91,"column":5}},{"start":{},"end":{}}],"line":89},"9":{"loc":{"start":{"line":96,"column":4},"end":{"line":98,"column":5}},"type":"if","locations":[{"start":{"line":96,"column":4},"end":{"line":98,"column":5}},{"start":{},"end":{}}],"line":96},"10":{"loc":{"start":{"line":102,"column":4},"end":{"line":103,"column":28}},"type":"if","locations":[{"start":{"line":102,"column":4},"end":{"line":103,"column":28}},{"start":{},"end":{}}],"line":102},"11":{"loc":{"start":{"line":157,"column":24},"end":{"line":157,"column":36}},"type":"default-arg","locations":[{"start":{"line":157,"column":34},"end":{"line":157,"column":36}}],"line":157},"12":{"loc":{"start":{"line":159,"column":6},"end":{"line":159,"column":21}},"type":"default-arg","locations":[{"start":{"line":159,"column":17},"end":{"line":159,"column":21}}],"line":159},"13":{"loc":{"start":{"line":160,"column":6},"end":{"line":160,"column":24}},"type":"default-arg","locations":[{"start":{"line":160,"column":20},"end":{"line":160,"column":24}}],"line":160},"14":{"loc":{"start":{"line":162,"column":8},"end":{"line":162,"column":21}},"type":"binary-expr","locations":[{"start":{"line":162,"column":8},"end":{"line":162,"column":15}},{"start":{"line":162,"column":19},"end":{"line":162,"column":21}}],"line":162},"15":{"loc":{"start":{"line":170,"column":4},"end":{"line":172,"column":5}},"type":"if","locations":[{"start":{"line":170,"column":4},"end":{"line":172,"column":5}},{"start":{},"end":{}}],"line":170},"16":{"loc":{"start":{"line":170,"column":8},"end":{"line":170,"column":53}},"type":"binary-expr","locations":[{"start":{"line":170,"column":8},"end":{"line":170,"column":30}},{"start":{"line":170,"column":34},"end":{"line":170,"column":53}}],"line":170},"17":{"loc":{"start":{"line":174,"column":48},"end":{"line":174,"column":93}},"type":"binary-expr","locations":[{"start":{"line":174,"column":48},"end":{"line":174,"column":72}},{"start":{"line":174,"column":76},"end":{"line":174,"column":93}}],"line":174},"18":{"loc":{"start":{"line":175,"column":49},"end":{"line":175,"column":95}},"type":"binary-expr","locations":[{"start":{"line":175,"column":49},"end":{"line":175,"column":73}},{"start":{"line":175,"column":77},"end":{"line":175,"column":95}}],"line":175},"19":{"loc":{"start":{"line":176,"column":4},"end":{"line":178,"column":5}},"type":"if","locations":[{"start":{"line":176,"column":4},"end":{"line":178,"column":5}},{"start":{},"end":{}}],"line":176},"20":{"loc":{"start":{"line":176,"column":8},"end":{"line":176,"column":39}},"type":"binary-expr","locations":[{"start":{"line":176,"column":8},"end":{"line":176,"column":21}},{"start":{"line":176,"column":25},"end":{"line":176,"column":39}}],"line":176},"21":{"loc":{"start":{"line":180,"column":4},"end":{"line":182,"column":5}},"type":"if","locations":[{"start":{"line":180,"column":4},"end":{"line":182,"column":5}},{"start":{},"end":{}}],"line":180},"22":{"loc":{"start":{"line":180,"column":31},"end":{"line":180,"column":76}},"type":"binary-expr","locations":[{"start":{"line":180,"column":31},"end":{"line":180,"column":55}},{"start":{"line":180,"column":59},"end":{"line":180,"column":76}}],"line":180},"23":{"loc":{"start":{"line":184,"column":4},"end":{"line":186,"column":5}},"type":"if","locations":[{"start":{"line":184,"column":4},"end":{"line":186,"column":5}},{"start":{},"end":{}}],"line":184},"24":{"loc":{"start":{"line":184,"column":31},"end":{"line":184,"column":95}},"type":"binary-expr","locations":[{"start":{"line":184,"column":31},"end":{"line":184,"column":35}},{"start":{"line":184,"column":39},"end":{"line":184,"column":63}},{"start":{"line":184,"column":67},"end":{"line":184,"column":95}}],"line":184},"25":{"loc":{"start":{"line":188,"column":4},"end":{"line":191,"column":5}},"type":"if","locations":[{"start":{"line":188,"column":4},"end":{"line":191,"column":5}},{"start":{},"end":{}}],"line":188},"26":{"loc":{"start":{"line":189,"column":19},"end":{"line":189,"column":65}},"type":"binary-expr","locations":[{"start":{"line":189,"column":19},"end":{"line":189,"column":30}},{"start":{"line":189,"column":34},"end":{"line":189,"column":42}},{"start":{"line":189,"column":46},"end":{"line":189,"column":65}}],"line":189},"27":{"loc":{"start":{"line":193,"column":4},"end":{"line":195,"column":5}},"type":"if","locations":[{"start":{"line":193,"column":4},"end":{"line":195,"column":5}},{"start":{},"end":{}}],"line":193},"28":{"loc":{"start":{"line":203,"column":10},"end":{"line":203,"column":81}},"type":"cond-expr","locations":[{"start":{"line":203,"column":63},"end":{"line":203,"column":76}},{"start":{"line":203,"column":79},"end":{"line":203,"column":81}}],"line":203},"29":{"loc":{"start":{"line":203,"column":10},"end":{"line":203,"column":60}},"type":"binary-expr","locations":[{"start":{"line":203,"column":10},"end":{"line":203,"column":23}},{"start":{"line":203,"column":27},"end":{"line":203,"column":60}}],"line":203},"30":{"loc":{"start":{"line":207,"column":4},"end":{"line":209,"column":5}},"type":"if","locations":[{"start":{"line":207,"column":4},"end":{"line":209,"column":5}},{"start":{},"end":{}}],"line":207},"31":{"loc":{"start":{"line":210,"column":4},"end":{"line":212,"column":5}},"type":"if","locations":[{"start":{"line":210,"column":4},"end":{"line":212,"column":5}},{"start":{},"end":{}}],"line":210},"32":{"loc":{"start":{"line":214,"column":4},"end":{"line":216,"column":5}},"type":"if","locations":[{"start":{"line":214,"column":4},"end":{"line":216,"column":5}},{"start":{},"end":{}}],"line":214},"33":{"loc":{"start":{"line":217,"column":4},"end":{"line":219,"column":5}},"type":"if","locations":[{"start":{"line":217,"column":4},"end":{"line":219,"column":5}},{"start":{},"end":{}}],"line":217},"34":{"loc":{"start":{"line":220,"column":4},"end":{"line":222,"column":5}},"type":"if","locations":[{"start":{"line":220,"column":4},"end":{"line":222,"column":5}},{"start":{},"end":{}}],"line":220},"35":{"loc":{"start":{"line":223,"column":4},"end":{"line":228,"column":5}},"type":"if","locations":[{"start":{"line":223,"column":4},"end":{"line":228,"column":5}},{"start":{},"end":{}}],"line":223},"36":{"loc":{"start":{"line":224,"column":6},"end":{"line":226,"column":7}},"type":"if","locations":[{"start":{"line":224,"column":6},"end":{"line":226,"column":7}},{"start":{},"end":{}}],"line":224},"37":{"loc":{"start":{"line":230,"column":4},"end":{"line":233,"column":5}},"type":"if","locations":[{"start":{"line":230,"column":4},"end":{"line":233,"column":5}},{"start":{},"end":{}}],"line":230},"38":{"loc":{"start":{"line":231,"column":19},"end":{"line":231,"column":86}},"type":"binary-expr","locations":[{"start":{"line":231,"column":19},"end":{"line":231,"column":36}},{"start":{"line":231,"column":40},"end":{"line":231,"column":51}},{"start":{"line":231,"column":55},"end":{"line":231,"column":63}},{"start":{"line":231,"column":67},"end":{"line":231,"column":86}}],"line":231},"39":{"loc":{"start":{"line":234,"column":4},"end":{"line":237,"column":5}},"type":"if","locations":[{"start":{"line":234,"column":4},"end":{"line":237,"column":5}},{"start":{},"end":{}}],"line":234},"40":{"loc":{"start":{"line":235,"column":19},"end":{"line":235,"column":68}},"type":"binary-expr","locations":[{"start":{"line":235,"column":19},"end":{"line":235,"column":33}},{"start":{"line":235,"column":37},"end":{"line":235,"column":45}},{"start":{"line":235,"column":49},"end":{"line":235,"column":68}}],"line":235},"41":{"loc":{"start":{"line":249,"column":24},"end":{"line":249,"column":36}},"type":"default-arg","locations":[{"start":{"line":249,"column":34},"end":{"line":249,"column":36}}],"line":249},"42":{"loc":{"start":{"line":253,"column":4},"end":{"line":255,"column":5}},"type":"if","locations":[{"start":{"line":253,"column":4},"end":{"line":255,"column":5}},{"start":{},"end":{}}],"line":253},"43":{"loc":{"start":{"line":257,"column":4},"end":{"line":260,"column":5}},"type":"if","locations":[{"start":{"line":257,"column":4},"end":{"line":260,"column":5}},{"start":{},"end":{}}],"line":257},"44":{"loc":{"start":{"line":258,"column":19},"end":{"line":258,"column":50}},"type":"binary-expr","locations":[{"start":{"line":258,"column":19},"end":{"line":258,"column":27}},{"start":{"line":258,"column":31},"end":{"line":258,"column":50}}],"line":258},"45":{"loc":{"start":{"line":262,"column":4},"end":{"line":265,"column":5}},"type":"if","locations":[{"start":{"line":262,"column":4},"end":{"line":265,"column":5}},{"start":{},"end":{}}],"line":262},"46":{"loc":{"start":{"line":263,"column":6},"end":{"line":263,"column":75}},"type":"if","locations":[{"start":{"line":263,"column":6},"end":{"line":263,"column":75}},{"start":{},"end":{}}],"line":263},"47":{"loc":{"start":{"line":267,"column":4},"end":{"line":269,"column":5}},"type":"if","locations":[{"start":{"line":267,"column":4},"end":{"line":269,"column":5}},{"start":{},"end":{}}],"line":267},"48":{"loc":{"start":{"line":271,"column":4},"end":{"line":273,"column":5}},"type":"if","locations":[{"start":{"line":271,"column":4},"end":{"line":273,"column":5}},{"start":{},"end":{}}],"line":271},"49":{"loc":{"start":{"line":271,"column":8},"end":{"line":271,"column":42}},"type":"binary-expr","locations":[{"start":{"line":271,"column":8},"end":{"line":271,"column":13}},{"start":{"line":271,"column":17},"end":{"line":271,"column":42}}],"line":271},"50":{"loc":{"start":{"line":279,"column":38},"end":{"line":279,"column":50}},"type":"default-arg","locations":[{"start":{"line":279,"column":48},"end":{"line":279,"column":50}}],"line":279},"51":{"loc":{"start":{"line":283,"column":24},"end":{"line":283,"column":36}},"type":"default-arg","locations":[{"start":{"line":283,"column":34},"end":{"line":283,"column":36}}],"line":283},"52":{"loc":{"start":{"line":287,"column":21},"end":{"line":287,"column":33}},"type":"default-arg","locations":[{"start":{"line":287,"column":31},"end":{"line":287,"column":33}}],"line":287},"53":{"loc":{"start":{"line":291,"column":22},"end":{"line":291,"column":34}},"type":"default-arg","locations":[{"start":{"line":291,"column":32},"end":{"line":291,"column":34}}],"line":291},"54":{"loc":{"start":{"line":295,"column":29},"end":{"line":295,"column":41}},"type":"default-arg","locations":[{"start":{"line":295,"column":39},"end":{"line":295,"column":41}}],"line":295},"55":{"loc":{"start":{"line":299,"column":23},"end":{"line":299,"column":33}},"type":"default-arg","locations":[{"start":{"line":299,"column":32},"end":{"line":299,"column":33}}],"line":299},"56":{"loc":{"start":{"line":299,"column":35},"end":{"line":299,"column":47}},"type":"default-arg","locations":[{"start":{"line":299,"column":45},"end":{"line":299,"column":47}}],"line":299},"57":{"loc":{"start":{"line":303,"column":38},"end":{"line":303,"column":50}},"type":"default-arg","locations":[{"start":{"line":303,"column":48},"end":{"line":303,"column":50}}],"line":303},"58":{"loc":{"start":{"line":311,"column":42},"end":{"line":311,"column":54}},"type":"default-arg","locations":[{"start":{"line":311,"column":52},"end":{"line":311,"column":54}}],"line":311},"59":{"loc":{"start":{"line":315,"column":42},"end":{"line":315,"column":54}},"type":"default-arg","locations":[{"start":{"line":315,"column":52},"end":{"line":315,"column":54}}],"line":315},"60":{"loc":{"start":{"line":323,"column":40},"end":{"line":323,"column":52}},"type":"default-arg","locations":[{"start":{"line":323,"column":50},"end":{"line":323,"column":52}}],"line":323},"61":{"loc":{"start":{"line":331,"column":34},"end":{"line":331,"column":46}},"type":"default-arg","locations":[{"start":{"line":331,"column":44},"end":{"line":331,"column":46}}],"line":331},"62":{"loc":{"start":{"line":335,"column":25},"end":{"line":335,"column":39}},"type":"default-arg","locations":[{"start":{"line":335,"column":35},"end":{"line":335,"column":39}}],"line":335},"63":{"loc":{"start":{"line":335,"column":41},"end":{"line":335,"column":53}},"type":"default-arg","locations":[{"start":{"line":335,"column":51},"end":{"line":335,"column":53}}],"line":335},"64":{"loc":{"start":{"line":336,"column":54},"end":{"line":336,"column":69}},"type":"cond-expr","locations":[{"start":{"line":336,"column":64},"end":{"line":336,"column":65}},{"start":{"line":336,"column":68},"end":{"line":336,"column":69}}],"line":336},"65":{"loc":{"start":{"line":339,"column":24},"end":{"line":339,"column":38}},"type":"default-arg","locations":[{"start":{"line":339,"column":34},"end":{"line":339,"column":38}}],"line":339},"66":{"loc":{"start":{"line":339,"column":40},"end":{"line":339,"column":52}},"type":"default-arg","locations":[{"start":{"line":339,"column":50},"end":{"line":339,"column":52}}],"line":339},"67":{"loc":{"start":{"line":340,"column":55},"end":{"line":340,"column":70}},"type":"cond-expr","locations":[{"start":{"line":340,"column":65},"end":{"line":340,"column":66}},{"start":{"line":340,"column":69},"end":{"line":340,"column":70}}],"line":340},"68":{"loc":{"start":{"line":343,"column":32},"end":{"line":343,"column":46}},"type":"default-arg","locations":[{"start":{"line":343,"column":45},"end":{"line":343,"column":46}}],"line":343},"69":{"loc":{"start":{"line":343,"column":48},"end":{"line":343,"column":60}},"type":"default-arg","locations":[{"start":{"line":343,"column":58},"end":{"line":343,"column":60}}],"line":343},"70":{"loc":{"start":{"line":347,"column":32},"end":{"line":347,"column":44}},"type":"default-arg","locations":[{"start":{"line":347,"column":42},"end":{"line":347,"column":44}}],"line":347},"71":{"loc":{"start":{"line":351,"column":23},"end":{"line":351,"column":37}},"type":"default-arg","locations":[{"start":{"line":351,"column":33},"end":{"line":351,"column":37}}],"line":351},"72":{"loc":{"start":{"line":351,"column":39},"end":{"line":351,"column":51}},"type":"default-arg","locations":[{"start":{"line":351,"column":49},"end":{"line":351,"column":51}}],"line":351},"73":{"loc":{"start":{"line":352,"column":53},"end":{"line":352,"column":68}},"type":"cond-expr","locations":[{"start":{"line":352,"column":63},"end":{"line":352,"column":64}},{"start":{"line":352,"column":67},"end":{"line":352,"column":68}}],"line":352}},"s":{"0":5,"1":5,"2":19,"3":0,"4":19,"5":19,"6":2,"7":17,"8":0,"9":0,"10":7,"11":0,"12":7,"13":7,"14":7,"15":0,"16":1,"17":1,"18":2,"19":1,"20":0,"21":2,"22":1,"23":18,"24":1,"25":1,"26":1,"27":1,"28":1,"29":2,"30":1,"31":23,"32":23,"33":0,"34":0,"35":0,"36":0,"37":0,"38":0,"39":0,"40":0,"41":0,"42":0,"43":0,"44":0,"45":0,"46":0,"47":0,"48":0,"49":0,"50":0,"51":0,"52":0,"53":0,"54":0,"55":0,"56":2,"57":2,"58":0,"59":2,"60":0,"61":2,"62":0,"63":2,"64":0,"65":2,"66":0,"67":2,"68":2,"69":0,"70":2,"71":0,"72":0,"73":0,"74":0,"75":0,"76":0,"77":0,"78":23,"79":23,"80":0,"81":23,"82":2,"83":2,"84":21,"85":19,"86":2,"87":17,"88":2,"89":0,"90":2,"91":2,"92":0,"93":18,"94":1,"95":1,"96":1,"97":1,"98":2,"99":3,"100":1,"101":1,"102":1,"103":1,"104":1,"105":1,"106":3,"107":1,"108":1,"109":0},"f":{"0":19,"1":0,"2":0,"3":7,"4":1,"5":2,"6":1,"7":0,"8":2,"9":1,"10":18,"11":1,"12":1,"13":1,"14":1,"15":1,"16":2,"17":1,"18":23,"19":0,"20":0,"21":0,"22":0,"23":0,"24":0,"25":0,"26":0,"27":2,"28":23,"29":18,"30":1,"31":1,"32":1,"33":1,"34":2,"35":3,"36":1,"37":1,"38":1,"39":1,"40":1,"41":1,"42":3,"43":1,"44":1,"45":0},"b":{"0":[0,19],"1":[19,19],"2":[0,0,0,0],"3":[0,0,0,0,0],"4":[0],"5":[0],"6":[7],"7":[7],"8":[0,7],"9":[0,7],"10":[1,0],"11":[0],"12":[21],"13":[23],"14":[23,0],"15":[0,0],"16":[0,0],"17":[0,0],"18":[0,0],"19":[0,0],"20":[0,0],"21":[0,0],"22":[0,0],"23":[0,0],"24":[0,0,0],"25":[0,0],"26":[0,0,0],"27":[0,0],"28":[0,2],"29":[2,0],"30":[0,2],"31":[0,2],"32":[0,2],"33":[0,2],"34":[0,2],"35":[2,0],"36":[0,2],"37":[0,0],"38":[0,0,0,0],"39":[0,0],"40":[0,0,0],"41":[0],"42":[0,23],"43":[2,21],"44":[2,0],"45":[19,2],"46":[2,17],"47":[0,2],"48":[2,0],"49":[2,2],"50":[0],"51":[1],"52":[1],"53":[1],"54":[1],"55":[0],"56":[1],"57":[1],"58":[1],"59":[1],"60":[1],"61":[1],"62":[0],"63":[1],"64":[1,0],"65":[0],"66":[1],"67":[1,0],"68":[0],"69":[1],"70":[1],"71":[0],"72":[1],"73":[1,0]},"inputSourceMap":null,"_coverageSchema":"1a1c01bbd47fc00a2c39e90264f33305004495a9","hash":"2f229f36526efda0a4cf58fd1476de79110f401c"}
,"/home/nita/dev/node/shortpixelapi/components/common-utils.js": {"path":"/home/nita/dev/node/shortpixelapi/components/common-utils.js","statementMap":{"0":{"start":{"line":11,"column":2},"end":{"line":11,"column":47}},"1":{"start":{"line":11,"column":28},"end":{"line":11,"column":45}},"2":{"start":{"line":15,"column":2},"end":{"line":15,"column":54}},"3":{"start":{"line":15,"column":42},"end":{"line":15,"column":54}},"4":{"start":{"line":16,"column":2},"end":{"line":21,"column":3}},"5":{"start":{"line":17,"column":16},"end":{"line":17,"column":26}},"6":{"start":{"line":18,"column":4},"end":{"line":18,"column":26}},"7":{"start":{"line":20,"column":4},"end":{"line":20,"column":16}},"8":{"start":{"line":25,"column":21},"end":{"line":25,"column":42}},"9":{"start":{"line":26,"column":13},"end":{"line":26,"column":60}},"10":{"start":{"line":26,"column":30},"end":{"line":26,"column":48}},"11":{"start":{"line":28,"column":2},"end":{"line":34,"column":3}},"12":{"start":{"line":29,"column":4},"end":{"line":29,"column":71}},"13":{"start":{"line":31,"column":4},"end":{"line":31,"column":106}},"14":{"start":{"line":33,"column":4},"end":{"line":33,"column":21}},"15":{"start":{"line":38,"column":16},"end":{"line":38,"column":17}},"16":{"start":{"line":39,"column":16},"end":{"line":39,"column":20}},"17":{"start":{"line":41,"column":2},"end":{"line":73,"column":3}},"18":{"start":{"line":42,"column":4},"end":{"line":72,"column":5}},"19":{"start":{"line":43,"column":18},"end":{"line":43,"column":63}},"20":{"start":{"line":45,"column":6},"end":{"line":60,"column":7}},"21":{"start":{"line":46,"column":21},"end":{"line":46,"column":53}},"22":{"start":{"line":46,"column":50},"end":{"line":46,"column":52}},"23":{"start":{"line":49,"column":8},"end":{"line":54,"column":9}},"24":{"start":{"line":50,"column":10},"end":{"line":53,"column":13}},"25":{"start":{"line":56,"column":8},"end":{"line":59,"column":11}},"26":{"start":{"line":62,"column":6},"end":{"line":62,"column":37}},"27":{"start":{"line":64,"column":6},"end":{"line":64,"column":20}},"28":{"start":{"line":65,"column":24},"end":{"line":65,"column":63}},"29":{"start":{"line":67,"column":6},"end":{"line":67,"column":51}},"30":{"start":{"line":67,"column":45},"end":{"line":67,"column":51}},"31":{"start":{"line":69,"column":22},"end":{"line":69,"column":55}},"32":{"start":{"line":70,"column":6},"end":{"line":70,"column":27}},"33":{"start":{"line":71,"column":6},"end":{"line":71,"column":16}},"34":{"start":{"line":75,"column":2},"end":{"line":75,"column":76}},"35":{"start":{"line":79,"column":2},"end":{"line":81,"column":3}},"36":{"start":{"line":80,"column":4},"end":{"line":80,"column":101}},"37":{"start":{"line":82,"column":2},"end":{"line":82,"column":17}},"38":{"start":{"line":87,"column":13},"end":{"line":87,"column":17}},"39":{"start":{"line":89,"column":2},"end":{"line":97,"column":3}},"40":{"start":{"line":89,"column":15},"end":{"line":89,"column":16}},"41":{"start":{"line":90,"column":4},"end":{"line":90,"column":28}},"42":{"start":{"line":91,"column":17},"end":{"line":91,"column":43}},"43":{"start":{"line":93,"column":4},"end":{"line":93,"column":32}},"44":{"start":{"line":93,"column":20},"end":{"line":93,"column":32}},"45":{"start":{"line":94,"column":4},"end":{"line":94,"column":49}},"46":{"start":{"line":94,"column":20},"end":{"line":94,"column":49}},"47":{"start":{"line":96,"column":4},"end":{"line":96,"column":26}},"48":{"start":{"line":99,"column":17},"end":{"line":99,"column":48}},"49":{"start":{"line":100,"column":20},"end":{"line":100,"column":67}},"50":{"start":{"line":101,"column":2},"end":{"line":105,"column":5}},"51":{"start":{"line":109,"column":2},"end":{"line":111,"column":3}},"52":{"start":{"line":110,"column":4},"end":{"line":110,"column":101}},"53":{"start":{"line":112,"column":2},"end":{"line":112,"column":14}},"54":{"start":{"line":116,"column":37},"end":{"line":116,"column":66}},"55":{"start":{"line":119,"column":2},"end":{"line":127,"column":3}},"56":{"start":{"line":120,"column":19},"end":{"line":120,"column":41}},"57":{"start":{"line":121,"column":4},"end":{"line":124,"column":5}},"58":{"start":{"line":122,"column":19},"end":{"line":122,"column":45}},"59":{"start":{"line":123,"column":6},"end":{"line":123,"column":59}},"60":{"start":{"line":130,"column":14},"end":{"line":130,"column":50}},"61":{"start":{"line":131,"column":15},"end":{"line":131,"column":38}},"62":{"start":{"line":132,"column":15},"end":{"line":132,"column":37}},"63":{"start":{"line":133,"column":2},"end":{"line":133,"column":45}},"64":{"start":{"line":138,"column":14},"end":{"line":138,"column":46}},"65":{"start":{"line":139,"column":2},"end":{"line":139,"column":41}},"66":{"start":{"line":139,"column":22},"end":{"line":139,"column":41}},"67":{"start":{"line":140,"column":2},"end":{"line":140,"column":61}},"68":{"start":{"line":140,"column":41},"end":{"line":140,"column":61}},"69":{"start":{"line":141,"column":2},"end":{"line":141,"column":41}},"70":{"start":{"line":141,"column":22},"end":{"line":141,"column":41}},"71":{"start":{"line":142,"column":2},"end":{"line":142,"column":43}},"72":{"start":{"line":142,"column":23},"end":{"line":142,"column":43}},"73":{"start":{"line":143,"column":2},"end":{"line":143,"column":43}},"74":{"start":{"line":143,"column":23},"end":{"line":143,"column":43}},"75":{"start":{"line":144,"column":2},"end":{"line":144,"column":47}},"76":{"start":{"line":144,"column":22},"end":{"line":144,"column":47}},"77":{"start":{"line":145,"column":2},"end":{"line":145,"column":36}},"78":{"start":{"line":154,"column":2},"end":{"line":156,"column":3}},"79":{"start":{"line":155,"column":4},"end":{"line":155,"column":76}},"80":{"start":{"line":159,"column":2},"end":{"line":166,"column":3}},"81":{"start":{"line":160,"column":19},"end":{"line":160,"column":41}},"82":{"start":{"line":161,"column":4},"end":{"line":161,"column":68}},"83":{"start":{"line":163,"column":4},"end":{"line":165,"column":6}}},"fnMap":{"0":{"name":"sleep","decl":{"start":{"line":10,"column":16},"end":{"line":10,"column":21}},"loc":{"start":{"line":10,"column":26},"end":{"line":12,"column":1}},"line":10},"1":{"name":"(anonymous_1)","decl":{"start":{"line":11,"column":21},"end":{"line":11,"column":22}},"loc":{"start":{"line":11,"column":28},"end":{"line":11,"column":45}},"line":11},"2":{"name":"normalizeUrl","decl":{"start":{"line":14,"column":16},"end":{"line":14,"column":28}},"loc":{"start":{"line":14,"column":32},"end":{"line":22,"column":1}},"line":14},"3":{"name":"fetchWithTimeout","decl":{"start":{"line":24,"column":22},"end":{"line":24,"column":38}},"loc":{"start":{"line":24,"column":64},"end":{"line":35,"column":1}},"line":24},"4":{"name":"(anonymous_4)","decl":{"start":{"line":26,"column":24},"end":{"line":26,"column":25}},"loc":{"start":{"line":26,"column":30},"end":{"line":26,"column":48}},"line":26},"5":{"name":"requestJsonWithRetry","decl":{"start":{"line":37,"column":22},"end":{"line":37,"column":42}},"loc":{"start":{"line":37,"column":91},"end":{"line":76,"column":1}},"line":37},"6":{"name":"(anonymous_6)","decl":{"start":{"line":46,"column":44},"end":{"line":46,"column":45}},"loc":{"start":{"line":46,"column":50},"end":{"line":46,"column":52}},"line":46},"7":{"name":"pickFirstMeta","decl":{"start":{"line":78,"column":16},"end":{"line":78,"column":29}},"loc":{"start":{"line":78,"column":36},"end":{"line":83,"column":1}},"line":78},"8":{"name":"pollUntilReady","decl":{"start":{"line":86,"column":22},"end":{"line":86,"column":36}},"loc":{"start":{"line":86,"column":74},"end":{"line":106,"column":1}},"line":86},"9":{"name":"ensureMetaArray","decl":{"start":{"line":108,"column":16},"end":{"line":108,"column":31}},"loc":{"start":{"line":108,"column":38},"end":{"line":113,"column":1}},"line":108},"10":{"name":"fileFromDisk","decl":{"start":{"line":115,"column":22},"end":{"line":115,"column":34}},"loc":{"start":{"line":115,"column":45},"end":{"line":134,"column":1}},"line":115},"11":{"name":"mimeFromFilename","decl":{"start":{"line":137,"column":16},"end":{"line":137,"column":32}},"loc":{"start":{"line":137,"column":39},"end":{"line":146,"column":1}},"line":137},"12":{"name":"getWebFormDataAndFile","decl":{"start":{"line":152,"column":22},"end":{"line":152,"column":43}},"loc":{"start":{"line":152,"column":46},"end":{"line":167,"column":1}},"line":152}},"branchMap":{"0":{"loc":{"start":{"line":15,"column":2},"end":{"line":15,"column":54}},"type":"if","locations":[{"start":{"line":15,"column":2},"end":{"line":15,"column":54}},{"start":{},"end":{}}],"line":15},"1":{"loc":{"start":{"line":15,"column":6},"end":{"line":15,"column":40}},"type":"binary-expr","locations":[{"start":{"line":15,"column":6},"end":{"line":15,"column":27}},{"start":{"line":15,"column":31},"end":{"line":15,"column":40}}],"line":15},"2":{"loc":{"start":{"line":45,"column":6},"end":{"line":60,"column":7}},"type":"if","locations":[{"start":{"line":45,"column":6},"end":{"line":60,"column":7}},{"start":{},"end":{}}],"line":45},"3":{"loc":{"start":{"line":49,"column":8},"end":{"line":54,"column":9}},"type":"if","locations":[{"start":{"line":49,"column":8},"end":{"line":54,"column":9}},{"start":{},"end":{}}],"line":49},"4":{"loc":{"start":{"line":49,"column":12},"end":{"line":49,"column":74}},"type":"binary-expr","locations":[{"start":{"line":49,"column":12},"end":{"line":49,"column":30}},{"start":{"line":49,"column":35},"end":{"line":49,"column":52}},{"start":{"line":49,"column":56},"end":{"line":49,"column":73}}],"line":49},"5":{"loc":{"start":{"line":67,"column":6},"end":{"line":67,"column":51}},"type":"if","locations":[{"start":{"line":67,"column":6},"end":{"line":67,"column":51}},{"start":{},"end":{}}],"line":67},"6":{"loc":{"start":{"line":67,"column":10},"end":{"line":67,"column":43}},"type":"binary-expr","locations":[{"start":{"line":67,"column":10},"end":{"line":67,"column":20}},{"start":{"line":67,"column":24},"end":{"line":67,"column":43}}],"line":67},"7":{"loc":{"start":{"line":75,"column":8},"end":{"line":75,"column":75}},"type":"binary-expr","locations":[{"start":{"line":75,"column":8},"end":{"line":75,"column":15}},{"start":{"line":75,"column":19},"end":{"line":75,"column":75}}],"line":75},"8":{"loc":{"start":{"line":79,"column":2},"end":{"line":81,"column":3}},"type":"if","locations":[{"start":{"line":79,"column":2},"end":{"line":81,"column":3}},{"start":{},"end":{}}],"line":79},"9":{"loc":{"start":{"line":79,"column":6},"end":{"line":79,"column":47}},"type":"binary-expr","locations":[{"start":{"line":79,"column":6},"end":{"line":79,"column":26}},{"start":{"line":79,"column":30},"end":{"line":79,"column":47}}],"line":79},"10":{"loc":{"start":{"line":93,"column":4},"end":{"line":93,"column":32}},"type":"if","locations":[{"start":{"line":93,"column":4},"end":{"line":93,"column":32}},{"start":{},"end":{}}],"line":93},"11":{"loc":{"start":{"line":94,"column":4},"end":{"line":94,"column":49}},"type":"if","locations":[{"start":{"line":94,"column":4},"end":{"line":94,"column":49}},{"start":{},"end":{}}],"line":94},"12":{"loc":{"start":{"line":99,"column":24},"end":{"line":99,"column":47}},"type":"binary-expr","locations":[{"start":{"line":99,"column":24},"end":{"line":99,"column":42}},{"start":{"line":99,"column":46},"end":{"line":99,"column":47}}],"line":99},"13":{"loc":{"start":{"line":100,"column":20},"end":{"line":100,"column":67}},"type":"binary-expr","locations":[{"start":{"line":100,"column":20},"end":{"line":100,"column":41}},{"start":{"line":100,"column":45},"end":{"line":100,"column":67}}],"line":100},"14":{"loc":{"start":{"line":109,"column":2},"end":{"line":111,"column":3}},"type":"if","locations":[{"start":{"line":109,"column":2},"end":{"line":111,"column":3}},{"start":{},"end":{}}],"line":109},"15":{"loc":{"start":{"line":109,"column":6},"end":{"line":109,"column":47}},"type":"binary-expr","locations":[{"start":{"line":109,"column":6},"end":{"line":109,"column":26}},{"start":{"line":109,"column":30},"end":{"line":109,"column":47}}],"line":109},"16":{"loc":{"start":{"line":121,"column":4},"end":{"line":124,"column":5}},"type":"if","locations":[{"start":{"line":121,"column":4},"end":{"line":124,"column":5}},{"start":{},"end":{}}],"line":121},"17":{"loc":{"start":{"line":139,"column":2},"end":{"line":139,"column":41}},"type":"if","locations":[{"start":{"line":139,"column":2},"end":{"line":139,"column":41}},{"start":{},"end":{}}],"line":139},"18":{"loc":{"start":{"line":140,"column":2},"end":{"line":140,"column":61}},"type":"if","locations":[{"start":{"line":140,"column":2},"end":{"line":140,"column":61}},{"start":{},"end":{}}],"line":140},"19":{"loc":{"start":{"line":140,"column":6},"end":{"line":140,"column":39}},"type":"binary-expr","locations":[{"start":{"line":140,"column":6},"end":{"line":140,"column":20}},{"start":{"line":140,"column":24},"end":{"line":140,"column":39}}],"line":140},"20":{"loc":{"start":{"line":141,"column":2},"end":{"line":141,"column":41}},"type":"if","locations":[{"start":{"line":141,"column":2},"end":{"line":141,"column":41}},{"start":{},"end":{}}],"line":141},"21":{"loc":{"start":{"line":142,"column":2},"end":{"line":142,"column":43}},"type":"if","locations":[{"start":{"line":142,"column":2},"end":{"line":142,"column":43}},{"start":{},"end":{}}],"line":142},"22":{"loc":{"start":{"line":143,"column":2},"end":{"line":143,"column":43}},"type":"if","locations":[{"start":{"line":143,"column":2},"end":{"line":143,"column":43}},{"start":{},"end":{}}],"line":143},"23":{"loc":{"start":{"line":144,"column":2},"end":{"line":144,"column":47}},"type":"if","locations":[{"start":{"line":144,"column":2},"end":{"line":144,"column":47}},{"start":{},"end":{}}],"line":144},"24":{"loc":{"start":{"line":154,"column":2},"end":{"line":156,"column":3}},"type":"if","locations":[{"start":{"line":154,"column":2},"end":{"line":156,"column":3}},{"start":{},"end":{}}],"line":154},"25":{"loc":{"start":{"line":154,"column":6},"end":{"line":154,"column":44}},"type":"binary-expr","locations":[{"start":{"line":154,"column":6},"end":{"line":154,"column":25}},{"start":{"line":154,"column":29},"end":{"line":154,"column":44}}],"line":154}},"s":{"0":13,"1":13,"2":4,"3":0,"4":4,"5":4,"6":4,"7":0,"8":67,"9":67,"10":0,"11":67,"12":67,"13":0,"14":66,"15":40,"16":40,"17":40,"18":40,"19":40,"20":39,"21":0,"22":0,"23":0,"24":0,"25":0,"26":39,"27":0,"28":0,"29":0,"30":0,"31":0,"32":0,"33":0,"34":0,"35":0,"36":0,"37":0,"38":0,"39":0,"40":0,"41":0,"42":0,"43":0,"44":0,"45":0,"46":0,"47":0,"48":0,"49":0,"50":0,"51":39,"52":0,"53":39,"54":20,"55":20,"56":20,"57":0,"58":0,"59":0,"60":20,"61":20,"62":20,"63":20,"64":24,"65":24,"66":24,"67":0,"68":0,"69":0,"70":0,"71":0,"72":0,"73":0,"74":0,"75":0,"76":0,"77":0,"78":42,"79":42,"80":0,"81":0,"82":0,"83":0},"f":{"0":13,"1":13,"2":4,"3":67,"4":0,"5":40,"6":0,"7":0,"8":0,"9":39,"10":20,"11":24,"12":42},"b":{"0":[0,4],"1":[4,4],"2":[0,39],"3":[0,0],"4":[0,0,0],"5":[0,0],"6":[0,0],"7":[0,0],"8":[0,0],"9":[0,0],"10":[0,0],"11":[0,0],"12":[0,0],"13":[0,0],"14":[0,39],"15":[39,39],"16":[0,0],"17":[24,0],"18":[0,0],"19":[0,0],"20":[0,0],"21":[0,0],"22":[0,0],"23":[0,0],"24":[42,0],"25":[42,42]},"inputSourceMap":null,"_coverageSchema":"1a1c01bbd47fc00a2c39e90264f33305004495a9","hash":"66cd807d9f5ea17767e07fab079373fd054984af"}
,"/home/nita/dev/node/shortpixelapi/components/config.js": {"path":"/home/nita/dev/node/shortpixelapi/components/config.js","statementMap":{"0":{"start":{"line":1,"column":22},"end":{"line":16,"column":1}},"1":{"start":{"line":20,"column":2},"end":{"line":20,"column":84}}},"fnMap":{},"branchMap":{"0":{"loc":{"start":{"line":20,"column":2},"end":{"line":20,"column":84}},"type":"binary-expr","locations":[{"start":{"line":20,"column":2},"end":{"line":20,"column":32}},{"start":{"line":20,"column":37},"end":{"line":20,"column":83}}],"line":20}},"s":{"0":5,"1":5},"f":{},"b":{"0":[5,5]},"inputSourceMap":null,"_coverageSchema":"1a1c01bbd47fc00a2c39e90264f33305004495a9","hash":"2bbb8386b9ea7db65a514f2087cf36beb010991a"}
,"/home/nita/dev/node/shortpixelapi/components/error-utils.js": {"path":"/home/nita/dev/node/shortpixelapi/components/error-utils.js","statementMap":{"0":{"start":{"line":9,"column":4},"end":{"line":9,"column":19}},"1":{"start":{"line":10,"column":4},"end":{"line":10,"column":34}},"2":{"start":{"line":11,"column":4},"end":{"line":11,"column":33}},"3":{"start":{"line":12,"column":4},"end":{"line":12,"column":25}},"4":{"start":{"line":13,"column":4},"end":{"line":13,"column":31}},"5":{"start":{"line":14,"column":4},"end":{"line":14,"column":27}},"6":{"start":{"line":15,"column":4},"end":{"line":15,"column":23}},"7":{"start":{"line":20,"column":4},"end":{"line":20,"column":25}},"8":{"start":{"line":21,"column":4},"end":{"line":21,"column":38}},"9":{"start":{"line":26,"column":4},"end":{"line":26,"column":25}},"10":{"start":{"line":27,"column":4},"end":{"line":27,"column":39}},"11":{"start":{"line":32,"column":4},"end":{"line":32,"column":25}},"12":{"start":{"line":33,"column":4},"end":{"line":33,"column":43}},"13":{"start":{"line":38,"column":4},"end":{"line":38,"column":25}},"14":{"start":{"line":39,"column":4},"end":{"line":39,"column":48}},"15":{"start":{"line":45,"column":4},"end":{"line":45,"column":25}},"16":{"start":{"line":46,"column":4},"end":{"line":46,"column":39}},"17":{"start":{"line":47,"column":4},"end":{"line":47,"column":23}}},"fnMap":{"0":{"name":"(anonymous_0)","decl":{"start":{"line":5,"column":2},"end":{"line":5,"column":3}},"loc":{"start":{"line":8,"column":4},"end":{"line":16,"column":3}},"line":8},"1":{"name":"(anonymous_1)","decl":{"start":{"line":19,"column":2},"end":{"line":19,"column":3}},"loc":{"start":{"line":19,"column":34},"end":{"line":22,"column":3}},"line":19},"2":{"name":"(anonymous_2)","decl":{"start":{"line":25,"column":2},"end":{"line":25,"column":3}},"loc":{"start":{"line":25,"column":34},"end":{"line":28,"column":3}},"line":25},"3":{"name":"(anonymous_3)","decl":{"start":{"line":31,"column":2},"end":{"line":31,"column":3}},"loc":{"start":{"line":31,"column":34},"end":{"line":34,"column":3}},"line":31},"4":{"name":"(anonymous_4)","decl":{"start":{"line":37,"column":2},"end":{"line":37,"column":3}},"loc":{"start":{"line":37,"column":34},"end":{"line":40,"column":3}},"line":37},"5":{"name":"(anonymous_5)","decl":{"start":{"line":44,"column":2},"end":{"line":44,"column":3}},"loc":{"start":{"line":44,"column":53},"end":{"line":48,"column":3}},"line":44}},"branchMap":{"0":{"loc":{"start":{"line":7,"column":4},"end":{"line":7,"column":93}},"type":"default-arg","locations":[{"start":{"line":7,"column":91},"end":{"line":7,"column":93}}],"line":7},"1":{"loc":{"start":{"line":7,"column":6},"end":{"line":7,"column":23}},"type":"default-arg","locations":[{"start":{"line":7,"column":19},"end":{"line":7,"column":23}}],"line":7},"2":{"loc":{"start":{"line":7,"column":25},"end":{"line":7,"column":38}},"type":"default-arg","locations":[{"start":{"line":7,"column":34},"end":{"line":7,"column":38}}],"line":7},"3":{"loc":{"start":{"line":7,"column":40},"end":{"line":7,"column":56}},"type":"default-arg","locations":[{"start":{"line":7,"column":52},"end":{"line":7,"column":56}}],"line":7},"4":{"loc":{"start":{"line":7,"column":58},"end":{"line":7,"column":72}},"type":"default-arg","locations":[{"start":{"line":7,"column":68},"end":{"line":7,"column":72}}],"line":7},"5":{"loc":{"start":{"line":7,"column":74},"end":{"line":7,"column":86}},"type":"default-arg","locations":[{"start":{"line":7,"column":82},"end":{"line":7,"column":86}}],"line":7},"6":{"loc":{"start":{"line":19,"column":23},"end":{"line":19,"column":32}},"type":"default-arg","locations":[{"start":{"line":19,"column":30},"end":{"line":19,"column":32}}],"line":19},"7":{"loc":{"start":{"line":25,"column":23},"end":{"line":25,"column":32}},"type":"default-arg","locations":[{"start":{"line":25,"column":30},"end":{"line":25,"column":32}}],"line":25},"8":{"loc":{"start":{"line":31,"column":23},"end":{"line":31,"column":32}},"type":"default-arg","locations":[{"start":{"line":31,"column":30},"end":{"line":31,"column":32}}],"line":31},"9":{"loc":{"start":{"line":37,"column":23},"end":{"line":37,"column":32}},"type":"default-arg","locations":[{"start":{"line":37,"column":30},"end":{"line":37,"column":32}}],"line":37},"10":{"loc":{"start":{"line":44,"column":23},"end":{"line":44,"column":51}},"type":"default-arg","locations":[{"start":{"line":44,"column":49},"end":{"line":44,"column":51}}],"line":44},"11":{"loc":{"start":{"line":44,"column":25},"end":{"line":44,"column":35}},"type":"default-arg","locations":[{"start":{"line":44,"column":33},"end":{"line":44,"column":35}}],"line":44}},"s":{"0":0,"1":0,"2":0,"3":0,"4":0,"5":0,"6":0,"7":0,"8":0,"9":0,"10":0,"11":0,"12":0,"13":0,"14":0,"15":0,"16":0,"17":0},"f":{"0":0,"1":0,"2":0,"3":0,"4":0,"5":0},"b":{"0":[0],"1":[0],"2":[0],"3":[0],"4":[0],"5":[0],"6":[0],"7":[0],"8":[0],"9":[0],"10":[0],"11":[0]},"inputSourceMap":null,"_coverageSchema":"1a1c01bbd47fc00a2c39e90264f33305004495a9","hash":"102ab6438c48b010aac57658eafe7306281d50d0"}
,"/home/nita/dev/node/shortpixelapi/components/reducer.js": {"path":"/home/nita/dev/node/shortpixelapi/components/reducer.js","statementMap":{},"fnMap":{},"branchMap":{},"s":{},"f":{},"b":{},"inputSourceMap":null,"_coverageSchema":"1a1c01bbd47fc00a2c39e90264f33305004495a9","hash":"94f48cad549f5297af8c00487ac0dd63626e9fa1"}
,"/home/nita/dev/node/shortpixelapi/components/spcode-utils.js": {"path":"/home/nita/dev/node/shortpixelapi/components/spcode-utils.js","statementMap":{"0":{"start":{"line":10,"column":2},"end":{"line":10,"column":76}},"1":{"start":{"line":10,"column":38},"end":{"line":10,"column":76}},"2":{"start":{"line":11,"column":2},"end":{"line":11,"column":77}},"3":{"start":{"line":11,"column":38},"end":{"line":11,"column":77}},"4":{"start":{"line":14,"column":2},"end":{"line":15,"column":46}},"5":{"start":{"line":15,"column":4},"end":{"line":15,"column":46}},"6":{"start":{"line":18,"column":2},"end":{"line":24,"column":45}},"7":{"start":{"line":24,"column":4},"end":{"line":24,"column":45}},"8":{"start":{"line":26,"column":2},"end":{"line":26,"column":58}},"9":{"start":{"line":26,"column":16},"end":{"line":26,"column":58}},"10":{"start":{"line":27,"column":2},"end":{"line":27,"column":38}},"11":{"start":{"line":31,"column":2},"end":{"line":31,"column":36}},"12":{"start":{"line":35,"column":17},"end":{"line":35,"column":32}},"13":{"start":{"line":36,"column":20},"end":{"line":36,"column":71}},"14":{"start":{"line":37,"column":15},"end":{"line":37,"column":63}},"15":{"start":{"line":39,"column":14},"end":{"line":39,"column":38}},"16":{"start":{"line":40,"column":2},"end":{"line":40,"column":103}},"17":{"start":{"line":40,"column":27},"end":{"line":40,"column":103}},"18":{"start":{"line":41,"column":2},"end":{"line":41,"column":106}},"19":{"start":{"line":41,"column":28},"end":{"line":41,"column":106}},"20":{"start":{"line":42,"column":2},"end":{"line":43,"column":95}},"21":{"start":{"line":43,"column":4},"end":{"line":43,"column":95}},"22":{"start":{"line":44,"column":2},"end":{"line":45,"column":90}},"23":{"start":{"line":45,"column":4},"end":{"line":45,"column":90}},"24":{"start":{"line":47,"column":2},"end":{"line":47,"column":69}}},"fnMap":{"0":{"name":"classifyBySpCode","decl":{"start":{"line":9,"column":16},"end":{"line":9,"column":32}},"loc":{"start":{"line":9,"column":39},"end":{"line":28,"column":1}},"line":9},"1":{"name":"getSpCode","decl":{"start":{"line":30,"column":16},"end":{"line":30,"column":25}},"loc":{"start":{"line":30,"column":32},"end":{"line":32,"column":1}},"line":30},"2":{"name":"buildErrorFromSp","decl":{"start":{"line":34,"column":16},"end":{"line":34,"column":32}},"loc":{"start":{"line":34,"column":57},"end":{"line":48,"column":1}},"line":34}},"branchMap":{"0":{"loc":{"start":{"line":10,"column":2},"end":{"line":10,"column":76}},"type":"if","locations":[{"start":{"line":10,"column":2},"end":{"line":10,"column":76}},{"start":{},"end":{}}],"line":10},"1":{"loc":{"start":{"line":10,"column":6},"end":{"line":10,"column":36}},"type":"binary-expr","locations":[{"start":{"line":10,"column":6},"end":{"line":10,"column":19}},{"start":{"line":10,"column":23},"end":{"line":10,"column":36}}],"line":10},"2":{"loc":{"start":{"line":11,"column":2},"end":{"line":11,"column":77}},"type":"if","locations":[{"start":{"line":11,"column":2},"end":{"line":11,"column":77}},{"start":{},"end":{}}],"line":11},"3":{"loc":{"start":{"line":11,"column":6},"end":{"line":11,"column":36}},"type":"binary-expr","locations":[{"start":{"line":11,"column":6},"end":{"line":11,"column":19}},{"start":{"line":11,"column":23},"end":{"line":11,"column":36}}],"line":11},"4":{"loc":{"start":{"line":14,"column":2},"end":{"line":15,"column":46}},"type":"if","locations":[{"start":{"line":14,"column":2},"end":{"line":15,"column":46}},{"start":{},"end":{}}],"line":14},"5":{"loc":{"start":{"line":14,"column":6},"end":{"line":14,"column":87}},"type":"binary-expr","locations":[{"start":{"line":14,"column":6},"end":{"line":14,"column":19}},{"start":{"line":14,"column":23},"end":{"line":14,"column":36}},{"start":{"line":14,"column":40},"end":{"line":14,"column":53}},{"start":{"line":14,"column":57},"end":{"line":14,"column":70}},{"start":{"line":14,"column":74},"end":{"line":14,"column":87}}],"line":14},"6":{"loc":{"start":{"line":18,"column":2},"end":{"line":24,"column":45}},"type":"if","locations":[{"start":{"line":18,"column":2},"end":{"line":24,"column":45}},{"start":{},"end":{}}],"line":18},"7":{"loc":{"start":{"line":26,"column":2},"end":{"line":26,"column":58}},"type":"if","locations":[{"start":{"line":26,"column":2},"end":{"line":26,"column":58}},{"start":{},"end":{}}],"line":26},"8":{"loc":{"start":{"line":34,"column":39},"end":{"line":34,"column":55}},"type":"default-arg","locations":[{"start":{"line":34,"column":52},"end":{"line":34,"column":55}}],"line":34},"9":{"loc":{"start":{"line":36,"column":20},"end":{"line":36,"column":71}},"type":"binary-expr","locations":[{"start":{"line":36,"column":20},"end":{"line":36,"column":41}},{"start":{"line":36,"column":45},"end":{"line":36,"column":71}}],"line":36},"10":{"loc":{"start":{"line":40,"column":2},"end":{"line":40,"column":103}},"type":"if","locations":[{"start":{"line":40,"column":2},"end":{"line":40,"column":103}},{"start":{},"end":{}}],"line":40},"11":{"loc":{"start":{"line":41,"column":2},"end":{"line":41,"column":106}},"type":"if","locations":[{"start":{"line":41,"column":2},"end":{"line":41,"column":106}},{"start":{},"end":{}}],"line":41},"12":{"loc":{"start":{"line":42,"column":2},"end":{"line":43,"column":95}},"type":"if","locations":[{"start":{"line":42,"column":2},"end":{"line":43,"column":95}},{"start":{},"end":{}}],"line":42},"13":{"loc":{"start":{"line":44,"column":2},"end":{"line":45,"column":90}},"type":"if","locations":[{"start":{"line":44,"column":2},"end":{"line":45,"column":90}},{"start":{},"end":{}}],"line":44}},"s":{"0":0,"1":0,"2":0,"3":0,"4":0,"5":0,"6":0,"7":0,"8":0,"9":0,"10":0,"11":104,"12":0,"13":0,"14":0,"15":0,"16":0,"17":0,"18":0,"19":0,"20":0,"21":0,"22":0,"23":0,"24":0},"f":{"0":0,"1":104,"2":0},"b":{"0":[0,0],"1":[0,0],"2":[0,0],"3":[0,0],"4":[0,0],"5":[0,0,0,0,0],"6":[0,0],"7":[0,0],"8":[0],"9":[0,0],"10":[0,0],"11":[0,0],"12":[0,0],"13":[0,0]},"inputSourceMap":null,"_coverageSchema":"1a1c01bbd47fc00a2c39e90264f33305004495a9","hash":"b4bc78247f337f7bb141e86eec698ae280292318"}
,"/home/nita/dev/node/shortpixelapi/components/validate-utils.js": {"path":"/home/nita/dev/node/shortpixelapi/components/validate-utils.js","statementMap":{"0":{"start":{"line":9,"column":2},"end":{"line":11,"column":3}},"1":{"start":{"line":10,"column":4},"end":{"line":10,"column":96}},"2":{"start":{"line":12,"column":2},"end":{"line":14,"column":3}},"3":{"start":{"line":13,"column":4},"end":{"line":13,"column":96}},"4":{"start":{"line":15,"column":2},"end":{"line":19,"column":3}},"5":{"start":{"line":16,"column":4},"end":{"line":18,"column":7}},"6":{"start":{"line":23,"column":2},"end":{"line":25,"column":3}},"7":{"start":{"line":24,"column":4},"end":{"line":24,"column":100}},"8":{"start":{"line":26,"column":2},"end":{"line":30,"column":3}},"9":{"start":{"line":27,"column":4},"end":{"line":29,"column":7}},"10":{"start":{"line":35,"column":2},"end":{"line":44,"column":3}},"11":{"start":{"line":36,"column":14},"end":{"line":36,"column":74}},"12":{"start":{"line":37,"column":14},"end":{"line":37,"column":76}},"13":{"start":{"line":38,"column":4},"end":{"line":43,"column":5}},"14":{"start":{"line":39,"column":6},"end":{"line":42,"column":8}},"15":{"start":{"line":47,"column":2},"end":{"line":52,"column":3}},"16":{"start":{"line":48,"column":15},"end":{"line":48,"column":35}},"17":{"start":{"line":49,"column":4},"end":{"line":51,"column":5}},"18":{"start":{"line":50,"column":6},"end":{"line":50,"column":98}},"19":{"start":{"line":55,"column":2},"end":{"line":60,"column":3}},"20":{"start":{"line":56,"column":14},"end":{"line":56,"column":31}},"21":{"start":{"line":57,"column":4},"end":{"line":59,"column":5}},"22":{"start":{"line":58,"column":6},"end":{"line":58,"column":98}},"23":{"start":{"line":64,"column":22},"end":{"line":64,"column":75}},"24":{"start":{"line":65,"column":15},"end":{"line":65,"column":31}},"25":{"start":{"line":66,"column":2},"end":{"line":74,"column":3}},"26":{"start":{"line":67,"column":4},"end":{"line":67,"column":28}},"27":{"start":{"line":69,"column":4},"end":{"line":73,"column":7}},"28":{"start":{"line":78,"column":2},"end":{"line":78,"column":29}},"29":{"start":{"line":78,"column":22},"end":{"line":78,"column":29}},"30":{"start":{"line":79,"column":2},"end":{"line":81,"column":3}},"31":{"start":{"line":80,"column":4},"end":{"line":80,"column":92}},"32":{"start":{"line":82,"column":2},"end":{"line":84,"column":3}},"33":{"start":{"line":83,"column":4},"end":{"line":83,"column":98}}},"fnMap":{"0":{"name":"validateConfig","decl":{"start":{"line":8,"column":16},"end":{"line":8,"column":30}},"loc":{"start":{"line":8,"column":33},"end":{"line":20,"column":1}},"line":8},"1":{"name":"ensureUrlList","decl":{"start":{"line":22,"column":16},"end":{"line":22,"column":29}},"loc":{"start":{"line":22,"column":36},"end":{"line":31,"column":1}},"line":22},"2":{"name":"validateOptions","decl":{"start":{"line":33,"column":16},"end":{"line":33,"column":31}},"loc":{"start":{"line":33,"column":43},"end":{"line":61,"column":1}},"line":33},"3":{"name":"readJsonSafe","decl":{"start":{"line":63,"column":22},"end":{"line":63,"column":34}},"loc":{"start":{"line":63,"column":40},"end":{"line":75,"column":1}},"line":63},"4":{"name":"validatePollConfig","decl":{"start":{"line":77,"column":16},"end":{"line":77,"column":34}},"loc":{"start":{"line":77,"column":41},"end":{"line":85,"column":1}},"line":77}},"branchMap":{"0":{"loc":{"start":{"line":9,"column":2},"end":{"line":11,"column":3}},"type":"if","locations":[{"start":{"line":9,"column":2},"end":{"line":11,"column":3}},{"start":{},"end":{}}],"line":9},"1":{"loc":{"start":{"line":9,"column":6},"end":{"line":9,"column":73}},"type":"binary-expr","locations":[{"start":{"line":9,"column":6},"end":{"line":9,"column":17}},{"start":{"line":9,"column":21},"end":{"line":9,"column":51}},{"start":{"line":9,"column":55},"end":{"line":9,"column":73}}],"line":9},"2":{"loc":{"start":{"line":12,"column":2},"end":{"line":14,"column":3}},"type":"if","locations":[{"start":{"line":12,"column":2},"end":{"line":14,"column":3}},{"start":{},"end":{}}],"line":12},"3":{"loc":{"start":{"line":12,"column":6},"end":{"line":12,"column":73}},"type":"binary-expr","locations":[{"start":{"line":12,"column":6},"end":{"line":12,"column":28}},{"start":{"line":12,"column":32},"end":{"line":12,"column":73}}],"line":12},"4":{"loc":{"start":{"line":15,"column":2},"end":{"line":19,"column":3}},"type":"if","locations":[{"start":{"line":15,"column":2},"end":{"line":19,"column":3}},{"start":{},"end":{}}],"line":15},"5":{"loc":{"start":{"line":23,"column":2},"end":{"line":25,"column":3}},"type":"if","locations":[{"start":{"line":23,"column":2},"end":{"line":25,"column":3}},{"start":{},"end":{}}],"line":23},"6":{"loc":{"start":{"line":23,"column":6},"end":{"line":23,"column":47}},"type":"binary-expr","locations":[{"start":{"line":23,"column":6},"end":{"line":23,"column":26}},{"start":{"line":23,"column":30},"end":{"line":23,"column":47}}],"line":23},"7":{"loc":{"start":{"line":26,"column":2},"end":{"line":30,"column":3}},"type":"if","locations":[{"start":{"line":26,"column":2},"end":{"line":30,"column":3}},{"start":{},"end":{}}],"line":26},"8":{"loc":{"start":{"line":33,"column":32},"end":{"line":33,"column":41}},"type":"default-arg","locations":[{"start":{"line":33,"column":39},"end":{"line":33,"column":41}}],"line":33},"9":{"loc":{"start":{"line":35,"column":2},"end":{"line":44,"column":3}},"type":"if","locations":[{"start":{"line":35,"column":2},"end":{"line":44,"column":3}},{"start":{},"end":{}}],"line":35},"10":{"loc":{"start":{"line":35,"column":6},"end":{"line":35,"column":44}},"type":"binary-expr","locations":[{"start":{"line":35,"column":6},"end":{"line":35,"column":17}},{"start":{"line":35,"column":21},"end":{"line":35,"column":44}}],"line":35},"11":{"loc":{"start":{"line":36,"column":14},"end":{"line":36,"column":74}},"type":"cond-expr","locations":[{"start":{"line":36,"column":42},"end":{"line":36,"column":67}},{"start":{"line":36,"column":70},"end":{"line":36,"column":74}}],"line":36},"12":{"loc":{"start":{"line":37,"column":14},"end":{"line":37,"column":76}},"type":"cond-expr","locations":[{"start":{"line":37,"column":43},"end":{"line":37,"column":69}},{"start":{"line":37,"column":72},"end":{"line":37,"column":76}}],"line":37},"13":{"loc":{"start":{"line":38,"column":4},"end":{"line":43,"column":5}},"type":"if","locations":[{"start":{"line":38,"column":4},"end":{"line":43,"column":5}},{"start":{},"end":{}}],"line":38},"14":{"loc":{"start":{"line":38,"column":8},"end":{"line":38,"column":40}},"type":"binary-expr","locations":[{"start":{"line":38,"column":9},"end":{"line":38,"column":11}},{"start":{"line":38,"column":15},"end":{"line":38,"column":21}},{"start":{"line":38,"column":27},"end":{"line":38,"column":29}},{"start":{"line":38,"column":33},"end":{"line":38,"column":39}}],"line":38},"15":{"loc":{"start":{"line":47,"column":2},"end":{"line":52,"column":3}},"type":"if","locations":[{"start":{"line":47,"column":2},"end":{"line":52,"column":3}},{"start":{},"end":{}}],"line":47},"16":{"loc":{"start":{"line":49,"column":4},"end":{"line":51,"column":5}},"type":"if","locations":[{"start":{"line":49,"column":4},"end":{"line":51,"column":5}},{"start":{},"end":{}}],"line":49},"17":{"loc":{"start":{"line":55,"column":2},"end":{"line":60,"column":3}},"type":"if","locations":[{"start":{"line":55,"column":2},"end":{"line":60,"column":3}},{"start":{},"end":{}}],"line":55},"18":{"loc":{"start":{"line":57,"column":4},"end":{"line":59,"column":5}},"type":"if","locations":[{"start":{"line":57,"column":4},"end":{"line":59,"column":5}},{"start":{},"end":{}}],"line":57},"19":{"loc":{"start":{"line":57,"column":8},"end":{"line":57,"column":42}},"type":"binary-expr","locations":[{"start":{"line":57,"column":8},"end":{"line":57,"column":23}},{"start":{"line":57,"column":27},"end":{"line":57,"column":32}},{"start":{"line":57,"column":36},"end":{"line":57,"column":42}}],"line":57},"20":{"loc":{"start":{"line":64,"column":23},"end":{"line":64,"column":60}},"type":"binary-expr","locations":[{"start":{"line":64,"column":23},"end":{"line":64,"column":54}},{"start":{"line":64,"column":58},"end":{"line":64,"column":60}}],"line":64},"21":{"loc":{"start":{"line":78,"column":2},"end":{"line":78,"column":29}},"type":"if","locations":[{"start":{"line":78,"column":2},"end":{"line":78,"column":29}},{"start":{},"end":{}}],"line":78},"22":{"loc":{"start":{"line":79,"column":2},"end":{"line":81,"column":3}},"type":"if","locations":[{"start":{"line":79,"column":2},"end":{"line":81,"column":3}},{"start":{},"end":{}}],"line":79},"23":{"loc":{"start":{"line":79,"column":6},"end":{"line":79,"column":66}},"type":"binary-expr","locations":[{"start":{"line":79,"column":6},"end":{"line":79,"column":41}},{"start":{"line":79,"column":45},"end":{"line":79,"column":66}}],"line":79},"24":{"loc":{"start":{"line":82,"column":2},"end":{"line":84,"column":3}},"type":"if","locations":[{"start":{"line":82,"column":2},"end":{"line":84,"column":3}},{"start":{},"end":{}}],"line":82},"25":{"loc":{"start":{"line":82,"column":6},"end":{"line":82,"column":59}},"type":"binary-expr","locations":[{"start":{"line":82,"column":6},"end":{"line":82,"column":38}},{"start":{"line":82,"column":42},"end":{"line":82,"column":59}}],"line":82}},"s":{"0":25,"1":0,"2":25,"3":0,"4":25,"5":0,"6":18,"7":0,"8":18,"9":0,"10":25,"11":4,"12":4,"13":4,"14":0,"15":25,"16":1,"17":1,"18":0,"19":25,"20":1,"21":1,"22":0,"23":39,"24":39,"25":39,"26":39,"27":0,"28":25,"29":0,"30":25,"31":0,"32":25,"33":0},"f":{"0":25,"1":18,"2":25,"3":39,"4":25},"b":{"0":[0,25],"1":[25,25,25],"2":[0,25],"3":[25,25],"4":[0,25],"5":[0,18],"6":[18,18],"7":[0,18],"8":[0],"9":[4,21],"10":[25,4],"11":[4,0],"12":[4,0],"13":[0,4],"14":[4,4,0,0],"15":[1,24],"16":[0,1],"17":[1,24],"18":[0,1],"19":[1,1,1],"20":[39,0],"21":[0,25],"22":[0,25],"23":[25,25],"24":[0,25],"25":[25,25]},"inputSourceMap":null,"_coverageSchema":"1a1c01bbd47fc00a2c39e90264f33305004495a9","hash":"2f125823195dbb53b89ba5af0069f7e7ba055008"}
,"/home/nita/dev/node/shortpixelapi/components/reducer/constants.js": {"path":"/home/nita/dev/node/shortpixelapi/components/reducer/constants.js","statementMap":{"0":{"start":{"line":2,"column":20},"end":{"line":2,"column":63}},"1":{"start":{"line":3,"column":25},"end":{"line":3,"column":73}}},"fnMap":{},"branchMap":{},"s":{"0":5,"1":5},"f":{},"b":{},"inputSourceMap":null,"_coverageSchema":"1a1c01bbd47fc00a2c39e90264f33305004495a9","hash":"51f60b9e581b9009df00e41398eff13b5c9c5a23"}
,"/home/nita/dev/node/shortpixelapi/components/reducer/pick-best-output-url.js": {"path":"/home/nita/dev/node/shortpixelapi/components/reducer/pick-best-output-url.js","statementMap":{"0":{"start":{"line":3,"column":20},"end":{"line":3,"column":76}},"1":{"start":{"line":4,"column":16},"end":{"line":4,"column":39}},"2":{"start":{"line":6,"column":20},"end":{"line":6,"column":46}},"3":{"start":{"line":7,"column":20},"end":{"line":7,"column":46}},"4":{"start":{"line":9,"column":15},"end":{"line":13,"column":3}},"5":{"start":{"line":10,"column":4},"end":{"line":10,"column":68}},"6":{"start":{"line":10,"column":52},"end":{"line":10,"column":68}},"7":{"start":{"line":11,"column":4},"end":{"line":11,"column":64}},"8":{"start":{"line":11,"column":45},"end":{"line":11,"column":64}},"9":{"start":{"line":12,"column":4},"end":{"line":12,"column":16}},"10":{"start":{"line":15,"column":2},"end":{"line":18,"column":3}},"11":{"start":{"line":16,"column":16},"end":{"line":16,"column":61}},"12":{"start":{"line":17,"column":4},"end":{"line":17,"column":24}},"13":{"start":{"line":17,"column":13},"end":{"line":17,"column":24}},"14":{"start":{"line":19,"column":2},"end":{"line":22,"column":3}},"15":{"start":{"line":20,"column":16},"end":{"line":20,"column":61}},"16":{"start":{"line":21,"column":4},"end":{"line":21,"column":24}},"17":{"start":{"line":21,"column":13},"end":{"line":21,"column":24}},"18":{"start":{"line":25,"column":2},"end":{"line":25,"column":47}}},"fnMap":{"0":{"name":"pickBestOutputUrl","decl":{"start":{"line":1,"column":9},"end":{"line":1,"column":26}},"loc":{"start":{"line":1,"column":44},"end":{"line":26,"column":1}},"line":1},"1":{"name":"(anonymous_1)","decl":{"start":{"line":9,"column":15},"end":{"line":9,"column":16}},"loc":{"start":{"line":9,"column":42},"end":{"line":13,"column":3}},"line":9}},"branchMap":{"0":{"loc":{"start":{"line":1,"column":33},"end":{"line":1,"column":42}},"type":"default-arg","locations":[{"start":{"line":1,"column":40},"end":{"line":1,"column":42}}],"line":1},"1":{"loc":{"start":{"line":3,"column":20},"end":{"line":3,"column":76}},"type":"cond-expr","locations":[{"start":{"line":3,"column":57},"end":{"line":3,"column":71}},{"start":{"line":3,"column":74},"end":{"line":3,"column":76}}],"line":3},"2":{"loc":{"start":{"line":4,"column":23},"end":{"line":4,"column":38}},"type":"binary-expr","locations":[{"start":{"line":4,"column":23},"end":{"line":4,"column":33}},{"start":{"line":4,"column":37},"end":{"line":4,"column":38}}],"line":4},"3":{"loc":{"start":{"line":10,"column":4},"end":{"line":10,"column":68}},"type":"if","locations":[{"start":{"line":10,"column":4},"end":{"line":10,"column":68}},{"start":{},"end":{}}],"line":10},"4":{"loc":{"start":{"line":10,"column":8},"end":{"line":10,"column":50}},"type":"binary-expr","locations":[{"start":{"line":10,"column":8},"end":{"line":10,"column":17}},{"start":{"line":10,"column":21},"end":{"line":10,"column":29}},{"start":{"line":10,"column":33},"end":{"line":10,"column":50}}],"line":10},"5":{"loc":{"start":{"line":11,"column":4},"end":{"line":11,"column":64}},"type":"if","locations":[{"start":{"line":11,"column":4},"end":{"line":11,"column":64}},{"start":{},"end":{}}],"line":11},"6":{"loc":{"start":{"line":11,"column":8},"end":{"line":11,"column":43}},"type":"binary-expr","locations":[{"start":{"line":11,"column":8},"end":{"line":11,"column":19}},{"start":{"line":11,"column":23},"end":{"line":11,"column":43}}],"line":11},"7":{"loc":{"start":{"line":15,"column":2},"end":{"line":18,"column":3}},"type":"if","locations":[{"start":{"line":15,"column":2},"end":{"line":18,"column":3}},{"start":{},"end":{}}],"line":15},"8":{"loc":{"start":{"line":17,"column":4},"end":{"line":17,"column":24}},"type":"if","locations":[{"start":{"line":17,"column":4},"end":{"line":17,"column":24}},{"start":{},"end":{}}],"line":17},"9":{"loc":{"start":{"line":19,"column":2},"end":{"line":22,"column":3}},"type":"if","locations":[{"start":{"line":19,"column":2},"end":{"line":22,"column":3}},{"start":{},"end":{}}],"line":19},"10":{"loc":{"start":{"line":21,"column":4},"end":{"line":21,"column":24}},"type":"if","locations":[{"start":{"line":21,"column":4},"end":{"line":21,"column":24}},{"start":{},"end":{}}],"line":21}},"s":{"0":27,"1":27,"2":27,"3":27,"4":27,"5":27,"6":26,"7":1,"8":1,"9":0,"10":27,"11":0,"12":0,"13":0,"14":27,"15":1,"16":1,"17":1,"18":26},"f":{"0":27,"1":27},"b":{"0":[0],"1":[1,26],"2":[27,11],"3":[26,1],"4":[27,26,26],"5":[1,0],"6":[1,1],"7":[0,27],"8":[0,0],"9":[1,26],"10":[1,0]},"inputSourceMap":null,"_coverageSchema":"1a1c01bbd47fc00a2c39e90264f33305004495a9","hash":"ea5f912466fa6ab9394ec0e6fd6ea93e9fe54c80"}
,"/home/nita/dev/node/shortpixelapi/components/reducer/source.js": {"path":"/home/nita/dev/node/shortpixelapi/components/reducer/source.js","statementMap":{"0":{"start":{"line":78,"column":4},"end":{"line":78,"column":19}},"1":{"start":{"line":79,"column":4},"end":{"line":79,"column":50}},"2":{"start":{"line":80,"column":4},"end":{"line":80,"column":25}},"3":{"start":{"line":81,"column":4},"end":{"line":81,"column":29}},"4":{"start":{"line":82,"column":4},"end":{"line":82,"column":22}},"5":{"start":{"line":83,"column":4},"end":{"line":83,"column":53}},"6":{"start":{"line":87,"column":4},"end":{"line":87,"column":26}},"7":{"start":{"line":88,"column":4},"end":{"line":88,"column":28}},"8":{"start":{"line":94,"column":6},"end":{"line":94,"column":95}},"9":{"start":{"line":96,"column":4},"end":{"line":98,"column":5}},"10":{"start":{"line":97,"column":6},"end":{"line":97,"column":60}},"11":{"start":{"line":99,"column":4},"end":{"line":99,"column":24}},"12":{"start":{"line":105,"column":4},"end":{"line":105,"column":48}},"13":{"start":{"line":106,"column":4},"end":{"line":106,"column":16}},"14":{"start":{"line":116,"column":4},"end":{"line":116,"column":21}},"15":{"start":{"line":117,"column":4},"end":{"line":117,"column":36}},"16":{"start":{"line":119,"column":29},"end":{"line":119,"column":56}},"17":{"start":{"line":120,"column":64},"end":{"line":120,"column":86}},"18":{"start":{"line":124,"column":22},"end":{"line":126,"column":36}},"19":{"start":{"line":128,"column":4},"end":{"line":130,"column":5}},"20":{"start":{"line":129,"column":6},"end":{"line":129,"column":109}},"21":{"start":{"line":132,"column":27},"end":{"line":138,"column":6}},"22":{"start":{"line":133,"column":25},"end":{"line":133,"column":40}},"23":{"start":{"line":134,"column":6},"end":{"line":136,"column":7}},"24":{"start":{"line":135,"column":8},"end":{"line":135,"column":118}},"25":{"start":{"line":137,"column":6},"end":{"line":137,"column":35}},"26":{"start":{"line":141,"column":4},"end":{"line":141,"column":38}},"27":{"start":{"line":144,"column":26},"end":{"line":151,"column":5}},"28":{"start":{"line":145,"column":6},"end":{"line":150,"column":7}},"29":{"start":{"line":146,"column":23},"end":{"line":146,"column":33}},"30":{"start":{"line":147,"column":8},"end":{"line":147,"column":60}},"31":{"start":{"line":149,"column":8},"end":{"line":149,"column":20}},"32":{"start":{"line":154,"column":21},"end":{"line":177,"column":5}},"33":{"start":{"line":155,"column":22},"end":{"line":161,"column":7}},"34":{"start":{"line":164,"column":6},"end":{"line":164,"column":37}},"35":{"start":{"line":166,"column":19},"end":{"line":174,"column":7}},"36":{"start":{"line":176,"c
[...]
:13}},{"start":{"line":427,"column":17},"end":{"line":427,"column":39}}],"line":427},"60":{"loc":{"start":{"line":441,"column":23},"end":{"line":441,"column":56}},"type":"binary-expr","locations":[{"start":{"line":441,"column":23},"end":{"line":441,"column":29}},{"start":{"line":441,"column":33},"end":{"line":441,"column":56}}],"line":441},"61":{"loc":{"start":{"line":445,"column":6},"end":{"line":445,"column":54}},"type":"if","locations":[{"start":{"line":445,"column":6},"end":{"line":445,"column":54}},{"start":{},"end":{}}],"line":445},"62":{"loc":{"start":{"line":472,"column":8},"end":{"line":472,"column":67}},"type":"if","locations":[{"start":{"line":472,"column":8},"end":{"line":472,"column":67}},{"start":{},"end":{}}],"line":472},"63":{"loc":{"start":{"line":472,"column":12},"end":{"line":472,"column":36}},"type":"binary-expr","locations":[{"start":{"line":472,"column":12},"end":{"line":472,"column":22}},{"start":{"line":472,"column":26},"end":{"line":472,"column":36}}],"line":472},"64":{"loc":{"start":{"line":475,"column":8},"end":{"line":475,"column":52}},"type":"if","locations":[{"start":{"line":475,"column":8},"end":{"line":475,"column":52}},{"start":{},"end":{}}],"line":475},"65":{"loc":{"start":{"line":475,"column":12},"end":{"line":475,"column":41}},"type":"binary-expr","locations":[{"start":{"line":475,"column":12},"end":{"line":475,"column":15}},{"start":{"line":475,"column":19},"end":{"line":475,"column":41}}],"line":475},"66":{"loc":{"start":{"line":478,"column":8},"end":{"line":478,"column":34}},"type":"if","locations":[{"start":{"line":478,"column":8},"end":{"line":478,"column":34}},{"start":{},"end":{}}],"line":478},"67":{"loc":{"start":{"line":481,"column":8},"end":{"line":481,"column":37}},"type":"if","locations":[{"start":{"line":481,"column":8},"end":{"line":481,"column":37}},{"start":{},"end":{}}],"line":481},"68":{"loc":{"start":{"line":484,"column":47},"end":{"line":484,"column":80}},"type":"binary-expr","locations":[{"start":{"line":484,"column":47},"end":{"line":484,"column":53}},{"start":{"line":484,"column":57},"end":{"line":484,"column":80}}],"line":484},"69":{"loc":{"start":{"line":485,"column":6},"end":{"line":485,"column":31}},"type":"if","locations":[{"start":{"line":485,"column":6},"end":{"line":485,"column":31}},{"start":{},"end":{}}],"line":485},"70":{"loc":{"start":{"line":491,"column":52},"end":{"line":491,"column":85}},"type":"binary-expr","locations":[{"start":{"line":491,"column":52},"end":{"line":491,"column":58}},{"start":{"line":491,"column":62},"end":{"line":491,"column":85}}],"line":491},"71":{"loc":{"start":{"line":492,"column":4},"end":{"line":497,"column":5}},"type":"if","locations":[{"start":{"line":492,"column":4},"end":{"line":497,"column":5}},{"start":{},"end":{}}],"line":492},"72":{"loc":{"start":{"line":517,"column":30},"end":{"line":517,"column":63}},"type":"default-arg","locations":[{"start":{"line":517,"column":61},"end":{"line":517,"column":63}}],"line":517},"73":{"loc":{"start":{"line":517,"column":32},"end":{"line":517,"column":56}},"type":"default-arg","locations":[{"start":{"line":517,"column":42},"end":{"line":517,"column":56}}],"line":517},"74":{"loc":{"start":{"line":519,"column":4},"end":{"line":524,"column":5}},"type":"if","locations":[{"start":{"line":519,"column":4},"end":{"line":524,"column":5}},{"start":{},"end":{}}],"line":519},"75":{"loc":{"start":{"line":519,"column":8},"end":{"line":519,"column":72}},"type":"binary-expr","locations":[{"start":{"line":519,"column":8},"end":{"line":519,"column":18}},{"start":{"line":519,"column":22},"end":{"line":519,"column":51}},{"start":{"line":519,"column":55},"end":{"line":519,"column":72}}],"line":519},"76":{"loc":{"start":{"line":526,"column":4},"end":{"line":531,"column":5}},"type":"if","locations":[{"start":{"line":526,"column":4},"end":{"line":531,"column":5}},{"start":{},"end":{}}],"line":526},"77":{"loc":{"start":{"line":526,"column":8},"end":{"line":526,"column":64}},"type":"binary-expr","locations":[{"start":{"line":526,"column":8},"end":{"line":526,"column":38}},{"start":{"line":526,"column":42},"end":{"line":526,"column":64}}],"line":526},"78":{"loc":{"start":{"line":539,"column":6},"end":{"line":539,"column":44}},"type":"if","locations":[{"start":{"line":539,"column":6},"end":{"line":539,"column":44}},{"start":{},"end":{}}],"line":539},"79":{"loc":{"start":{"line":540,"column":6},"end":{"line":540,"column":40}},"type":"if","locations":[{"start":{"line":540,"column":6},"end":{"line":540,"column":40}},{"start":{},"end":{}}],"line":540},"80":{"loc":{"start":{"line":541,"column":6},"end":{"line":541,"column":38}},"type":"if","locations":[{"start":{"line":541,"column":6},"end":{"line":541,"column":38}},{"start":{},"end":{}}],"line":541},"81":{"loc":{"start":{"line":546,"column":16},"end":{"line":546,"column":82}},"type":"cond-expr","locations":[{"start":{"line":546,"column":51},"end":{"line":546,"column":77}},{"start":{"line":546,"column":80},"end":{"line":546,"column":82}}],"line":546},"82":{"loc":{"start":{"line":547,"column":6},"end":{"line":547,"column":26}},"type":"if","locations":[{"start":{"line":547,"column":6},"end":{"line":547,"column":26}},{"start":{},"end":{}}],"line":547},"83":{"loc":{"start":{"line":548,"column":6},"end":{"line":548,"column":44}},"type":"if","locations":[{"start":{"line":548,"column":6},"end":{"line":548,"column":44}},{"start":{},"end":{}}],"line":548},"84":{"loc":{"start":{"line":549,"column":6},"end":{"line":549,"column":44}},"type":"if","locations":[{"start":{"line":549,"column":6},"end":{"line":549,"column":44}},{"start":{},"end":{}}],"line":549},"85":{"loc":{"start":{"line":550,"column":6},"end":{"line":550,"column":42}},"type":"if","locations":[{"start":{"line":550,"column":6},"end":{"line":550,"column":42}},{"start":{},"end":{}}],"line":550},"86":{"loc":{"start":{"line":551,"column":6},"end":{"line":551,"column":44}},"type":"if","locations":[{"start":{"line":551,"column":6},"end":{"line":551,"column":44}},{"start":{},"end":{}}],"line":551},"87":{"loc":{"start":{"line":552,"column":6},"end":{"line":552,"column":42}},"type":"if","locations":[{"start":{"line":552,"column":6},"end":{"line":552,"column":42}},{"start":{},"end":{}}],"line":552},"88":{"loc":{"start":{"line":561,"column":6},"end":{"line":563,"column":7}},"type":"if","locations":[{"start":{"line":561,"column":6},"end":{"line":563,"column":7}},{"start":{},"end":{}}],"line":561},"89":{"loc":{"start":{"line":567,"column":6},"end":{"line":574,"column":7}},"type":"if","locations":[{"start":{"line":567,"column":6},"end":{"line":574,"column":7}},{"start":{},"end":{}}],"line":567},"90":{"loc":{"start":{"line":578,"column":22},"end":{"line":578,"column":53}},"type":"binary-expr","locations":[{"start":{"line":578,"column":22},"end":{"line":578,"column":47}},{"start":{"line":578,"column":51},"end":{"line":578,"column":53}}],"line":578},"91":{"loc":{"start":{"line":579,"column":26},"end":{"line":579,"column":56}},"type":"binary-expr","locations":[{"start":{"line":579,"column":26},"end":{"line":579,"column":48}},{"start":{"line":579,"column":52},"end":{"line":579,"column":56}}],"line":579},"92":{"loc":{"start":{"line":581,"column":24},"end":{"line":581,"column":60}},"type":"binary-expr","locations":[{"start":{"line":581,"column":24},"end":{"line":581,"column":52}},{"start":{"line":581,"column":56},"end":{"line":581,"column":60}}],"line":581},"93":{"loc":{"start":{"line":583,"column":8},"end":{"line":600,"column":12}},"type":"binary-expr","locations":[{"start":{"line":583,"column":9},"end":{"line":583,"column":31}},{"start":{"line":583,"column":35},"end":{"line":583,"column":71}},{"start":{"line":584,"column":9},"end":{"line":584,"column":24}},{"start":{"line":584,"column":28},"end":{"line":584,"column":57}},{"start":{"line":585,"column":9},"end":{"line":585,"column":28}},{"start":{"line":585,"column":32},"end":{"line":585,"column":65}},{"start":{"line":586,"column":9},"end":{"line":586,"column":23}},{"start":{"line":586,"column":27},"end":{"line":592,"column":12}},{"start":{"line":593,"column":9},"end":{"line":593,"column":26}},{"start":{"line":593,"column":30},"end":{"line":599,"column":12}},{"start":{"line":600,"column":8},"end":{"line":600,"column":12}}],"line":583},"94":{"loc":{"start":{"line":588,"column":33},"end":{"line":588,"column":70}},"type":"binary-expr","locations":[{"start":{"line":588,"column":33},"end":{"line":588,"column":64}},{"start":{"line":588,"column":68},"end":{"line":588,"column":70}}],"line":588},"95":{"loc":{"start":{"line":595,"column":33},"end":{"line":595,"column":73}},"type":"binary-expr","locations":[{"start":{"line":595,"column":33},"end":{"line":595,"column":67}},{"start":{"line":595,"column":71},"end":{"line":595,"column":73}}],"line":595},"96":{"loc":{"start":{"line":603,"column":27},"end":{"line":603,"column":75}},"type":"cond-expr","locations":[{"start":{"line":603,"column":43},"end":{"line":603,"column":68}},{"start":{"line":603,"column":71},"end":{"line":603,"column":75}}],"line":603},"97":{"loc":{"start":{"line":604,"column":25},"end":{"line":604,"column":67}},"type":"binary-expr","locations":[{"start":{"line":604,"column":25},"end":{"line":604,"column":43}},{"start":{"line":604,"column":47},"end":{"line":604,"column":67}}],"line":604},"98":{"loc":{"start":{"line":605,"column":24},"end":{"line":605,"column":100}},"type":"cond-expr","locations":[{"start":{"line":605,"column":44},"end":{"line":605,"column":93}},{"start":{"line":605,"column":96},"end":{"line":605,"column":100}}],"line":605},"99":{"loc":{"start":{"line":606,"column":25},"end":{"line":606,"column":97}},"type":"binary-expr","locations":[{"start":{"line":606,"column":25},"end":{"line":606,"column":89}},{"start":{"line":606,"column":93},"end":{"line":606,"column":97}}],"line":606},"100":{"loc":{"start":{"line":606,"column":38},"end":{"line":606,"column":55}},"type":"binary-expr","locations":[{"start":{"line":606,"column":38},"end":{"line":606,"column":49}},{"start":{"line":606,"column":53},"end":{"line":606,"column":55}}],"line":606},"101":{"loc":{"start":{"line":641,"column":2},"end":{"line":641,"column":39}},"type":"if","locations":[{"start":{"line":641,"column":2},"end":{"line":641,"column":39}},{"start":{},"end":{}}],"line":641},"102":{"loc":{"start":{"line":647,"column":34},"end":{"line":647,"column":56}},"type":"default-arg","locations":[{"start":{"line":647,"column":45},"end":{"line":647,"column":56}}],"line":647},"103":{"loc":{"start":{"line":649,"column":2},"end":{"line":649,"column":39}},"type":"if","locations":[{"start":{"line":649,"column":2},"end":{"line":649,"column":39}},{"start":{},"end":{}}],"line":649},"104":{"loc":{"start":{"line":657,"column":2},"end":{"line":657,"column":39}},"type":"if","locations":[{"start":{"line":657,"column":2},"end":{"line":657,"column":39}},{"start":{},"end":{}}],"line":657},"105":{"loc":{"start":{"line":663,"column":24},"end":{"line":663,"column":33}},"type":"default-arg","locations":[{"start":{"line":663,"column":31},"end":{"line":663,"column":33}}],"line":663},"106":{"loc":{"start":{"line":664,"column":15},"end":{"line":664,"column":50}},"type":"cond-expr","locations":[{"start":{"line":664,"column":37},"end":{"line":664,"column":41}},{"start":{"line":664,"column":44},"end":{"line":664,"column":50}}],"line":664},"107":{"loc":{"start":{"line":666,"column":2},"end":{"line":666,"column":39}},"type":"if","locations":[{"start":{"line":666,"column":2},"end":{"line":666,"column":39}},{"start":{},"end":{}}],"line":666},"108":{"loc":{"start":{"line":675,"column":27},"end":{"line":675,"column":39}},"type":"default-arg","locations":[{"start":{"line":675,"column":37},"end":{"line":675,"column":39}}],"line":675},"109":{"loc":{"start":{"line":675,"column":41},"end":{"line":675,"column":66}},"type":"default-arg","locations":[{"start":{"line":675,"column":55},"end":{"line":675,"column":66}}],"line":675},"110":{"loc":{"start":{"line":676,"column":15},"end":{"line":676,"column":59}},"type":"cond-expr","locations":[{"start":{"line":676,"column":40},"end":{"line":676,"column":47}},{"start":{"line":676,"column":50},"end":{"line":676,"column":59}}],"line":676},"111":{"loc":{"start":{"line":678,"column":4},"end":{"line":681,"column":5}},"type":"if","locations":[{"start":{"line":678,"column":4},"end":{"line":681,"column":5}},{"start":{},"end":{}}],"line":678},"112":{"loc":{"start":{"line":678,"column":8},"end":{"line":678,"column":63}},"type":"binary-expr","locations":[{"start":{"line":678,"column":8},"end":{"line":678,"column":13}},{"start":{"line":678,"column":17},"end":{"line":678,"column":42}},{"start":{"line":678,"column":46},"end":{"line":678,"column":63}}],"line":678},"113":{"loc":{"start":{"line":679,"column":23},"end":{"line":679,"column":78}},"type":"binary-expr","locations":[{"start":{"line":679,"column":23},"end":{"line":679,"column":37}},{"start":{"line":679,"column":41},"end":{"line":679,"column":51}},{"start":{"line":679,"column":55},"end":{"line":679,"column":78}}],"line":679},"114":{"loc":{"start":{"line":682,"column":21},"end":{"line":682,"column":76}},"type":"cond-expr","locations":[{"start":{"line":682,"column":39},"end":{"line":682,"column":62}},{"start":{"line":682,"column":65},"end":{"line":682,"column":76}}],"line":682},"115":{"loc":{"start":{"line":686,"column":2},"end":{"line":686,"column":39}},"type":"if","locations":[{"start":{"line":686,"column":2},"end":{"line":686,"column":39}},{"start":{},"end":{}}],"line":686},"116":{"loc":{"start":{"line":694,"column":25},"end":{"line":694,"column":39}},"type":"default-arg","locations":[{"start":{"line":694,"column":37},"end":{"line":694,"column":39}}],"line":694},"117":{"loc":{"start":{"line":695,"column":15},"end":{"line":695,"column":65}},"type":"cond-expr","locations":[{"start":{"line":695,"column":42},"end":{"line":695,"column":51}},{"start":{"line":695,"column":54},"end":{"line":695,"column":65}}],"line":695},"118":{"loc":{"start":{"line":699,"column":4},"end":{"line":701,"column":5}},"type":"if","locations":[{"start":{"line":699,"column":4},"end":{"line":701,"column":5}},{"start":{},"end":{}}],"line":699},"119":{"loc":{"start":{"line":699,"column":8},"end":{"line":699,"column":42}},"type":"binary-expr","locations":[{"start":{"line":699,"column":8},"end":{"line":699,"column":13}},{"start":{"line":699,"column":17},"end":{"line":699,"column":42}}],"line":699},"120":{"loc":{"start":{"line":700,"column":6},"end":{"line":700,"column":65}},"type":"if","locations":[{"start":{"line":700,"column":6},"end":{"line":700,"column":65}},{"start":{},"end":{}}],"line":700},"121":{"loc":{"start":{"line":700,"column":10},"end":{"line":700,"column":50}},"type":"binary-expr","locations":[{"start":{"line":700,"column":10},"end":{"line":700,"column":29}},{"start":{"line":700,"column":33},"end":{"line":700,"column":50}}],"line":700},"122":{"loc":{"start":{"line":704,"column":4},"end":{"line":704,"column":78}},"type":"if","locations":[{"start":{"line":704,"column":4},"end":{"line":704,"column":78}},{"start":{},"end":{}}],"line":704},"123":{"loc":{"start":{"line":704,"column":8},"end":{"line":704,"column":49}},"type":"binary-expr","locations":[{"start":{"line":704,"column":8},"end":{"line":704,"column":33}},{"start":{"line":704,"column":37},"end":{"line":704,"column":49}}],"line":704},"124":{"loc":{"start":{"line":713,"column":2},"end":{"line":713,"column":39}},"type":"if","locations":[{"start":{"line":713,"column":2},"end":{"line":713,"column":39}},{"start":{},"end":{}}],"line":713}},"s":{"0":25,"1":25,"2":25,"3":25,"4":25,"5":25,"6":25,"7":25,"8":49,"9":49,"10":0,"11":49,"12":25,"13":25,"14":3,"15":3,"16":3,"17":3,"18":3,"19":3,"20":0,"21":3,"22":4,"23":4,"24":0,"25":4,"26":3,"27":3,"28":4,"29":4,"30":4,"31":0,"32":3,"33":3,"34":3,"35":3,"36":3,"37":3,"38":3,"39":0,"40":3,"41":4,"42":4,"43":4,"44":4,"45":0,"46":4,"47":3,"48":4,"49":3,"50":0,"51":3,"52":3,"53":3,"54":3,"55":4,"56":3,"57":3,"58":0,"59":0,"60":0,"61":0,"62":0,"63":0,"64":0,"65":0,"66":0,"67":0,"68":0,"69":0,"70":0,"71":0,"72":0,"73":0,"74":0,"75":0,"76":3,"77":4,"78":3,"79":0,"80":0,"81":3,"82":1,"83":3,"84":4,"85":3,"86":3,"87":4,"88":3,"89":22,"90":22,"91":22,"92":22,"93":22,"94":22,"95":0,"96":22,"97":24,"98":24,"99":24,"100":0,"101":24,"102":24,"103":20,"104":0,"105":24,"106":22,"107":22,"108":22,"109":22,"110":22,"111":22,"112":22,"113":30,"114":0,"115":30,"116":0,"117":30,"118":22,"119":22,"120":24,"121":22,"122":22,"123":24,"124":4,"125":4,"126":4,"127":20,"128":20,"129":22,"130":22,"131":22,"132":22,"133":0,"134":22,"135":24,"136":24,"137":24,"138":24,"139":0,"140":0,"141":22,"142":24,"143":22,"144":0,"145":22,"146":24,"147":22,"148":20,"149":2,"150":20,"151":22,"152":20,"153":20,"154":22,"155":20,"156":2,"157":2,"158":2,"159":2,"160":0,"161":2,"162":2,"163":2,"164":15,"165":15,"166":15,"167":15,"168":0,"169":15,"170":15,"171":15,"172":15,"173":14,"174":14,"175":14,"176":14,"177":0,"178":14,"179":14,"180":0,"181":14,"182":14,"183":0,"184":14,"185":14,"186":14,"187":14,"188":14,"189":14,"190":14,"191":1,"192":13,"193":13,"194":1,"195":1,"196":1,"197":0,"198":0,"199":1,"200":0,"201":1,"202":1,"203":1,"204":0,"205":1,"206":1,"207":24,"208":0,"209":24,"210":0,"211":24,"212":24,"213":24,"214":24,"215":27,"216":1,"217":26,"218":26,"219":0,"220":0,"221":0,"222":24,"223":27,"224":27,"225":26,"226":1,"227":0,"228":1,"229":1,"230":0,"231":0,"232":0,"233":0,"234":0,"235":0,"236":0,"237":24,"238":24,"239":27,"240":27,"241":27,"242":0,"243":27,"244":27,"245":0,"246":0,"247":0,"248":27,"249":27,"250":27,"251":27,"252":27,"253":0,"254":0,"255":0,"256":0,"257":0,"258":0,"259":27,"260":27,"261":27,"262":27,"263":27,"264":27,"265":27,"266":27,"267":27,"268":27,"269":24,"270":2,"271":2,"272":2,"273":2,"274":2,"275":2,"276":2,"277":2,"278":2,"279":2,"280":18,"281":18,"282":18,"283":18,"284":17,"285":1,"286":1,"287":1,"288":1,"289":1,"290":1,"291":5,"292":1,"293":1,"294":2,"295":2,"296":2,"297":0,"298":0,"299":1,"300":1,"301":1,"302":1,"303":1,"304":1,"305":1,"306":2,"307":0,"308":0,"309":2,"310":2,"311":0,"312":1,"313":1,"314":1,"315":1,"316":1},"f":{"0":25,"1":49,"2":25,"3":3,"4":4,"5":4,"6":3,"7":4,"8":4,"9":4,"10":0,"11":0,"12":4,"13":0,"14":1,"15":4,"16":4,"17":22,"18":24,"19":22,"20":24,"21":24,"22":24,"23":2,"24":22,"25":22,"26":15,"27":15,"28":15,"29":14,"30":14,"31":1,"32":0,"33":0,"34":1,"35":0,"36":1,"37":24,"38":27,"39":27,"40":0,"41":0,"42":0,"43":2,"44":2,"45":18,"46":1,"47":1,"48":2,"49":1,"50":2},"b":{"0":[0],"1":[23],"2":[24],"3":[23],"4":[5],"5":[23],"6":[1,24],"7":[2,23],"8":[0,49],"9":[49,0],"10":[0,49],"11":[49,47],"12":[0],"13":[3,0],"14":[1,2],"15":[3,1],"16":[2,0],"17":[0,3],"18":[0,4],"19":[4,0],"20":[4,0],"21":[0,3],"22":[0,3],"23":[0,4],"24":[4,4],"25":[0,3],"26":[3,0],"27":[3,0],"28":[0,0],"29":[0,0],"30":[0,0],"31":[0,0],"32":[0,3],"33":[2,20],"34":[22,2],"35":[20,18],"36":[20,0],"37":[0,22],"38":[0,24],"39":[24,20],"40":[24,0],"41":[24,24],"42":[20,4],"43":[0,20],"44":[4,20],"45":[4,20],"46":[1,21],"47":[0,30],"48":[30,30],"49":[0,30],"50":[2,28],"51":[4,20],"52":[0,22],"53":[24,0],"54":[24,22],"55":[0,22],"56":[20,2],"57":[22,22],"58":[0,2],"59":[2,2],"60":[15,15],"61":[0,15],"62":[0,14],"63":[14,1],"64":[0,14],"65":[14,14],"66":[0,14],"67":[14,0],"68":[14,14],"69":[1,13],"70":[1,1],"71":[0,1],"72":[24],"73":[24],"74":[0,24],"75":[24,24,24],"76":[0,24],"77":[24,24],"78":[1,26],"79":[26,0],"80":[0,0],"81":[1,26],"82":[26,1],"83":[0,1],"84":[1,0],"85":[0,0],"86":[0,0],"87":[0,0],"88":[0,27],"89":[0,27],"90":[27,0],"91":[27,0],"92":[27,0],"93":[27,27,0,0,0,0,0,0,0,0,0],"94":[0,0],"95":[0,0],"96":[27,0],"97":[27,0],"98":[23,4],"99":[27,0],"100":[27,0],"101":[2,0],"102":[0],"103":[2,0],"104":[18,0],"105":[0],"106":[1,0],"107":[1,0],"108":[0],"109":[0],"110":[1,0],"111":[2,0],"112":[2,2,2],"113":[2,0,0],"114":[0,0],"115":[1,0],"116":[0],"117":[1,0],"118":[0,2],"119":[2,2],"120":[0,0],"121":[0,0],"122":[2,0],"123":[2,2],"124":[1,0]},"inputSourceMap":null,"_coverageSchema":"1a1c01bbd47fc00a2c39e90264f33305004495a9","hash":"2f9ba4aa17e33713b21919baf2b114a2e81af27d"}
}
