{"/home/nita/dev/node/shortpixelapi/main.js": {"path":"/home/nita/dev/node/shortpixelapi/main.js","statementMap":{},"fnMap":{},"branchMap":{},"s":{},"f":{},"b":{},"inputSourceMap":null,"_coverageSchema":"1a1c01bbd47fc00a2c39e90264f33305004495a9","hash":"8a836a470b3fce1d3925e25e98c8f2106443e141"}
,"/home/nita/dev/node/shortpixelapi/components/client.js": {"path":"/home/nita/dev/node/shortpixelapi/components/client.js","statementMap":{"0":{"start":{"line":13,"column":4},"end":{"line":15,"column":5}},"1":{"start":{"line":14,"column":6},"end":{"line":14,"column":56}},"2":{"start":{"line":17,"column":4},"end":{"line":17,"column":25}},"3":{"start":{"line":18,"column":4},"end":{"line":18,"column":43}},"4":{"start":{"line":20,"column":4},"end":{"line":22,"column":5}},"5":{"start":{"line":21,"column":6},"end":{"line":21,"column":28}},"6":{"start":{"line":29,"column":4},"end":{"line":29,"column":24}},"7":{"start":{"line":33,"column":4},"end":{"line":33,"column":40}},"8":{"start":{"line":37,"column":4},"end":{"line":37,"column":26}},"9":{"start":{"line":44,"column":4},"end":{"line":44,"column":18}}},"fnMap":{"0":{"name":"(anonymous_0)","decl":{"start":{"line":12,"column":2},"end":{"line":12,"column":3}},"loc":{"start":{"line":12,"column":75},"end":{"line":23,"column":3}},"line":12},"1":{"name":"(anonymous_1)","decl":{"start":{"line":28,"column":2},"end":{"line":28,"column":3}},"loc":{"start":{"line":28,"column":15},"end":{"line":30,"column":3}},"line":28},"2":{"name":"(anonymous_2)","decl":{"start":{"line":32,"column":2},"end":{"line":32,"column":3}},"loc":{"start":{"line":32,"column":31},"end":{"line":34,"column":3}},"line":32},"3":{"name":"(anonymous_3)","decl":{"start":{"line":36,"column":2},"end":{"line":36,"column":3}},"loc":{"start":{"line":36,"column":17},"end":{"line":38,"column":3}},"line":36},"4":{"name":"(anonymous_4)","decl":{"start":{"line":43,"column":2},"end":{"line":43,"column":3}},"loc":{"start":{"line":43,"column":11},"end":{"line":45,"column":3}},"line":43}},"branchMap":{"0":{"loc":{"start":{"line":12,"column":14},"end":{"line":12,"column":73}},"type":"default-arg","locations":[{"start":{"line":12,"column":71},"end":{"line":12,"column":73}}],"line":12},"1":{"loc":{"start":{"line":12,"column":16},"end":{"line":12,"column":27}},"type":"default-arg","locations":[{"start":{"line":12,"column":25},"end":{"line":12,"column":27}}],"line":12},"2":{"loc":{"start":{"line":12,"column":29},"end":{"line":12,"column":52}},"type":"default-arg","locations":[{"start":{"line":12,"column":45},"end":{"line":12,"column":52}}],"line":12},"3":{"loc":{"start":{"line":12,"column":54},"end":{"line":12,"column":66}},"type":"default-arg","locations":[{"start":{"line":12,"column":62},"end":{"line":12,"column":66}}],"line":12},"4":{"loc":{"start":{"line":13,"column":4},"end":{"line":15,"column":5}},"type":"if","locations":[{"start":{"line":13,"column":4},"end":{"line":15,"column":5}},{"start":{},"end":{}}],"line":13},"5":{"loc":{"start":{"line":20,"column":4},"end":{"line":22,"column":5}},"type":"if","locations":[{"start":{"line":20,"column":4},"end":{"line":22,"column":5}},{"start":{},"end":{}}],"line":20}},"s":{"0":1,"1":0,"2":1,"3":1,"4":1,"5":0,"6":0,"7":0,"8":0,"9":0},"f":{"0":1,"1":0,"2":0,"3":0,"4":0},"b":{"0":[0],"1":[0],"2":[1],"3":[1],"4":[0,1],"5":[0,1]},"inputSourceMap":null,"_coverageSchema":"1a1c01bbd47fc00a2c39e90264f33305004495a9","hash":"d34d51faa5e0cff6d1bc653f7a6eca55bf5bd99a"}
,"/home/nita/dev/node/shortpixelapi/components/reducer.js": {"path":"/home/nita/dev/node/shortpixelapi/components/reducer.js","statementMap":{"0":{"start":{"line":10,"column":20},"end":{"line":10,"column":63}},"1":{"start":{"line":11,"column":25},"end":{"line":11,"column":73}},"2":{"start":{"line":13,"column":13},"end":{"line":25,"column":1}},"3":{"start":{"line":35,"column":4},"end":{"line":35,"column":19}},"4":{"start":{"line":36,"column":4},"end":{"line":36,"column":34}},"5":{"start":{"line":37,"column":4},"end":{"line":37,"column":33}},"6":{"start":{"line":38,"column":4},"end":{"line":38,"column":25}},"7":{"start":{"line":39,"column":4},"end":{"line":39,"column":31}},"8":{"start":{"line":40,"column":4},"end":{"line":40,"column":27}},"9":{"start":{"line":41,"column":4},"end":{"line":41,"column":23}},"10":{"start":{"line":46,"column":4},"end":{"line":46,"column":25}},"11":{"start":{"line":47,"column":4},"end":{"line":47,"column":38}},"12":{"start":{"line":52,"column":4},"end":{"line":52,"column":25}},"13":{"start":{"line":53,"column":4},"end":{"line":53,"column":39}},"14":{"start":{"line":58,"column":4},"end":{"line":58,"column":25}},"15":{"start":{"line":59,"column":4},"end":{"line":59,"column":43}},"16":{"start":{"line":64,"column":4},"end":{"line":64,"column":25}},"17":{"start":{"line":65,"column":4},"end":{"line":65,"column":48}},"18":{"start":{"line":70,"column":4},"end":{"line":70,"column":25}},"19":{"start":{"line":71,"column":4},"end":{"line":71,"column":39}},"20":{"start":{"line":72,"column":4},"end":{"line":72,"column":23}},"21":{"start":{"line":80,"column":2},"end":{"line":80,"column":47}},"22":{"start":{"line":80,"column":28},"end":{"line":80,"column":45}},"23":{"start":{"line":84,"column":2},"end":{"line":86,"column":3}},"24":{"start":{"line":85,"column":4},"end":{"line":85,"column":96}},"25":{"start":{"line":87,"column":2},"end":{"line":89,"column":3}},"26":{"start":{"line":88,"column":4},"end":{"line":88,"column":96}},"27":{"start":{"line":90,"column":2},"end":{"line":94,"column":3}},"28":{"start":{"line":91,"column":4},"end":{"line":93,"column":7}},"29":{"start":{"line":98,"column":2},"end":{"line":100,"column":3}},"30":{"start":{"line":99,"column":4},"end":{"line":99,"column":100}},"31":{"start":{"line":101,"column":2},"end":{"line":105,"column":3}},"32":{"start":{"line":102,"column":4},"end":{"line":104,"column":7}},"33":{"start":{"line":109,"column":2},"end":{"line":109,"column":54}},"34":{"start":{"line":109,"column":42},"end":{"line":109,"column":54}},"35":{"start":{"line":110,"column":2},"end":{"line":115,"column":3}},"36":{"start":{"line":111,"column":16},"end":{"line":111,"column":26}},"37":{"start":{"line":112,"column":4},"end":{"line":112,"column":26}},"38":{"start":{"line":114,"column":4},"end":{"line":114,"column":16}},"39":{"start":{"line":120,"column":2},"end":{"line":129,"column":3}},"40":{"start":{"line":121,"column":14},"end":{"line":121,"column":74}},"41":{"start":{"line":122,"column":14},"end":{"line":122,"column":76}},"42":{"start":{"line":123,"column":4},"end":{"line":128,"column":5}},"43":{"start":{"line":124,"column":6},"end":{"line":127,"column":8}},"44":{"start":{"line":132,"column":2},"end":{"line":137,"column":3}},"45":{"start":{"line":133,"column":15},"end":{"line":133,"column":35}},"46":{"start":{"line":134,"column":4},"end":{"line":136,"column":5}},"47":{"start":{"line":135,"column":6},"end":{"line":135,"column":98}},"48":{"start":{"line":140,"column":2},"end":{"line":145,"column":3}},"49":{"start":{"line":141,"column":14},"end":{"line":141,"column":31}},"50":{"start":{"line":142,"column":4},"end":{"line":144,"column":5}},"51":{"start":{"line":143,"column":6},"end":{"line":143,"column":98}},"52":{"start":{"line":149,"column":2},"end":{"line":149,"column":76}},"53":{"start":{"line":149,"column":38},"end":{"line":149,"column":76}},"54":{"start":{"line":150,"column":2},"end":{"line":150,"column":77}},"55":{"start":{"line":150,"column":38},"end":{"line":150,"column":77}},"56":{"start":{"line":153,"column":2},"end":{"line":154,"column":46}},"57":{"start":{"line":154,"column":4},"end":{"line":154,"column":46}},"58":{"start":{"line":157,"column":2},"end":{"line":163,"column":45}},"59":{"start":{"line":163,"column":4},"end":{"line":163,"column":45}},"60":{"start":{"line":165,"column":2},"end":{"line":165,"column":58}},"61":{"start":{"line":165,"column":16},"end":{"line":165,"column":58}},"62":{"start":{"line":166,"column":2},"end":{"line":166,"column":38}},"63":{"start":{"line":170,"column":17},"end":{"line":170,"column":43}},"64":{"start":{"line":171,"column":20},"end":{"line":171,"column":71}},"65":{"start":{"line":172,"column":15},"end":{"line":172,"column":63}},"66":{"start":{"line":174,"column":14},"end":{"line":174,"column":38}},"67":{"start":{"line":175,"column":2},"end":{"line":175,"column":103}},"68":{"start":{"line":175,"column":27},"end":{"line":175,"column":103}},"69":{"start":{"line":176,"column":2},"end":{"line":176,"column":106}},"70":{"start":{"line":176,"column":28},"end":{"line":176,"column":106}},"71":{"start":{"line":177,"column":2},"end":{"line":178,"column":95}},"72":{"start":{"line":178,"column":4},"end":{"line":178,"column":95}},"73":{"start":{"line":179,"column":2},"end":{"line":180,"column":90}},"74":{"start":{"line":180,"column":4},"end":{"line":180,"column":90}},"75":{"start":{"line":182,"column":2},"end":{"line":182,"column":69}},"76":{"start":{"line":186,"column":21},"end":{"line":186,"column":42}},"77":{"start":{"line":187,"column":13},"end":{"line":187,"column":60}},"78":{"start":{"line":187,"column":30},"end":{"line":187,"column":48}},"79":{"start":{"line":189,"column":2},"end":{"line":195,"column":3}},"80":{"start":{"line":190,"column":4},"end":{"line":190,"column":71}},"81":{"start":{"line":192,"column":4},"end":{"line":192,"column":106}},"82":{"start":{"line":194,"column":4},"end":{"line":194,"column":21}},"83":{"start":{"line":199,"column":22},"end":{"line":199,"column":75}},"84":{"start":{"line":200,"column":15},"end":{"line":200,"column":31}},"85":{"start":{"line":201,"column":2},"end":{"line":209,"column":3}},"86":{"start":{"line":202,"column":4},"end":{"line":202,"column":28}},"87":{"start":{"line":204,"column":4},"end":{"line":208,"column":7}},"88":{"start":{"line":213,"column":16},"end":{"line":213,"column":17}},"89":{"start":{"line":214,"column":16},"end":{"line":214,"column":20}},"90":{"start":{"line":216,"column":2},"end":{"line":248,"column":3}},"91":{"start":{"line":217,"column":4},"end":{"line":247,"column":5}},"92":{"start":{"line":218,"column":18},"end":{"line":218,"column":63}},"93":{"start":{"line":220,"column":6},"end":{"line":235,"column":7}},"94":{"start":{"line":221,"column":21},"end":{"line":221,"column":53}},"95":{"start":{"line":221,"column":50},"end":{"line":221,"column":52}},"96":{"start":{"line":224,"column":8},"end":{"line":229,"column":9}},"97":{"start":{"line":225,"column":10},"end":{"line":228,"column":13}},"98":{"start":{"line":231,"column":8},"end":{"line":234,"column":11}},"99":{"start":{"line":237,"column":6},"end":{"line":237,"column":37}},"100":{"start":{"line":239,"column":6},"end":{"line":239,"column":20}},"101":{"start":{"line":240,"column":24},"end":{"line":240,"column":63}},"102":{"start":{"line":242,"column":6},"end":{"line":242,"column":51}},"103":{"start":{"line":242,"column":45},"end":{"line":242,"column":51}},"104":{"start":{"line":244,"column":22},"end":{"line":244,"column":55}},"105":{"start":{"line":245,"column":6},"end":{"line":245,"column":27}},"106":{"start":{"line":246,"column":6},"end":{"line":246,"column":16}},"107":{"start":{"line":250,"column":2},"end":{"line":250,"column":76}},"108":{"start":{"line":254,"column":2},"end":{"line":256,"column":3}},"109":{"start":{"line":255,"column":4},"end":{"line":255,"column":101}},"110":{"start":{"line":257,"column":2},"end":{"line":257,"column":17}},"111":{"start":{"line":261,"column":13},"end":{"line":261,"column":17}},"112":{"start":{"line":263,"column":2},"end":{"line":271,"column":3}},"113":{"start":{"line":263,"column":15},"end":{"line":263,"column":16}},"114":{"start":{"line":264,"column":4},"end":{"line":264,"column":28}},"115":{"start":{"line":265,"column":17},"end":{"line":265,"column":43}},"116":{"start":{"line":267,"column":4},"end":{"line":267,"column":32}},"117":{"start":{"line":267,"column":20},"end":{"line":267,"column":32}},"118":{"start":{"line":268,"column":4},"end":{"line":268,"column":49}},"119":{"start":{"line":268,"column":20},"end":{"line":268,"column":49}},"120":{"start":{"line":270,"column":4},"end":{"line":270,"column":26}},"121":{"start":{"line":273,"column":17},"end":{"line":273,"column":48}},"122":{"start":{"line":274,"column":20},"end":{"line":274,"column":67}},"123":{"start":{"line":275,"column":2},"end":{"line":279,"column":5}},"124":{"start":{"line":283,"column":2},"end":{"line":285,"column":3}},"125":{"start":{"line":284,"column":4},"end":{"line":284,"column":101}},"126":{"start":{"line":286,"column":2},"end":{"line":286,"column":14}},"127":{"start":{"line":290,"column":2},"end":{"line":290,"column":36}},"128":{"start":{"line":294,"column":2},"end":{"line":294,"column":29}},"129":{"start":{"line":294,"column":22},"end":{"line":294,"column":29}},"130":{"start":{"line":295,"column":2},"end":{"line":297,"column":3}},"131":{"start":{"line":296,"column":4},"end":{"line":296,"column":92}},"132":{"start":{"line":298,"column":2},"end":{"line":300,"column":3}},"133":{"start":{"line":299,"column":4},"end":{"line":299,"column":98}},"134":{"start":{"line":309,"column":2},"end":{"line":311,"column":3}},"135":{"start":{"line":310,"column":4},"end":{"line":310,"column":76}},"136":{"start":{"line":314,"column":2},"end":{"line":321,"column":3}},"137":{"start":{"line":315,"column":19},"end":{"line":315,"column":41}},"138":{"start":{"line":316,"column":4},"end":{"line":316,"column":68}},"139":{"start":{"line":318,"column":4},"end":{"line":320,"column":6}},"140":{"start":{"line":325,"column":14},"end":{"line":325,"column":46}},"141":{"start":{"line":326,"column":2},"end":{"line":326,"column":41}},"142":{"start":{"line":326,"column":22},"end":{"line":326,"column":41}},"143":{"start":{"line":327,"column":2},"end":{"line":327,"column":61}},"144":{"start":{"line":327,"column":41},"end":{"line":327,"column":61}},"145":{"start":{"line":328,"column":2},"end":{"line":328,"column":41}},"146":{"start":{"line":328,"column":22},"end":{"line":328,"column":41}},"147":{"start":{"line":329,"column":2},"end":{"line":329,"column":43}},"148":{"start":{"line":329,"column":23},"end":{"line":329,"column":43}},"149":{"start":{"line":330,"column":2},"end":{"line":330,"column":43}},"150":{"start":{"line":330,"column":23},"end":{"line":330,"column":43}},"151":{"start":{"line":331,"column":2},"end":{"line":331,"column":47}},"152":{"start":{"line":331,"column":22},"end":{"line":331,"column":47}},"153":{"start":{"line":332,"column":2},"end":{"line":332,"column":36}},"154":{"start":{"line":336,"column":37},"end":{"line":336,"column":66}},"155":{"start":{"line":339,"column":2},"end":{"line":347,"column":3}},"156":{"start":{"line":340,"column":19},"end":{"line":340,"column":41}},"157":{"start":{"line":341,"column":4},"end":{"line":344,"column":5}},"158":{"start":{"line":342,"column":19},"end":{"line":342,"column":45}},"159":{"start":{"line":343,"column":6},"end":{"line":343,"column":59}},"160":{"start":{"line":350,"column":14},"end":{"line":350,"column":50}},"161":{"start":{"line":351,"column":15},"end":{"line":351,"column":38}},"162":{"start":{"line":352,"column":15},"end":{"line":352,"column":37}},"163":{"start":{"line":353,"column":2},"end":{"line":353,"column":45}},"164":{"start":{"line":358,"column":20},"end":{"line":358,"column":76}},"165":{"start":{"line":359,"column":16},"end":{"line":359,"column":39}},"166":{"start":{"line":361,"column":20},"end":{"line":361,"column":46}},"167":{"start":{"line":362,"column":20},"end":{"line":362,"column":46}},"168":{"start":{"line":364,"column":15},"end":{"line":368,"column":3}},"169":{"start":{"line":365,"column":4},"end":{"line":365,"column":68}},"170":{"start":{"line":365,"column":52},"end":{"line":365,"column":68}},"171":{"start":{"line":366,"column":4},"end":{"line":366,"column":64}},"172":{"start":{"line":366,"column":45},"end":{"line":366,"column":64}},"173":{"start":{"line":367,"column":4},"end":{"line":367,"column":16}},"174":{"start":{"line":370,"column":2},"end":{"line":373,"column":3}},"175":{"start":{"line":371,"column":16},"end":{"line":371,"column":61}},"176":{"start":{"line":372,"column":4},"end":{"line":372,"column":24}},"177":{"start":{"line":372,"column":13},"end":{"line":372,"column":24}},"178":{"start":{"line":374,"column":2},"end":{"line":377,"column":3}},"179":{"start":{"line":375,"column":16},"end":{"line":375,"column":61}},"180":{"start":{"line":376,"column":4},"end":{"line":376,"column":24}},"181":{"start":{"line":376,"column":13},"end":{"line":376,"column":24}},"182":{"start":{"line":380,"column":2},"end":{"line":380,"column":47}},"183":{"start":{"line":388,"column":4},"end":{"line":388,"column":19}},"184":{"start":{"line":389,"column":4},"end":{"line":389,"column":25}},"185":{"start":{"line":390,"column":4},"end":{"line":390,"column":29}},"186":{"start":{"line":391,"column":4},"end":{"line":391,"column":22}},"187":{"start":{"line":392,"column":4},"end":{"line":392,"column":22}},"188":{"start":{"line":396,"column":4},"end":{"line":396,"column":48}},"189":{"start":{"line":397,"column":4},"end":{"line":397,"column":16}},"190":{"start":{"line":401,"column":4},"end":{"line":401,"column":21}},"191":{"start":{"line":403,"column":4},"end":{"line":405,"column":5}},"192":{"start":{"line":404,"column":6},"end":{"line":404,"column":98}},"193":{"start":{"line":407,"column":23},"end":{"line":407,"column":45}},"194":{"start":{"line":408,"column":4},"end":{"line":410,"column":5}},"195":{"start":{"line":409,"column":6},"end":{"line":409,"column":111}},"196":{"start":{"line":412,"column":4},"end":{"line":412,"column":34}},"197":{"start":{"line":414,"column":20},"end":{"line":420,"column":5}},"198":{"start":{"line":422,"column":4},"end":{"line":422,"column":35}},"199":{"start":{"line":424,"column":21},"end":{"line":440,"column":5}},"200":{"start":{"line":425,"column":19},"end":{"line":433,"column":7}},"201":{"start":{"line":435,"column":19},"end":{"line":435,"column":38}},"202":{"start":{"line":436,"column":19},"end":{"line":436,"column":45}},"203":{"start":{"line":438,"column":6},"end":{"line":438,"column":48}},"204":{"start":{"line":438,"column":36},"end":{"line":438,"column":48}},"205":{"start":{"line":439,"column":6},"end":{"line":439,"column":35}},"206":{"start":{"line":442,"column":18},"end":{"line":442,"column":34}},"207":{"start":{"line":443,"column":17},"end":{"line":443,"column":44}},"208":{"start":{"line":445,"column":4},"end":{"line":447,"column":5}},"209":{"start":{"line":446,"column":6},"end":{"line":446,"column":51}},"210":{"start":{"line":449,"column":4},"end":{"line":449,"column":17}},"211":{"start":{"line":457,"column":4},"end":{"line":457,"column":21}},"212":{"start":{"line":458,"column":4},"end":{"line":458,"column":34}},"213":{"start":{"line":459,"column":4},"end":{"line":459,"column":36}},"214":{"start":{"line":461,"column":18},"end":{"line":463,"column":74}},"215":{"start":{"line":465,"column":4},"end":{"line":467,"column":5}},"216":{"start":{"line":466,"column":6},"end":{"line":466,"column":107}},"217":{"start":{"line":470,"column":18},"end":{"line":502,"column":6}},"218":{"start":{"line":471,"column":24},"end":{"line":471,"column":35}},"219":{"start":{"line":472,"column":26},"end":{"line":472,"column":39}},"220":{"start":{"line":474,"column":6},"end":{"line":479,"column":7}},"221":{"start":{"line":475,"column":8},"end":{"line":478,"column":11}},"222":{"start":{"line":482,"column":8},"end":{"line":484,"column":35}},"223":{"start":{"line":486,"column":6},"end":{"line":493,"column":7}},"224":{"start":{"line":487,"column":8},"end":{"line":492,"column":9}},"225":{"start":{"line":488,"column":10},"end":{"line":491,"column":13}},"226":{"start":{"line":495,"column":6},"end":{"line":501,"column":8}},"227":{"start":{"line":505,"column":27},"end":{"line":552,"column":5}},"228":{"start":{"line":506,"column":41},"end":{"line":506,"column":70}},"229":{"start":{"line":507,"column":19},"end":{"line":507,"column":37}},"230":{"start":{"line":510,"column":6},"end":{"line":510,"column":37}},"231":{"start":{"line":511,"column":6},"end":{"line":511,"column":59}},"232":{"start":{"line":512,"column":6},"end":{"line":512,"column":86}},"233":{"start":{"line":515,"column":6},"end":{"line":520,"column":7}},"234":{"start":{"line":516,"column":8},"end":{"line":516,"column":52}},"235":{"start":{"line":516,"column":43},"end":{"line":516,"column":52}},"236":{"start":{"line":518,"column":8},"end":{"line":518,"column":38}},"237":{"start":{"line":518,"column":29},"end":{"line":518,"column":38}},"238":{"start":{"line":519,"column":8},"end":{"line":519,"column":62}},"239":{"start":{"line":523,"column":27},"end":{"line":523,"column":29}},"240":{"start":{"line":524,"column":6},"end":{"line":524,"column":87}},"241":{"start":{"line":524,"column":30},"end":{"line":524,"column":87}},"242":{"start":{"line":525,"column":6},"end":{"line":525,"column":62}},"243":{"start":{"line":528,"column":6},"end":{"line":537,"column":7}},"244":{"start":{"line":529,"column":8},"end":{"line":536,"column":9}},"245":{"start":{"line":530,"column":23},"end":{"line":530,"column":55}},"246":{"start":{"line":531,"column":26},"end":{"line":531,"column":92}},"247":{"start":{"line":532,"column":10},"end":{"line":532,"column":57}},"248":{"start":{"line":534,"column":26},"end":{"line":534,"column":53}},"249":{"start":{"line":535,"column":10},"end":{"line":535,"column":57}},"250":{"start":{"line":541,"column":19},"end":{"line":549,"column":7}},"251":{"start":{"line":551,"column":6},"end":{"line":551,"column":35}},"252":{"start":{"line":555,"column":24},"end":{"line":555,"column":46}},"253":{"start":{"line":557,"column":4},"end":{"line":561,"column":5}},"254":{"start":{"line":558,"column":6},"end":{"line":560,"column":9}},"255":{"start":{"line":564,"column":20},"end":{"line":572,"column":6}},"256":{"start":{"line":565,"column":19},"end":{"line":565,"column":33}},"257":{"start":{"line":566,"column":19},"end":{"line":566,"column":34}},"258":{"start":{"line":568,"column":6},"end":{"line":568,"column":80}},"259":{"start":{"line":568,"column":36},"end":{"line":568,"column":80}},"260":{"start":{"line":570,"column":18},"end":{"line":570,"column":40}},"261":{"start":{"line":571,"column":6},"end":{"line":571,"column":62}},"262":{"start":{"line":574,"column":19},"end":{"line":574,"column":49}},"263":{"start":{"line":574,"column":41},"end":{"line":574,"column":48}},"264":{"start":{"line":575,"column":4},"end":{"line":577,"column":5}},"265":{"start":{"line":576,"column":6},"end":{"line":576,"column":113}},"266":{"start":{"line":580,"column":23},"end":{"line":580,"column":69}},"267":{"start":{"line":580,"column":45},"end":{"line":580,"column":68}},"268":{"start":{"line":581,"column":4},"end":{"line":583,"column":5}},"269":{"start":{"line":582,"column":6},"end":{"line":582,"column":74}},"270":{"start":{"line":582,"column":36},"end":{"line":582,"column":53}},"271":{"start":{"line":582,"column":66},"end":{"line":582,"column":72}},"272":{"start":{"line":586,"column":31},"end":{"line":586,"column":40}},"273":{"start":{"line":587,"column":4},"end":{"line":596,"column":5}},"274":{"start":{"line":588,"column":17},"end":{"line":588,"column":36}},"275":{"start":{"line":589,"column":6},"end":{"line":594,"column":7}},"276":{"start":{"line":590,"column":8},"end":{"line":593,"column":11}},"277":{"start":{"line":595,"column":6},"end":{"line":595,"column":42}},"278":{"start":{"line":598,"column":19},"end":{"line":598,"column":20}},"279":{"start":{"line":599,"column":4},"end":{"line":647,"column":5}},"280":{"start":{"line":600,"column":38},"end":{"line":603,"column":24}},"281":{"start":{"line":601,"column":23},"end":{"line":601,"column":56}},"282":{"start":{"line":602,"column":20},"end":{"line":602,"column":38}},"283":{"start":{"line":605,"column":6},"end":{"line":605,"column":54}},"284":{"start":{"line":605,"column":48},"end":{"line":605,"column":54}},"285":{"start":{"line":607,"column":23},"end":{"line":613,"column":7}},"286":{"start":{"line":611,"column":52},"end":{"line":611,"column":64}},"287":{"start":{"line":614,"column":6},"end":{"line":614,"column":38}},"288":{"start":{"line":616,"column":20},"end":{"line":624,"column":7}},"289":{"start":{"line":626,"column":21},"end":{"line":626,"column":43}},"290":{"start":{"line":628,"column":6},"end":{"line":640,"column":7}},"291":{"start":{"line":629,"column":21},"end":{"line":629,"column":36}},"292":{"start":{"line":630,"column":8},"end":{"line":630,"column":67}},"293":{"start":{"line":630,"column":38},"end":{"line":630,"column":67}},"294":{"start":{"line":632,"column":19},"end":{"line":632,"column":36}},"295":{"start":{"line":633,"column":8},"end":{"line":633,"column":52}},"296":{"start":{"line":633,"column":43},"end":{"line":633,"column":52}},"297":{"start":{"line":635,"column":20},"end":{"line":635,"column":46}},"298":{"start":{"line":636,"column":8},"end":{"line":636,"column":34}},"299":{"start":{"line":636,"column":25},"end":{"line":636,"column":34}},"300":{"start":{"line":638,"column":22},"end":{"line":638,"column":58}},"301":{"start":{"line":638,"column":42},"end":{"line":638,"column":57}},"302":{"start":{"line":639,"column":8},"end":{"line":639,"column":37}},"303":{"start":{"line":639,"column":19},"end":{"line":639,"column":37}},"304":{"start":{"line":642,"column":27},"end":{"line":642,"column":81}},"305":{"start":{"line":642,"column":47},"end":{"line":642,"column":80}},"306":{"start":{"line":643,"column":6},"end":{"line":643,"column":31}},"307":{"start":{"line":643,"column":25},"end":{"line":643,"column":31}},"308":{"start":{"line":645,"column":6},"end":{"line":645,"column":40}},"309":{"start":{"line":646,"column":6},"end":{"line":646,"column":17}},"310":{"start":{"line":649,"column":30},"end":{"line":649,"column":86}},"311":{"start":{"line":649,"column":52},"end":{"line":649,"column":85}},"312":{"start":{"line":650,"column":4},"end":{"line":655,"column":5}},"313":{"start":{"line":651,"column":6},"end":{"line":654,"column":9}},"314":{"start":{"line":653,"column":46},"end":{"line":653,"column":52}},"315":{"start":{"line":657,"column":4},"end":{"line":657,"column":72}},"316":{"start":{"line":657,"column":34},"end":{"line":657,"column":51}},"317":{"start":{"line":657,"column":64},"end":{"line":657,"column":70}},"318":{"start":{"line":665,"column":2},"end":{"line":665,"column":29}},"319":{"start":{"line":668,"column":2},"end":{"line":668,"column":42}},"320":{"start":{"line":671,"column":2},"end":{"line":671,"column":44}}},"fnMap":{"0":{"name":"(anonymous_0)","decl":{"start":{"line":31,"column":2},"end":{"line":31,"column":3}},"loc":{"start":{"line":34,"column":4},"end":{"line":42,"column":3}},"line":34},"1":{"name":"(anonymous_1)","decl":{"start":{"line":45,"column":2},"end":{"line":45,"column":3}},"loc":{"start":{"line":45,"column":34},"end":{"line":48,"column":3}},"line":45},"2":{"name":"(anonymous_2)","decl":{"start":{"line":51,"column":2},"end":{"line":51,"column":3}},"loc":{"start":{"line":51,"column":34},"end":{"line":54,"column":3}},"line":51},"3":{"name":"(anonymous_3)","decl":{"start":{"line":57,"column":2},"end":{"line":57,"column":3}},"loc":{"start":{"line":57,"column":34},"end":{"line":60,"column":3}},"line":57},"4":{"name":"(anonymous_4)","decl":{"start":{"line":63,"column":2},"end":{"line":63,"column":3}},"loc":{"start":{"line":63,"column":34},"end":{"line":66,"column":3}},"line":63},"5":{"name":"(anonymous_5)","decl":{"start":{"line":69,"column":2},"end":{"line":69,"column":3}},"loc":{"start":{"line":69,"column":53},"end":{"line":73,"column":3}},"line":69},"6":{"name":"sleep","decl":{"start":{"line":79,"column":9},"end":{"line":79,"column":14}},"loc":{"start":{"line":79,"column":19},"end":{"line":81,"column":1}},"line":79},"7":{"name":"(anonymous_7)","decl":{"start":{"line":80,"column":21},"end":{"line":80,"column":22}},"loc":{"start":{"line":80,"column":28},"end":{"line":80,"column":45}},"line":80},"8":{"name":"validateConfig","decl":{"start":{"line":83,"column":9},"end":{"line":83,"column":23}},"loc":{"start":{"line":83,"column":26},"end":{"line":95,"column":1}},"line":83},"9":{"name":"ensureUrlList","decl":{"start":{"line":97,"column":9},"end":{"line":97,"column":22}},"loc":{"start":{"line":97,"column":29},"end":{"line":106,"column":1}},"line":97},"10":{"name":"normalizeUrl","decl":{"start":{"line":108,"column":9},"end":{"line":108,"column":21}},"loc":{"start":{"line":108,"column":25},"end":{"line":116,"column":1}},"line":108},"11":{"name":"validateOptions","decl":{"start":{"line":118,"column":9},"end":{"line":118,"column":24}},"loc":{"start":{"line":118,"column":36},"end":{"line":146,"column":1}},"line":118},"12":{"name":"classifyBySpCode","decl":{"start":{"line":148,"column":9},"end":{"line":148,"column":25}},"loc":{"start":{"line":148,"column":32},"end":{"line":167,"column":1}},"line":148},"13":{"name":"buildErrorFromSp","decl":{"start":{"line":169,"column":9},"end":{"line":169,"column":25}},"loc":{"start":{"line":169,"column":50},"end":{"line":183,"column":1}},"line":169},"14":{"name":"fetchWithTimeout","decl":{"start":{"line":185,"column":15},"end":{"line":185,"column":31}},"loc":{"start":{"line":185,"column":57},"end":{"line":196,"column":1}},"line":185},"15":{"name":"(anonymous_15)","decl":{"start":{"line":187,"column":24},"end":{"line":187,"column":25}},"loc":{"start":{"line":187,"column":30},"end":{"line":187,"column":48}},"line":187},"16":{"name":"readJsonSafe","decl":{"start":{"line":198,"column":15},"end":{"line":198,"column":27}},"loc":{"start":{"line":198,"column":33},"end":{"line":210,"column":1}},"line":198},"17":{"name":"requestJsonWithRetry","decl":{"start":{"line":212,"column":15},"end":{"line":212,"column":35}},"loc":{"start":{"line":212,"column":84},"end":{"line":251,"column":1}},"line":212},"18":{"name":"(anonymous_18)","decl":{"start":{"line":221,"column":44},"end":{"line":221,"column":45}},"loc":{"start":{"line":221,"column":50},"end":{"line":221,"column":52}},"line":221},"19":{"name":"pickFirstMeta","decl":{"start":{"line":253,"column":9},"end":{"line":253,"column":22}},"loc":{"start":{"line":253,"column":29},"end":{"line":258,"column":1}},"line":253},"20":{"name":"pollUntilReady","decl":{"start":{"line":260,"column":15},"end":{"line":260,"column":29}},"loc":{"start":{"line":260,"column":67},"end":{"line":280,"column":1}},"line":260},"21":{"name":"ensureMetaArray","decl":{"start":{"line":282,"column":9},"end":{"line":282,"column":24}},"loc":{"start":{"line":282,"column":31},"end":{"line":287,"column":1}},"line":282},"22":{"name":"getSpCode","decl":{"start":{"line":289,"column":9},"end":{"line":289,"column":18}},"loc":{"start":{"line":289,"column":25},"end":{"line":291,"column":1}},"line":289},"23":{"name":"validatePollConfig","decl":{"start":{"line":293,"column":9},"end":{"line":293,"column":27}},"loc":{"start":{"line":293,"column":34},"end":{"line":301,"column":1}},"line":293},"24":{"name":"getWebFormDataAndFile","decl":{"start":{"line":307,"column":15},"end":{"line":307,"column":36}},"loc":{"start":{"line":307,"column":39},"end":{"line":322,"column":1}},"line":307},"25":{"name":"mimeFromFilename","decl":{"start":{"line":324,"column":9},"end":{"line":324,"column":25}},"loc":{"start":{"line":324,"column":32},"end":{"line":333,"column":1}},"line":324},"26":{"name":"fileFromDisk","decl":{"start":{"line":335,"column":15},"end":{"line":335,"column":27}},"loc":{"start":{"line":335,"column":38},"end":{"line":354,"column":1}},"line":335},"27":{"name":"pickBestOutputUrl","decl":{"start":{"line":356,"column":9},"end":{"line":356,"column":26}},"loc":{"start":{"line":356,"column":44},"end":{"line":381,"column":1}},"line":356},"28":{"name":"(anonymous_28)","decl":{"start":{"line":364,"column":15},"end":{"line":364,"column":16}},"loc":{"start":{"line":364,"column":42},"end":{"line":368,"column":3}},"line":364},"29":{"name":"(anonymous_29)","decl":{"start":{"line":387,"column":2},"end":{"line":387,"column":3}},"loc":{"start":{"line":387,"column":67},"end":{"line":393,"column":3}},"line":387},"30":{"name":"(anonymous_30)","decl":{"start":{"line":395,"column":2},"end":{"line":395,"column":3}},"loc":{"start":{"line":395,"column":24},"end":{"line":398,"column":3}},"line":395},"31":{"name":"(anonymous_31)","decl":{"start":{"line":400,"column":2},"end":{"line":400,"column":3}},"loc":{"start":{"line":400,"column":18},"end":{"line":450,"column":3}},"line":400},"32":{"name":"(anonymous_32)","decl":{"start":{"line":424,"column":21},"end":{"line":424,"column":22}},"loc":{"start":{"line":424,"column":33},"end":{"line":440,"column":5}},"line":424},"33":{"name":"(anonymous_33)","decl":{"start":{"line":456,"column":2},"end":{"line":456,"column":3}},"loc":{"start":{"line":456,"column":22},"end":{"line":658,"column":3}},"line":456},"34":{"name":"(anonymous_34)","decl":{"start":{"line":470,"column":28},"end":{"line":470,"column":29}},"loc":{"start":{"line":470,"column":40},"end":{"line":502,"column":5}},"line":470},"35":{"name":"(anonymous_35)","decl":{"start":{"line":505,"column":27},"end":{"line":505,"column":28}},"loc":{"start":{"line":505,"column":39},"end":{"line":552,"column":5}},"line":505},"36":{"name":"(anonymous_36)","decl":{"start":{"line":564,"column":30},"end":{"line":564,"column":31}},"loc":{"start":{"line":564,"column":41},"end":{"line":572,"column":5}},"line":564},"37":{"name":"(anonymous_37)","decl":{"start":{"line":574,"column":34},"end":{"line":574,"column":35}},"loc":{"start":{"line":574,"column":41},"end":{"line":574,"column":48}},"line":574},"38":{"name":"(anonymous_38)","decl":{"start":{"line":580,"column":38},"end":{"line":580,"column":39}},"loc":{"start":{"line":580,"column":45},"end":{"line":580,"column":68}},"line":580},"39":{"name":"(anonymous_39)","decl":{"start":{"line":582,"column":26},"end":{"line":582,"column":27}},"loc":{"start":{"line":582,"column":36},"end":{"line":582,"column":53}},"line":582},"40":{"name":"(anonymous_40)","decl":{"start":{"line":582,"column":59},"end":{"line":582,"column":60}},"loc":{"start":{"line":582,"column":66},"end":{"line":582,"column":72}},"line":582},"41":{"name":"(anonymous_41)","decl":{"start":{"line":601,"column":16},"end":{"line":601,"column":17}},"loc":{"start":{"line":601,"column":23},"end":{"line":601,"column":56}},"line":601},"42":{"name":"(anonymous_42)","decl":{"start":{"line":602,"column":13},"end":{"line":602,"column":14}},"loc":{"start":{"line":602,"column":20},"end":{"line":602,"column":38}},"line":602},"43":{"name":"(anonymous_43)","decl":{"start":{"line":611,"column":45},"end":{"line":611,"column":46}},"loc":{"start":{"line":611,"column":52},"end":{"line":611,"column":64}},"line":611},"44":{"name":"(anonymous_44)","decl":{"start":{"line":638,"column":35},"end":{"line":638,"column":36}},"loc":{"start":{"line":638,"column":42},"end":{"line":638,"column":57}},"line":638},"45":{"name":"(anonymous_45)","decl":{"start":{"line":642,"column":40},"end":{"line":642,"column":41}},"loc":{"start":{"line":642,"column":47},"end":{"line":642,"column":80}},"line":642},"46":{"name":"(anonymous_46)","decl":{"start":{"line":649,"column":45},"end":{"line":649,"column":46}},"loc":{"start":{"line":649,"column":52},"end":{"line":649,"column":85}},"line":649},"47":{"name":"(anonymous_47)","decl":{"start":{"line":653,"column":39},"end":{"line":653,"column":40}},"loc":{"start":{"line":653,"column":46},"end":{"line":653,"column":52}},"line":653},"48":{"name":"(anonymous_48)","decl":{"start":{"line":657,"column":24},"end":{"line":657,"column":25}},"loc":{"start":{"line":657,"column":34},"end":{"line":657,"column":51}},"line":657},"49":{"name":"(anonymous_49)","decl":{"start":{"line":657,"column":57},"end":{"line":657,"column":58}},"loc":{"start":{"line":657,"column":64},"end":{"line":657,"column":70}},"line":657},"50":{"name":"fromUrl","decl":{"start":{"line":664,"column":9},"end":{"line":664,"column":16}},"loc":{"start":{"line":664,"column":22},"end":{"line":666,"column":1}},"line":664},"51":{"name":"fromBuffer","decl":{"start":{"line":667,"column":9},"end":{"line":667,"column":19}},"loc":{"start":{"line":667,"column":52},"end":{"line":669,"column":1}},"line":667},"52":{"name":"fromFile","decl":{"start":{"line":670,"column":9},"end":{"line":670,"column":17}},"loc":{"start":{"line":670,"column":28},"end":{"line":672,"column":1}},"line":670}},"branchMap":{"0":{"loc":{"start":{"line":33,"column":4},"end":{"line":33,"column":93}},"type":"default-arg","locations":[{"start":{"line":33,"column":91},"end":{"line":33,"column":93}}],"line":33},"1":{"loc":{"start":{"line":33,"column":6},"end":{"line":33,"column":23}},"type":"default-arg","locations":[{"start":{"line":33,"column":19},"end":{"line":33,"column":23}}],"line":33},"2":{"loc":{"start":{"line":33,"column":25},"end":{"line":33,"column":38}},"type":"default-arg","locations":[{"start":{"line":33,"column":34},"end":{"line":33,"column":38}}],"line":33},"3":{"loc":{"start":{"line":33,"column":40},"end":{"line":33,"column":56}},"type":"default-arg","locations":[{"start":{"line":33,"column":52},"end":{"line":33,"column":56}}],"line":33},"4":{"loc":{"start":{"line":33,"column":58},"end":{"line":33,"column":72}},"type":"default-arg","locations":[{"start":{"line":33,"column":68},"end":{"line":33,"column":72}}],"line":33},"5":{"loc":{"start":{"line":33,"column":74},"end":{"line":33,"column":86}},"type":"default-arg","locations":[{"start":{"line":33,"column":82},"end":{"line":33,"column":86}}],"line":33},"6":{"loc":{"start":{"line":45,"column":23},"end":{"line":45,"column":32}},"type":"default-arg","locations":[{"start":{"line":45,"column":30},"end":{"line":45,"column":32}}],"line":45},"7":{"loc":{"start":{"line":51,"column":23},"end":{"line":51,"column":32}},"type":"default-arg","locations":[{"start":{"line":51,"column":30},"end":{"line":51,"column":32}}],"line":51},"8":{"loc":{"start":{"line":57,"column":23},"end":{"line":57,"column":32}},"type":"default-arg","locations":[{"start":{"line":57,"column":30},"end":{"line":57,"column":32}}],"line":57},"9":{"loc":{"start":{"line":63,"column":23},"end":{"line":63,"column":32}},"type":"default-arg","locations":[{"start":{"line":63,"column":30},"end":{"line":63,"column":32}}],"line":63},"10":{"loc":{"start":{"line":69,"column":23},"end":{"line":69,"column":51}},"type":"default-arg","locations":[{"start":{"line":69,"column":49},"end":{"line":69,"column":51}}],"line":69},"11":{"loc":{"start":{"line":69,"column":25},"end":{"line":69,"column":35}},"type":"default-arg","locations":[{"start":{"line":69,"column":33},"end":{"line":69,"column":35}}],"line":69},"12":{"loc":{"start":{"line":84,"column":2},"end":{"line":86,"column":3}},"type":"if","locations":[{"start":{"line":84,"column":2},"end":{"line":86,"column":3}},{"start":{},"end":{}}],"line":84},"13":{"loc":{"start":{"line":84,"column":6},"end":{"line":84,"column":73}},"type":"binary-expr","locations":[{"start":{"line":84,"column":6},"end":{"line":84,"column":17}},{"start":{"line":84,"column":21},"end":{"line":84,"column":51}},{"start":{"line":84,"column":55},"end":{"line":84,"column":73}}],"line":84},"14":{"loc":{"start":{"line":87,"column":2},"end":{"line":89,"column":3}},"type":"if","locations":[{"start":{"line":87,"column":2},"end":{"line":89,"column":3}},{"start":{},"end":{}}],"line":87},"15":{"loc":{"start":{"line":87,"column":6},"end":{"line":87,"column":73}},"type":"binary-expr","locations":[{"start":{"line":87,"column":6},"end":{"line":87,"column":28}},{"start":{"line":87,"column":32},"end":{"line":87,"column":73}}],"line":87},"16":{"loc":{"start":{"line":90,"column":2},"end":{"line":94,"column":3}},"type":"if","locations":[{"start":{"line":90,"column":2},"end":{"line":94,"column":3}},{"start":{},"end":{}}],"line":90},"17":{"loc":{"start":{"line":98,"column":2},"end":{"line":100,"column":3}},"type":"if","locations":[{"start":{"line":98,"column":2},"end":{"line":100,"column":3}},{"start":{},"end":{}}],"line":98},"18":{"loc":{"start":{"line":98,"column":6},"end":{"line":98,"column":47}},"type":"binary-expr","locations":[{"start":{"line":98,"column":6},"end":{"line":98,"column":26}},{"start":{"line":98,"column":30},"end":{"line":98,"column":47}}],"line":98},"19":{"loc":{"start":{"line":101,"column":2},"end":{"line":105,"column":3}},"type":"if","locations":[{"start":{"line":101,"column":2},"end":{"line":105,"column":3}},{"start":{},"end":{}}],"line":101},"20":{"loc":{"start":{"line":109,"column":2},"end":{"line":109,"column":54}},"type":"if","locations":[{"start":{"line":109,"column":2},"end":{"line":109,"column":54}},{"start":{},"end":{}}],"line":109},"21":{"loc":{"start":{"line":109,"column":6},"end":{"line":109,"column":40}},"type":"binary-expr","locations":[{"start":{"line":109,"column":6},"end":{"line":109,"column":27}},{"start":{"line":109,"column":31},"end":{"line":109,"column":40}}],"line":109},"22":{"loc":{"start":{"line":118,"column":25},"end":{"line":118,"column":34}},"type":"default-arg","locations":[{"start":{"line":118,"column":32},"end":{"line":118,"column":34}}],"line":118},"23":{"loc":{"start":{"line":120,"column":2},"end":{"line":129,"column":3}},"type":"if","locations":[{"start":{"line":120,"column":2},"end":{"line":129,"column":3}},{"start":{},"end":{}}],"line":120},"24":{"loc":{"start":{"line":120,"column":6},"end":{"line":120,"column":44}},"type":"binary-expr","locations":[{"start":{"line":120,"column":6},"end":{"line":120,"column":17}},{"start":{"line":120,"column":21},"end":{"line":120,"column":44}}],"line":120},"25":{"loc":{"start":{"line":121,"column":14},"end":{"line":121,"column":74}},"type":"cond-expr","locations":[{"start":{"line":121,"column":42},"end":{"line":121,"column":67}},{"start":{"line":121,"column":70},"end":{"line":121,"column":74}}],"line":121},"26":{"loc":{"start":{"line":122,"column":14},"end":{"line":122,"column":76}},"type":"cond-expr","locations":[{"start":{"line":122,"column":43},"end":{"line":122,"column":69}},{"start":{"line":122,"column":72},"end":{"line":122,"column":76}}],"line":122},"27":{"loc":{"start":{"line":123,"column":4},"end":{"line":128,"column":5}},"type":"if","locations":[{"start":{"line":123,"column":4},"end":{"line":128,"column":5}},{"start":{},"end":{}}],"line":123},"28":{"loc":{"start":{"line":123,"column":8},"end":{"line":123,"column":40}},"type":"binary-expr","locations":[{"start":{"line":123,"column":9},"end":{"line":123,"column":11}},{"start":{"line":123,"column":15},"end":{"line":123,"column":21}},{"start":{"line":123,"column":27},"end":{"line":123,"column":29}},{"start":{"line":123,"column":33},"end":{"line":123,"column":39}}],"line":123},"29":{"loc":{"start":{"line":132,"column":2},"end":{"line":137,"column":3}},"type":"if","locations":[{"start":{"line":132,"column":2},"end":{"line":137,"column":3}},{"start":{},"end":{}}],"line":132},"30":{"loc":{"start":{"line":134,"column":4},"end":{"line":136,"column":5}},"type":"if","locations":[{"start":{"line":134,"column":4},"end":{"line":136,"column":5}},{"start":{},"end":{}}],"line":134},"31":{"loc":{"start":{"line":140,"column":2},"end":{"line":145,"column":3}},"type":"if","locations":[{"start":{"line":140,"column":2},"end":{"line":145,"column":3}},{"start":{},"end":{}}],"line":140},"32":{"loc":{"start":{"line":142,"column":4},"end":{"line":144,"column":5}},"type":"if","locations":[{"start":{"line":142,"column":4},"end":{"line":144,"column":5}},{"start":{},"end":{}}],"line":142},"33":{"loc":{"start":{"line":142,"column":8},"end":{"line":142,"column":42}},"type":"binary-expr","locations":[{"start":{"line":142,"column":8},"end":{"line":142,"column":23}},{"start":{"line":142,"column":27},"end":{"line":142,"column":32}},{"start":{"line":142,"column":36},"end":{"line":142,"column":42}}],"line":142},"34":{"loc":{"start":{"line":149,"column":2},"end":{"line":149,"column":76}},"type":"if","locations":[{"start":{"line":149,"column":2},"end":{"line":149,"column":76}},{"start":{},"end":{}}],"line":149},"35":{"loc":{"start":{"line":149,"column":6},"end":{"line":149,"column":36}},"type":"binary-expr","locations":[{"start":{"line":149,"column":6},"end":{"line":149,"column":19}},{"start":{"line":149,"column":23},"end":{"line":149,"column":36}}],"line":149},"36":{"loc":{"start":{"line":150,"column":2},"end":{"line":150,"column":77}},"type":"if","locations":[{"start":{"line":150,"column":2},"end":{"line":150,"column":77}},{"start":{},"end":{}}],"line":150},"37":{"loc":{"start":{"line":150,"column":6},"end":{"line":150,"column":36}},"type":"binary-expr","locations":[{"start":{"line":150,"column":6},"end":{"line":150,"column":19}},{"start":{"line":150,"column":23},"end":{"line":150,"column":36}}],"line":150},"38":{"loc":{"start":{"line":153,"column":2},"end":{"line":154,"column":46}},"type":"if","locations":[{"start":{"line":153,"column":2},"end":{"line":154,"column":46}},{"start":{},"end":{}}],"line":153},"39":{"loc":{"start":{"line":153,"column":6},"end":{"line":153,"column":87}},"type":"binary-expr","locations":[{"start":{"line":153,"column":6},"end":{"line":153,"column":19}},{"start":{"line":153,"column":23},"end":{"line":153,"column":36}},{"start":{"line":153,"column":40},"end":{"line":153,"column":53}},{"start":{"line":153,"column":57},"end":{"line":153,"column":70}},{"start":{"line":153,"column":74},"end":{"line":153,"column":87}}],"line":153},"40":{"loc":{"start":{"line":157,"column":2},"end":{"line":163,"column":45}},"type":"if","locations":[{"start":{"line":157,"column":2},"end":{"line":163,"column":45}},{"start":{},"end":{}}],"line":157},"41":{"loc":{"start":{"line":165,"column":2},"end":{"line":165,"column":58}},"type":"if","locations":[{"start":{"line":165,"column":2},"end":{"line":165,"column":58}},{"start":{},"end":{}}],"line":165},"42":{"loc":{"start":{"line":169,"column":32},"end":{"line":169,"column":48}},"type":"default-arg","locations":[{"start":{"line":169,"column":45},"end":{"line":169,"column":48}}],"line":169},"43":{"loc":{"start":{"line":171,"column":20},"end":{"line":171,"column":71}},"type":"binary-expr","locations":[{"start":{"line":171,"column":20},"end":{"line":171,"column":41}},{"start":{"line":171,"column":45},"end":{"line":171,"column":71}}],"line":171},"44":{"loc":{"start":{"line":175,"column":2},"end":{"line":175,"column":103}},"type":"if","locations":[{"start":{"line":175,"column":2},"end":{"line":175,"column":103}},{"start":{},"end":{}}],"line":175},"45":{"loc":{"start":{"line":176,"column":2},"end":{"line":176,"column":106}},"type":"if","locations":[{"start":{"line":176,"column":2},"end":{"line":176,"column":106}},{"start":{},"end":{}}],"line":176},"46":{"loc":{"start":{"line":177,"column":2},"end":{"line":178,"column":95}},"type":"if","locations":[{"start":{"line":177,"column":2},"end":{"line":178,"column":95}},{"start":{},"end":{}}],"line":177},"47":{"loc":{"start":{"line":179,"column":2},"end":{"line":180,"column":90}},"type":"if","locations":[{"start":{"line":179,"column":2},"end":{"line":180,"column":90}},{"start":{},"end":{}}],"line":179},"48":{"loc":{"start":{"line":199,"column":23},"end":{"line":199,"column":60}},"type":"binary-expr","locations":[{"start":{"line":199,"column":23},"end":{"line":199,"column":54}},{"start":{"line":199,"column":58},"end":{"line":199,"column":60}}],"line":199},"49":{"loc":{"start":{"line":220,"column":6},"end":{"line":235,"column":7}},"type":"if","locations":[{"start":{"line":220,"column":6},"end":{"line":235,"column":7}},{"start":{},"end":{}}],"line":220},"50":{"loc":{"start":{"line":224,"column":8},"end":{"line":229,"column":9}},"type":"if","locations":[{"start":{"line":224,"column":8},"end":{"line":229,"column":9}},{"start":{},"end":{}}],"line":224},"51":{"loc":{"start":{"line":224,"column":12},"end":{"line":224,"column":74}},"type":"binary-expr","locations":[{"start":{"line":224,"column":12},"end":{"line":224,"column":30}},{"start":{"line":224,"column":35},"end":{"line":224,"column":52}},{"start":{"line":224,"column":56},"end":{"line":224,"column":73}}],"line":224},"52":{"loc":{"start":{"line":242,"column":6},"end":{"line":242,"column":51}},"type":"if","locations":[{"start":{"line":242,"column":6},"end":{"line":242,"column":51}},{"start":{},"end":{}}],"line":242},"53":{"loc":{"start":{"line":242,"column":10},"end":{"line":242,"column":43}},"type":"binary-expr","locations":[{"start":{"line":242,"column":10},"end":{"line":242,"column":20}},{"start":{"line":242,"column":24},"end":{"line":242,"column":43}}],"line":242},"54":{"loc":{"start":{"line":250,"column":8},"end":{"line":250,"column":75}},"type":"binary-expr","locations":[{"start":{"line":250,"column":8},"end":{"line":250,"column":15}},{"start":{"line":250,"column":19},"end":{"line":250,"column":75}}],"line":250},"55":{"loc":{"start":{"line":254,"column":2},"end":{"line":256,"column":3}},"type":"if","locations":[{"start":{"line":254,"column":2},"end":{"line":256,"column":3}},{"start":{},"end":{}}],"line":254},"56":{"loc":{"start":{"line":254,"column":6},"end":{"line":254,"column":47}},"type":"binary-expr","locations":[{"start":{"line":254,"column":6},"end":{"line":254,"column":26}},{"start":{"line":254,"column":30},"end":{"line":254,"column":47}}],"line":254},"57":{"loc":{"start":{"line":267,"column":4},"end":{"line":267,"column":32}},"type":"if","locations":[{"start":{"line":267,"column":4},"end":{"line":267,"column":32}},{"start":{},"end":{}}],"line":267},"58":{"loc":{"start":{"line":268,"column":4},"end":{"line":268,"column":49}},"type":"if","locations":[{"start":{"line":268,"column":4},"end":{"line":268,"column":49}},{"start":{},"end":{}}],"line":268},"59":{"loc":{"start":{"line":273,"column":24},"end":{"line":273,"column":47}},"type":"binary-expr","locations":[{"start":{"line":273,"column":24},"end":{"line":273,"column":42}},{"start":{"line":273,"column":46},"end":{"line":273,"column":47}}],"line":273},"60":{"loc":{"start":{"line":274,"column":20},"end":{"line":274,"column":67}},"type":"binary-expr","locations":[{"start":{"line":274,"column":20},"end":{"line":274,"column":41}},{"start":{"line":274,"column":45},"end":{"line":274,"column":67}}],"line":274},"61":{"loc":{"start":{"line":283,"column":2},"end":{"line":285,"column":3}},"type":"if","locations":[{"start":{"line":283,"column":2},"end":{"line":285,"column":3}},{"start":{},"end":{}}],"line":283},"62":{"loc":{"start":{"line":283,"column":6},"end":{"line":283,"column":47}},"type":"binary-expr","locations":[{"start":{"line":283,"column":6},"end":{"line":283,"column":26}},{"start":{"line":283,"column":30},"end":{"line":283,"column":47}}],"line":283},"63":{"loc":{"start":{"line":294,"column":2},"end":{"line":294,"column":29}},"type":"if","locations":[{"start":{"line":294,"column":2},"end":{"line":294,"column":29}},{"start":{},"end":{}}],"line":294},"64":{"loc":{"start":{"line":295,"column":2},"end":{"line":297,"column":3}},"type":"if","locations":[{"start":{"line":295,"column":2},"end":{"line":297,"column":3}},{"start":{},"end":{}}],"line":295},"65":{"loc":{"start":{"line":295,"column":6},"end":{"line":295,"column":66}},"type":"binary-expr","locations":[{"start":{"line":295,"column":6},"end":{"line":295,"column":41}},{"start":{"line":295,"column":45},"end":{"line":295,"column":66}}],"line":295},"66":{"loc":{"start":{"line":298,"column":2},"end":{"line":300,"column":3}},"type":"if","locations":[{"start":{"line":298,"column":2},"end":{"line":300,"column":3}},{"start":{},"end":{}}],"line":298},"67":{"loc":{"start":{"line":298,"column":6},"end":{"line":298,"column":59}},"type":"binary-expr","locations":[{"start":{"line":298,"column":6},"end":{"line":298,"column":38}},{"start":{"line":298,"column":42},"end":{"line":298,"column":59}}],"line":298},"68":{"loc":{"start":{"line":309,"column":2},"end":{"line":311,"column":3}},"type":"if","locations":[{"start":{"line":309,"column":2},"end":{"line":311,"column":3}},{"start":{},"end":{}}],"line":309},"69":{"loc":{"start":{"line":309,"column":6},"end":{"line":309,"column":44}},"type":"binary-expr","locations":[{"start":{"line":309,"column":6},"end":{"line":309,"column":25}},{"start":{"line":309,"column":29},"end":{"line":309,"column":44}}],"line":309},"70":{"loc":{"start":{"line":326,"column":2},"end":{"line":326,"column":41}},"type":"if","locations":[{"start":{"line":326,"column":2},"end":{"line":326,"column":41}},{"start":{},"end":{}}],"line":326},"71":{"loc":{"start":{"line":327,"column":2},"end":{"line":327,"column":61}},"type":"if","locations":[{"start":{"line":327,"column":2},"end":{"line":327,"column":61}},{"start":{},"end":{}}],"line":327},"72":{"loc":{"start":{"line":327,"column":6},"end":{"line":327,"column":39}},"type":"binary-expr","locations":[{"start":{"line":327,"column":6},"end":{"line":327,"column":20}},{"start":{"line":327,"column":24},"end":{"line":327,"column":39}}],"line":327},"73":{"loc":{"start":{"line":328,"column":2},"end":{"line":328,"column":41}},"type":"if","locations":[{"start":{"line":328,"column":2},"end":{"line":328,"column":41}},{"start":{},"end":{}}],"line":328},"74":{"loc":{"start":{"line":329,"column":2},"end":{"line":329,"column":43}},"type":"if","locations":[{"start":{"line":329,"column":2},"end":{"line":329,"column":43}},{"start":{},"end":{}}],"line":329},"75":{"loc":{"start":{"line":330,"column":2},"end":{"line":330,"column":43}},"type":"if","locations":[{"start":{"line":330,"column":2},"end":{"line":330,"column":43}},{"start":{},"end":{}}],"line":330},"76":{"loc":{"start":{"line":331,"column":2},"end":{"line":331,"column":47}},"type":"if","locations":[{"start":{"line":331,"column":2},"end":{"line":331,"column":47}},{"start":{},"end":{}}],"line":331},"77":{"loc":{"start":{"line":341,"column":4},"end":{"line":344,"column":5}},"type":"if","locations":[{"start":{"line":341,"column":4},"end":{"line":344,"column":5}},{"start":{},"end":{}}],"line":341},"78":{"loc":{"start":{"line":356,"column":33},"end":{"line":356,"column":42}},"type":"default-arg","locations":[{"start":{"line":356,"column":40},"end":{"line":356,"column":42}}],"line":356},"79":{"loc":{"start":{"line":358,"column":20},"end":{"line":358,"column":76}},"type":"cond-expr","locations":[{"start":{"line":358,"column":57},"end":{"line":358,"column":71}},{"start":{"line":358,"column":74},"end":{"line":358,"column":76}}],"line":358},"80":{"loc":{"start":{"line":359,"column":23},"end":{"line":359,"column":38}},"type":"binary-expr","locations":[{"start":{"line":359,"column":23},"end":{"line":359,"column":33}},{"start":{"line":359,"column":37},"end":{"line":359,"column":38}}],"line":359},"81":{"loc":{"start":{"line":365,"column":4},"end":{"line":365,"column":68}},"type":"if","locations":[{"start":{"line":365,"column":4},"end":{"line":365,"column":68}},{"start":{},"end":{}}],"line":365},"82":{"loc":{"start":{"line":365,"column":8},"end":{"line":365,"column":50}},"type":"binary-expr","locations":[{"start":{"line":365,"column":8},"end":{"line":365,"column":17}},{"start":{"line":365,"column":21},"end":{"line":365,"column":29}},{"start":{"line":365,"column":33},"end":{"line":365,"column":50}}],"line":365},"83":{"loc":{"start":{"line":366,"column":4},"end":{"line":366,"column":64}},"type":"if","locations":[{"start":{"line":366,"column":4},"end":{"line":366,"column":64}},{"start":{},"end":{}}],"line":366},"84":{"loc":{"start":{"line":366,"column":8},"end":{"line":366,"column":43}},"type":"binary-expr","locations":[{"start":{"line":366,"column":8},"end":{"line":366,"column":19}},{"start":{"line":366,"column":23},"end":{"line":366,"column":43}}],"line":366},"85":{"loc":{"start":{"line":370,"column":2},"end":{"line":373,"column":3}},"type":"if","locations":[{"start":{"line":370,"column":2},"end":{"line":373,"column":3}},{"start":{},"end":{}}],"line":370},"86":{"loc":{"start":{"line":372,"column":4},"end":{"line":372,"column":24}},"type":"if","locations":[{"start":{"line":372,"column":4},"end":{"line":372,"column":24}},{"start":{},"end":{}}],"line":372},"87":{"loc":{"start":{"line":374,"column":2},"end":{"line":377,"column":3}},"type":"if","locations":[{"start":{"line":374,"column":2},"end":{"line":377,"column":3}},{"start":{},"end":{}}],"line":374},"88":{"loc":{"start":{"line":376,"column":4},"end":{"line":376,"column":24}},"type":"if","locations":[{"start":{"line":376,"column":4},"end":{"line":376,"column":24}},{"start":{},"end":{}}],"line":376},"89":{"loc":{"start":{"line":387,"column":14},"end":{"line":387,"column":65}},"type":"default-arg","locations":[{"start":{"line":387,"column":63},"end":{"line":387,"column":65}}],"line":387},"90":{"loc":{"start":{"line":387,"column":16},"end":{"line":387,"column":26}},"type":"default-arg","locations":[{"start":{"line":387,"column":22},"end":{"line":387,"column":26}}],"line":387},"91":{"loc":{"start":{"line":387,"column":28},"end":{"line":387,"column":41}},"type":"default-arg","locations":[{"start":{"line":387,"column":37},"end":{"line":387,"column":41}}],"line":387},"92":{"loc":{"start":{"line":387,"column":43},"end":{"line":387,"column":58}},"type":"default-arg","locations":[{"start":{"line":387,"column":54},"end":{"line":387,"column":58}}],"line":387},"93":{"loc":{"start":{"line":395,"column":13},"end":{"line":395,"column":22}},"type":"default-arg","locations":[{"start":{"line":395,"column":20},"end":{"line":395,"column":22}}],"line":395},"94":{"loc":{"start":{"line":403,"column":4},"end":{"line":405,"column":5}},"type":"if","locations":[{"start":{"line":403,"column":4},"end":{"line":405,"column":5}},{"start":{},"end":{}}],"line":403},"95":{"loc":{"start":{"line":408,"column":4},"end":{"line":410,"column":5}},"type":"if","locations":[{"start":{"line":408,"column":4},"end":{"line":410,"column":5}},{"start":{},"end":{}}],"line":408},"96":{"loc":{"start":{"line":417,"column":12},"end":{"line":417,"column":71}},"type":"cond-expr","locations":[{"start":{"line":417,"column":40},"end":{"line":417,"column":57}},{"start":{"line":417,"column":60},"end":{"line":417,"column":71}}],"line":417},"97":{"loc":{"start":{"line":438,"column":6},"end":{"line":438,"column":48}},"type":"if","locations":[{"start":{"line":438,"column":6},"end":{"line":438,"column":48}},{"start":{},"end":{}}],"line":438},"98":{"loc":{"start":{"line":438,"column":10},"end":{"line":438,"column":34}},"type":"binary-expr","locations":[{"start":{"line":438,"column":10},"end":{"line":438,"column":20}},{"start":{"line":438,"column":24},"end":{"line":438,"column":34}}],"line":438},"99":{"loc":{"start":{"line":445,"column":4},"end":{"line":447,"column":5}},"type":"if","locations":[{"start":{"line":445,"column":4},"end":{"line":447,"column":5}},{"start":{},"end":{}}],"line":445},"100":{"loc":{"start":{"line":445,"column":8},"end":{"line":445,"column":42}},"type":"binary-expr","locations":[{"start":{"line":445,"column":8},"end":{"line":445,"column":18}},{"start":{"line":445,"column":22},"end":{"line":445,"column":42}}],"line":445},"101":{"loc":{"start":{"line":461,"column":18},"end":{"line":463,"column":74}},"type":"cond-expr","locations":[{"start":{"line":462,"column":8},"end":{"line":462,"column":18}},{"start":{"line":463,"column":8},"end":{"line":463,"column":74}}],"line":461},"102":{"loc":{"start":{"line":461,"column":18},"end":{"line":461,"column":64}},"type":"binary-expr","locations":[{"start":{"line":461,"column":18},"end":{"line":461,"column":43}},{"start":{"line":461,"column":47},"end":{"line":461,"column":64}}],"line":461},"103":{"loc":{"start":{"line":463,"column":19},"end":{"line":463,"column":38}},"type":"binary-expr","locations":[{"start":{"line":463,"column":19},"end":{"line":463,"column":30}},{"start":{"line":463,"column":34},"end":{"line":463,"column":38}}],"line":463},"104":{"loc":{"start":{"line":463,"column":50},"end":{"line":463,"column":71}},"type":"binary-expr","locations":[{"start":{"line":463,"column":50},"end":{"line":463,"column":63}},{"start":{"line":463,"column":67},"end":{"line":463,"column":71}}],"line":463},"105":{"loc":{"start":{"line":465,"column":4},"end":{"line":467,"column":5}},"type":"if","locations":[{"start":{"line":465,"column":4},"end":{"line":467,"column":5}},{"start":{},"end":{}}],"line":465},"106":{"loc":{"start":{"line":474,"column":6},"end":{"line":479,"column":7}},"type":"if","locations":[{"start":{"line":474,"column":6},"end":{"line":479,"column":7}},{"start":{},"end":{}}],"line":474},"107":{"loc":{"start":{"line":474,"column":10},"end":{"line":474,"column":36}},"type":"binary-expr","locations":[{"start":{"line":474,"column":10},"end":{"line":474,"column":20}},{"start":{"line":474,"column":24},"end":{"line":474,"column":36}}],"line":474},"108":{"loc":{"start":{"line":482,"column":8},"end":{"line":484,"column":35}},"type":"cond-expr","locations":[{"start":{"line":483,"column":12},"end":{"line":483,"column":29}},{"start":{"line":484,"column":12},"end":{"line":484,"column":35}}],"line":482},"109":{"loc":{"start":{"line":482,"column":8},"end":{"line":482,"column":59}},"type":"binary-expr","locations":[{"start":{"line":482,"column":8},"end":{"line":482,"column":38}},{"start":{"line":482,"column":42},"end":{"line":482,"column":59}}],"line":482},"110":{"loc":{"start":{"line":486,"column":6},"end":{"line":493,"column":7}},"type":"if","locations":[{"start":{"line":486,"column":6},"end":{"line":493,"column":7}},{"start":{},"end":{}}],"line":486},"111":{"loc":{"start":{"line":487,"column":8},"end":{"line":492,"column":9}},"type":"if","locations":[{"start":{"line":487,"column":8},"end":{"line":492,"column":9}},{"start":{},"end":{}}],"line":487},"112":{"loc":{"start":{"line":497,"column":16},"end":{"line":497,"column":43}},"type":"cond-expr","locations":[{"start":{"line":497,"column":28},"end":{"line":497,"column":36}},{"start":{"line":497,"column":39},"end":{"line":497,"column":43}}],"line":497},"113":{"loc":{"start":{"line":498,"column":14},"end":{"line":498,"column":44}},"type":"cond-expr","locations":[{"start":{"line":498,"column":26},"end":{"line":498,"column":30}},{"start":{"line":498,"column":33},"end":{"line":498,"column":44}}],"line":498},"114":{"loc":{"start":{"line":512,"column":33},"end":{"line":512,"column":83}},"type":"cond-expr","locations":[{"start":{"line":512,"column":61},"end":{"line":512,"column":78}},{"start":{"line":512,"column":81},"end":{"line":512,"column":83}}],"line":512},"115":{"loc":{"start":{"line":516,"column":8},"end":{"line":516,"column":52}},"type":"if","locations":[{"start":{"line":516,"column":8},"end":{"line":516,"column":52}},{"start":{},"end":{}}],"line":516},"116":{"loc":{"start":{"line":516,"column":12},"end":{"line":516,"column":41}},"type":"binary-expr","locations":[{"start":{"line":516,"column":12},"end":{"line":516,"column":27}},{"start":{"line":516,"column":31},"end":{"line":516,"column":41}}],"line":516},"117":{"loc":{"start":{"line":518,"column":8},"end":{"line":518,"column":38}},"type":"if","locations":[{"start":{"line":518,"column":8},"end":{"line":518,"column":38}},{"start":{},"end":{}}],"line":518},"118":{"loc":{"start":{"line":519,"column":23},"end":{"line":519,"column":60}},"type":"cond-expr","locations":[{"start":{"line":519,"column":47},"end":{"line":519,"column":48}},{"start":{"line":519,"column":51},"end":{"line":519,"column":60}}],"line":519},"119":{"loc":{"start":{"line":529,"column":8},"end":{"line":536,"column":9}},"type":"if","locations":[{"start":{"line":529,"column":8},"end":{"line":536,"column":9}},{"start":{"line":533,"column":15},"end":{"line":536,"column":9}}],"line":529},"120":{"loc":{"start":{"line":557,"column":4},"end":{"line":561,"column":5}},"type":"if","locations":[{"start":{"line":557,"column":4},"end":{"line":561,"column":5}},{"start":{},"end":{}}],"line":557},"121":{"loc":{"start":{"line":568,"column":6},"end":{"line":568,"column":80}},"type":"if","locations":[{"start":{"line":568,"column":6},"end":{"line":568,"column":80}},{"start":{},"end":{}}],"line":568},"122":{"loc":{"start":{"line":568,"column":10},"end":{"line":568,"column":34}},"type":"binary-expr","locations":[{"start":{"line":568,"column":10},"end":{"line":568,"column":20}},{"start":{"line":568,"column":24},"end":{"line":568,"column":34}}],"line":568},"123":{"loc":{"start":{"line":575,"column":4},"end":{"line":577,"column":5}},"type":"if","locations":[{"start":{"line":575,"column":4},"end":{"line":577,"column":5}},{"start":{},"end":{}}],"line":575},"124":{"loc":{"start":{"line":581,"column":4},"end":{"line":583,"column":5}},"type":"if","locations":[{"start":{"line":581,"column":4},"end":{"line":583,"column":5}},{"start":{},"end":{}}],"line":581},"125":{"loc":{"start":{"line":581,"column":8},"end":{"line":581,"column":56}},"type":"binary-expr","locations":[{"start":{"line":581,"column":8},"end":{"line":581,"column":29}},{"start":{"line":581,"column":33},"end":{"line":581,"column":56}}],"line":581},"126":{"loc":{"start":{"line":589,"column":6},"end":{"line":594,"column":7}},"type":"if","locations":[{"start":{"line":589,"column":6},"end":{"line":594,"column":7}},{"start":{},"end":{}}],"line":589},"127":{"loc":{"start":{"line":589,"column":10},"end":{"line":589,"column":39}},"type":"binary-expr","locations":[{"start":{"line":589,"column":10},"end":{"line":589,"column":13}},{"start":{"line":589,"column":17},"end":{"line":589,"column":39}}],"line":589},"128":{"loc":{"start":{"line":601,"column":23},"end":{"line":601,"column":56}},"type":"binary-expr","locations":[{"start":{"line":601,"column":23},"end":{"line":601,"column":29}},{"start":{"line":601,"column":33},"end":{"line":601,"column":56}}],"line":601},"129":{"loc":{"start":{"line":605,"column":6},"end":{"line":605,"column":54}},"type":"if","locations":[{"start":{"line":605,"column":6},"end":{"line":605,"column":54}},{"start":{},"end":{}}],"line":605},"130":{"loc":{"start":{"line":630,"column":8},"end":{"line":630,"column":67}},"type":"if","locations":[{"start":{"line":630,"column":8},"end":{"line":630,"column":67}},{"start":{},"end":{}}],"line":630},"131":{"loc":{"start":{"line":630,"column":12},"end":{"line":630,"column":36}},"type":"binary-expr","locations":[{"start":{"line":630,"column":12},"end":{"line":630,"column":22}},{"start":{"line":630,"column":26},"end":{"line":630,"column":36}}],"line":630},"132":{"loc":{"start":{"line":633,"column":8},"end":{"line":633,"column":52}},"type":"if","locations":[{"start":{"line":633,"column":8},"end":{"line":633,"column":52}},{"start":{},"end":{}}],"line":633},"133":{"loc":{"start":{"line":633,"column":12},"end":{"line":633,"column":41}},"type":"binary-expr","locations":[{"start":{"line":633,"column":12},"end":{"line":633,"column":15}},{"start":{"line":633,"column":19},"end":{"line":633,"column":41}}],"line":633},"134":{"loc":{"start":{"line":636,"column":8},"end":{"line":636,"column":34}},"type":"if","locations":[{"start":{"line":636,"column":8},"end":{"line":636,"column":34}},{"start":{},"end":{}}],"line":636},"135":{"loc":{"start":{"line":639,"column":8},"end":{"line":639,"column":37}},"type":"if","locations":[{"start":{"line":639,"column":8},"end":{"line":639,"column":37}},{"start":{},"end":{}}],"line":639},"136":{"loc":{"start":{"line":642,"column":47},"end":{"line":642,"column":80}},"type":"binary-expr","locations":[{"start":{"line":642,"column":47},"end":{"line":642,"column":53}},{"start":{"line":642,"column":57},"end":{"line":642,"column":80}}],"line":642},"137":{"loc":{"start":{"line":643,"column":6},"end":{"line":643,"column":31}},"type":"if","locations":[{"start":{"line":643,"column":6},"end":{"line":643,"column":31}},{"start":{},"end":{}}],"line":643},"138":{"loc":{"start":{"line":649,"column":52},"end":{"line":649,"column":85}},"type":"binary-expr","locations":[{"start":{"line":649,"column":52},"end":{"line":649,"column":58}},{"start":{"line":649,"column":62},"end":{"line":649,"column":85}}],"line":649},"139":{"loc":{"start":{"line":650,"column":4},"end":{"line":655,"column":5}},"type":"if","locations":[{"start":{"line":650,"column":4},"end":{"line":655,"column":5}},{"start":{},"end":{}}],"line":650},"140":{"loc":{"start":{"line":667,"column":28},"end":{"line":667,"column":50}},"type":"default-arg","locations":[{"start":{"line":667,"column":39},"end":{"line":667,"column":50}}],"line":667}},"s":{"0":2,"1":2,"2":2,"3":0,"4":0,"5":0,"6":0,"7":0,"8":0,"9":0,"10":0,"11":0,"12":0,"13":0,"14":0,"15":0,"16":0,"17":0,"18":0,"19":0,"20":0,"21":0,"22":0,"23":1,"24":0,"25":1,"26":0,"27":1,"28":0,"29":0,"30":0,"31":0,"32":0,"33":0,"34":0,"35":0,"36":0,"37":0,"38":0,"39":1,"40":0,"41":0,"42":0,"43":0,"44":1,"45":0,"46":0,"47":0,"48":1,"49":1,"50":1,"51":0,"52":0,"53":0,"54":0,"55":0,"56":0,"57":0,"58":0,"59":0,"60":0,"61":0,"62":0,"63":0,"64":0,"65":0,"66":0,"67":0,"68":0,"69":0,"70":0,"71":0,"72":0,"73":0,"74":0,"75":0,"76":1,"77":1,"78":0,"79":1,"80":1,"81":0,"82":1,"83":1,"84":1,"85":1,"86":1,"87":0,"88":1,"89":1,"90":1,"91":1,"92":1,"93":1,"94":0,"95":0,"96":0,"97":0,"98":0,"99":1,"100":0,"101":0,"102":0,"103":0,"104":0,"105":0,"106":0,"107":0,"108":0,"109":0,"110":0,"111":0,"112":0,"113":0,"114":0,"115":0,"116":0,"117":0,"118":0,"119":0,"120":0,"121":0,"122":0,"123":0,"124":1,"125":0,"126":1,"127":4,"128":1,"129":0,"130":1,"131":0,"132":1,"133":0,"134":3,"135":3,"136":0,"137":0,"138":0,"139":0,"140":2,"141":2,"142":1,"143":1,"144":1,"145":0,"146":0,"147":0,"148":0,"149":0,"150":0,"151":0,"152":0,"153":0,"154":2,"155":2,"156":2,"157":0,"158":0,"159":0,"160":2,"161":2,"162":2,"163":2,"164":0,"165":0,"166":0,"167":0,"168":0,"169":0,"170":0,"171":0,"172":0,"173":0,"174":0,"175":0,"176":0,"177":0,"178":0,"179":0,"180":0,"181":0,"182":0,"183":1,"184":1,"185":1,"186":1,"187":1,"188":1,"189":1,"190":0,"191":0,"192":0,"193":0,"194":0,"195":0,"196":0,"197":0,"198":0,"199":0,"200":0,"201":0,"202":0,"203":0,"204":0,"205":0,"206":0,"207":0,"208":0,"209":0,"210":0,"211":1,"212":1,"213":1,"214":1,"215":1,"216":0,"217":1,"218":2,"219":2,"220":2,"221":0,"222":2,"223":2,"224":2,"225":0,"226":2,"227":1,"228":1,"229":1,"230":1,"231":1,"232":1,"233":1,"234":4,"235":0,"236":4,"237":0,"238":4,"239":1,"240":1,"241":2,"242":1,"243":1,"244":2,"245":0,"246":0,"247":0,"248":2,"249":2,"250":1,"251":1,"252":1,"253":1,"254":0,"255":1,"256":2,"257":2,"258":2,"259":2,"260":0,"261":0,"262":1,"263":2,"264":1,"265":0,"266":1,"267":2,"268":1,"269":1,"270":1,"271":2,"272":0,"273":0,"274":0,"275":0,"276":0,"277":0,"278":0,"279":0,"280":0,"281":0,"282":0,"283":0,"284":0,"285":0,"286":0,"287":0,"288":0,"289":0,"290":0,"291":0,"292":0,"293":0,"294":0,"295":0,"296":0,"297":0,"298":0,"299":0,"300":0,"301":0,"302":0,"303":0,"304":0,"305":0,"306":0,"307":0,"308":0,"309":0,"310":0,"311":0,"312":0,"313":0,"314":0,"315":0,"316":0,"317":0,"318":0,"319":0,"320":0},"f":{"0":0,"1":0,"2":0,"3":0,"4":0,"5":0,"6":0,"7":0,"8":1,"9":0,"10":0,"11":1,"12":0,"13":0,"14":1,"15":0,"16":1,"17":1,"18":0,"19":0,"20":0,"21":1,"22":4,"23":1,"24":3,"25":2,"26":2,"27":0,"28":0,"29":1,"30":1,"31":0,"32":0,"33":1,"34":2,"35":1,"36":2,"37":2,"38":2,"39":1,"40":2,"41":0,"42":0,"43":0,"44":0,"45":0,"46":0,"47":0,"48":0,"49":0,"50":0,"51":0,"52":0},"b":{"0":[0],"1":[0],"2":[0],"3":[0],"4":[0],"5":[0],"6":[0],"7":[0],"8":[0],"9":[0],"10":[0],"11":[0],"12":[0,1],"13":[1,1,1],"14":[0,1],"15":[1,1],"16":[0,1],"17":[0,0],"18":[0,0],"19":[0,0],"20":[0,0],"21":[0,0],"22":[0],"23":[0,1],"24":[1,0],"25":[0,0],"26":[0,0],"27":[0,0],"28":[0,0,0,0],"29":[0,1],"30":[0,0],"31":[1,0],"32":[0,1],"33":[1,1,1],"34":[0,0],"35":[0,0],"36":[0,0],"37":[0,0],"38":[0,0],"39":[0,0,0,0,0],"40":[0,0],"41":[0,0],"42":[0],"43":[0,0],"44":[0,0],"45":[0,0],"46":[0,0],"47":[0,0],"48":[1,0],"49":[0,1],"50":[0,0],"51":[0,0,0],"52":[0,0],"53":[0,0],"54":[0,0],"55":[0,0],"56":[0,0],"57":[0,0],"58":[0,0],"59":[0,0],"60":[0,0],"61":[0,1],"62":[1,1],"63":[0,1],"64":[0,1],"65":[1,1],"66":[0,1],"67":[1,1],"68":[3,0],"69":[3,3],"70":[1,1],"71":[1,0],"72":[1,0],"73":[0,0],"74":[0,0],"75":[0,0],"76":[0,0],"77":[0,0],"78":[0],"79":[0,0],"80":[0,0],"81":[0,0],"82":[0,0,0],"83":[0,0],"84":[0,0],"85":[0,0],"86":[0,0],"87":[0,0],"88":[0,0],"89":[0],"90":[1],"91":[1],"92":[1],"93":[0],"94":[0,0],"95":[0,0],"96":[0,0],"97":[0,0],"98":[0,0],"99":[0,0],"100":[0,0],"101":[1,0],"102":[1,1],"103":[0,0],"104":[0,0],"105":[0,1],"106":[0,2],"107":[2,2],"108":[2,0],"109":[2,2],"110":[2,0],"111":[0,2],"112":[0,2],"113":[0,2],"114":[1,0],"115":[0,4],"116":[4,4],"117":[0,4],"118":[0,4],"119":[0,2],"120":[0,1],"121":[2,0],"122":[2,2],"123":[0,1],"124":[1,0],"125":[1,1],"126":[0,0],"127":[0,0],"128":[0,0],"129":[0,0],"130":[0,0],"131":[0,0],"132":[0,0],"133":[0,0],"134":[0,0],"135":[0,0],"136":[0,0],"137":[0,0],"138":[0,0],"139":[0,0],"140":[0]},"inputSourceMap":null,"_coverageSchema":"1a1c01bbd47fc00a2c39e90264f33305004495a9","hash":"27204ae038f557232fc10ffa8edac2f31593f41a"}
}
