TN:
SF:main.js
FNF:0
FNH:0
LF:0
LH:0
BRF:0
BRH:0
end_of_record
TN:
SF:components/client.js
FN:12,(anonymous_0)
FN:28,(anonymous_1)
FN:32,(anonymous_2)
FN:36,(anonymous_3)
FN:43,(anonymous_4)
FNF:5
FNH:1
FNDA:1,(anonymous_0)
FNDA:0,(anonymous_1)
FNDA:0,(anonymous_2)
FNDA:0,(anonymous_3)
FNDA:0,(anonymous_4)
DA:13,1
DA:14,0
DA:17,1
DA:18,1
DA:20,1
DA:21,0
DA:29,0
DA:33,0
DA:37,0
DA:44,0
LF:10
LH:4
BRDA:12,0,0,0
BRDA:12,1,0,0
BRDA:12,2,0,1
BRDA:12,3,0,1
BRDA:13,4,0,0
BRDA:13,4,1,1
BRDA:20,5,0,0
BRDA:20,5,1,1
BRF:8
BRH:4
end_of_record
TN:
SF:components/reducer.js
FN:31,(anonymous_0)
FN:45,(anonymous_1)
FN:51,(anonymous_2)
FN:57,(anonymous_3)
FN:63,(anonymous_4)
FN:69,(anonymous_5)
FN:79,sleep
FN:80,(anonymous_7)
FN:83,validateConfig
FN:97,ensureUrlList
FN:108,normalizeUrl
FN:118,validateOptions
FN:148,classifyBySpCode
FN:169,buildErrorFromSp
FN:185,fetchWithTimeout
FN:187,(anonymous_15)
FN:198,readJsonSafe
FN:212,requestJsonWithRetry
FN:221,(anonymous_18)
FN:253,pickFirstMeta
FN:260,pollUntilReady
FN:282,ensureMetaArray
FN:289,getSpCode
FN:293,validatePollConfig
FN:307,getWebFormDataAndFile
FN:324,mimeFromFilename
FN:335,fileFromDisk
FN:356,pickBestOutputUrl
FN:364,(anonymous_28)
FN:387,(anonymous_29)
FN:395,(anonymous_30)
FN:400,(anonymous_31)
FN:424,(anonymous_32)
FN:456,(anonymous_33)
FN:470,(anonymous_34)
FN:505,(anonymous_35)
FN:564,(anonymous_36)
FN:574,(anonymous_37)
FN:580,(anonymous_38)
FN:582,(anonymous_39)
FN:582,(anonymous_40)
FN:601,(anonymous_41)
FN:602,(anonymous_42)
FN:611,(anonymous_43)
FN:638,(anonymous_44)
FN:642,(anonymous_45)
FN:649,(anonymous_46)
FN:653,(anonymous_47)
FN:657,(anonymous_48)
FN:657,(anonymous_49)
FN:664,fromUrl
FN:667,fromBuffer
FN:670,fromFile
FNF:53
FNH:21
FNDA:0,(anonymous_0)
FNDA:0,(anonymous_1)
FNDA:0,(anonymous_2)
FNDA:0,(anonymous_3)
FNDA:0,(anonymous_4)
FNDA:0,(anonymous_5)
FNDA:0,sleep
FNDA:0,(anonymous_7)
FNDA:1,validateConfig
FNDA:0,ensureUrlList
FNDA:0,normalizeUrl
FNDA:1,validateOptions
FNDA:0,classifyBySpCode
FNDA:0,buildErrorFromSp
FNDA:1,fetchWithTimeout
FNDA:0,(anonymous_15)
FNDA:1,readJsonSafe
FNDA:1,requestJsonWithRetry
FNDA:0,(anonymous_18)
FNDA:0,pickFirstMeta
FNDA:0,pollUntilReady
FNDA:1,ensureMetaArray
FNDA:4,getSpCode
FNDA:1,validatePollConfig
FNDA:3,getWebFormDataAndFile
FNDA:2,mimeFromFilename
FNDA:2,fileFromDisk
FNDA:0,pickBestOutputUrl
FNDA:0,(anonymous_28)
FNDA:1,(anonymous_29)
FNDA:1,(anonymous_30)
FNDA:0,(anonymous_31)
FNDA:0,(anonymous_32)
FNDA:1,(anonymous_33)
FNDA:2,(anonymous_34)
FNDA:1,(anonymous_35)
FNDA:2,(anonymous_36)
FNDA:2,(anonymous_37)
FNDA:2,(anonymous_38)
FNDA:1,(anonymous_39)
FNDA:2,(anonymous_40)
FNDA:0,(anonymous_41)
FNDA:0,(anonymous_42)
FNDA:0,(anonymous_43)
FNDA:0,(anonymous_44)
FNDA:0,(anonymous_45)
FNDA:0,(anonymous_46)
FNDA:0,(anonymous_47)
FNDA:0,(anonymous_48)
FNDA:0,(anonymous_49)
FNDA:0,fromUrl
FNDA:0,fromBuffer
FNDA:0,fromFile
DA:10,2
DA:11,2
DA:13,2
DA:35,0
DA:36,0
DA:37,0
DA:38,0
DA:39,0
DA:40,0
DA:41,0
DA:46,0
DA:47,0
DA:52,0
DA:53,0
DA:58,0
DA:59,0
DA:64,0
DA:65,0
DA:70,0
DA:71,0
DA:72,0
DA:80,0
DA:84,1
DA:85,0
DA:87,1
DA:88,0
DA:90,1
DA:91,0
DA:98,0
DA:99,0
DA:101,0
DA:102,0
DA:109,0
DA:110,0
DA:111,0
DA:112,0
DA:114,0
DA:120,1
DA:121,0
DA:122,0
DA:123,0
DA:124,0
DA:132,1
DA:133,0
DA:134,0
DA:135,0
DA:140,1
DA:141,1
DA:142,1
DA:143,0
DA:149,0
DA:150,0
DA:153,0
DA:154,0
DA:157,0
DA:163,0
DA:165,0
DA:166,0
DA:170,0
DA:171,0
DA:172,0
DA:174,0
DA:175,0
DA:176,0
DA:177,0
DA:178,0
DA:179,0
DA:180,0
DA:182,0
DA:186,1
DA:187,1
DA:189,1
DA:190,1
DA:192,0
DA:194,1
DA:199,1
DA:200,1
DA:201,1
DA:202,1
DA:204,0
DA:213,1
DA:214,1
DA:216,1
DA:217,1
DA:218,1
DA:220,1
DA:221,0
DA:224,0
DA:225,0
DA:231,0
DA:237,1
DA:239,0
DA:240,0
DA:242,0
DA:244,0
DA:245,0
DA:246,0
DA:250,0
DA:254,0
DA:255,0
DA:257,0
DA:261,0
DA:263,0
DA:264,0
DA:265,0
DA:267,0
DA:268,0
DA:270,0
DA:273,0
DA:274,0
DA:275,0
DA:283,1
DA:284,0
DA:286,1
DA:290,4
DA:294,1
DA:295,1
DA:296,0
DA:298,1
DA:299,0
DA:309,3
DA:310,3
DA:314,0
DA:315,0
DA:316,0
DA:318,0
DA:325,2
DA:326,2
DA:327,1
DA:328,0
DA:329,0
DA:330,0
DA:331,0
DA:332,0
DA:336,2
DA:339,2
DA:340,2
DA:341,0
DA:342,0
DA:343,0
DA:350,2
DA:351,2
DA:352,2
DA:353,2
DA:358,0
DA:359,0
DA:361,0
DA:362,0
DA:364,0
DA:365,0
DA:366,0
DA:367,0
DA:370,0
DA:371,0
DA:372,0
DA:374,0
DA:375,0
DA:376,0
DA:380,0
DA:388,1
DA:389,1
DA:390,1
DA:391,1
DA:392,1
DA:396,1
DA:397,1
DA:401,0
DA:403,0
DA:404,0
DA:407,0
DA:408,0
DA:409,0
DA:412,0
DA:414,0
DA:422,0
DA:424,0
DA:425,0
DA:435,0
DA:436,0
DA:438,0
DA:439,0
DA:442,0
DA:443,0
DA:445,0
DA:446,0
DA:449,0
DA:457,1
DA:458,1
DA:459,1
DA:461,1
DA:465,1
DA:466,0
DA:470,1
DA:471,2
DA:472,2
DA:474,2
DA:475,0
DA:482,2
DA:486,2
DA:487,2
DA:488,0
DA:495,2
DA:505,1
DA:506,1
DA:507,1
DA:510,1
DA:511,1
DA:512,1
DA:515,1
DA:516,4
DA:518,4
DA:519,4
DA:523,1
DA:524,2
DA:525,1
DA:528,1
DA:529,2
DA:530,0
DA:531,0
DA:532,0
DA:534,2
DA:535,2
DA:541,1
DA:551,1
DA:555,1
DA:557,1
DA:558,0
DA:564,1
DA:565,2
DA:566,2
DA:568,2
DA:570,0
DA:571,0
DA:574,2
DA:575,1
DA:576,0
DA:580,2
DA:581,1
DA:582,2
DA:586,0
DA:587,0
DA:588,0
DA:589,0
DA:590,0
DA:595,0
DA:598,0
DA:599,0
DA:600,0
DA:601,0
DA:602,0
DA:605,0
DA:607,0
DA:611,0
DA:614,0
DA:616,0
DA:626,0
DA:628,0
DA:629,0
DA:630,0
DA:632,0
DA:633,0
DA:635,0
DA:636,0
DA:638,0
DA:639,0
DA:642,0
DA:643,0
DA:645,0
DA:646,0
DA:649,0
DA:650,0
DA:651,0
DA:653,0
DA:657,0
DA:665,0
DA:668,0
DA:671,0
LF:277
LH:95
BRDA:33,0,0,0
BRDA:33,1,0,0
BRDA:33,2,0,0
BRDA:33,3,0,0
BRDA:33,4,0,0
BRDA:33,5,0,0
BRDA:45,6,0,0
BRDA:51,7,0,0
BRDA:57,8,0,0
BRDA:63,9,0,0
BRDA:69,10,0,0
BRDA:69,11,0,0
BRDA:84,12,0,0
BRDA:84,12,1,1
BRDA:84,13,0,1
BRDA:84,13,1,1
BRDA:84,13,2,1
BRDA:87,14,0,0
BRDA:87,14,1,1
BRDA:87,15,0,1
BRDA:87,15,1,1
BRDA:90,16,0,0
BRDA:90,16,1,1
BRDA:98,17,0,0
BRDA:98,17,1,0
BRDA:98,18,0,0
BRDA:98,18,1,0
BRDA:101,19,0,0
BRDA:101,19,1,0
BRDA:109,20,0,0
BRDA:109,20,1,0
BRDA:109,21,0,0
BRDA:109,21,1,0
BRDA:118,22,0,0
BRDA:120,23,0,0
BRDA:120,23,1,1
BRDA:120,24,0,1
BRDA:120,24,1,0
BRDA:121,25,0,0
BRDA:121,25,1,0
BRDA:122,26,0,0
BRDA:122,26,1,0
BRDA:123,27,0,0
BRDA:123,27,1,0
BRDA:123,28,0,0
BRDA:123,28,1,0
BRDA:123,28,2,0
BRDA:123,28,3,0
BRDA:132,29,0,0
BRDA:132,29,1,1
BRDA:134,30,0,0
BRDA:134,30,1,0
BRDA:140,31,0,1
BRDA:140,31,1,0
BRDA:142,32,0,0
BRDA:142,32,1,1
BRDA:142,33,0,1
BRDA:142,33,1,1
BRDA:142,33,2,1
BRDA:149,34,0,0
BRDA:149,34,1,0
BRDA:149,35,0,0
BRDA:149,35,1,0
BRDA:150,36,0,0
BRDA:150,36,1,0
BRDA:150,37,0,0
BRDA:150,37,1,0
BRDA:153,38,0,0
BRDA:153,38,1,0
BRDA:153,39,0,0
BRDA:153,39,1,0
BRDA:153,39,2,0
BRDA:153,39,3,0
BRDA:153,39,4,0
BRDA:157,40,0,0
BRDA:157,40,1,0
BRDA:165,41,0,0
BRDA:165,41,1,0
BRDA:169,42,0,0
BRDA:171,43,0,0
BRDA:171,43,1,0
BRDA:175,44,0,0
BRDA:175,44,1,0
BRDA:176,45,0,0
BRDA:176,45,1,0
BRDA:177,46,0,0
BRDA:177,46,1,0
BRDA:179,47,0,0
BRDA:179,47,1,0
BRDA:199,48,0,1
BRDA:199,48,1,0
BRDA:220,49,0,0
BRDA:220,49,1,1
BRDA:224,50,0,0
BRDA:224,50,1,0
BRDA:224,51,0,0
BRDA:224,51,1,0
BRDA:224,51,2,0
BRDA:242,52,0,0
BRDA:242,52,1,0
BRDA:242,53,0,0
BRDA:242,53,1,0
BRDA:250,54,0,0
BRDA:250,54,1,0
BRDA:254,55,0,0
BRDA:254,55,1,0
BRDA:254,56,0,0
BRDA:254,56,1,0
BRDA:267,57,0,0
BRDA:267,57,1,0
BRDA:268,58,0,0
BRDA:268,58,1,0
BRDA:273,59,0,0
BRDA:273,59,1,0
BRDA:274,60,0,0
BRDA:274,60,1,0
BRDA:283,61,0,0
BRDA:283,61,1,1
BRDA:283,62,0,1
BRDA:283,62,1,1
BRDA:294,63,0,0
BRDA:294,63,1,1
BRDA:295,64,0,0
BRDA:295,64,1,1
BRDA:295,65,0,1
BRDA:295,65,1,1
BRDA:298,66,0,0
BRDA:298,66,1,1
BRDA:298,67,0,1
BRDA:298,67,1,1
BRDA:309,68,0,3
BRDA:309,68,1,0
BRDA:309,69,0,3
BRDA:309,69,1,3
BRDA:326,70,0,1
BRDA:326,70,1,1
BRDA:327,71,0,1
BRDA:327,71,1,0
BRDA:327,72,0,1
BRDA:327,72,1,0
BRDA:328,73,0,0
BRDA:328,73,1,0
BRDA:329,74,0,0
BRDA:329,74,1,0
BRDA:330,75,0,0
BRDA:330,75,1,0
BRDA:331,76,0,0
BRDA:331,76,1,0
BRDA:341,77,0,0
BRDA:341,77,1,0
BRDA:356,78,0,0
BRDA:358,79,0,0
BRDA:358,79,1,0
BRDA:359,80,0,0
BRDA:359,80,1,0
BRDA:365,81,0,0
BRDA:365,81,1,0
BRDA:365,82,0,0
BRDA:365,82,1,0
BRDA:365,82,2,0
BRDA:366,83,0,0
BRDA:366,83,1,0
BRDA:366,84,0,0
BRDA:366,84,1,0
BRDA:370,85,0,0
BRDA:370,85,1,0
BRDA:372,86,0,0
BRDA:372,86,1,0
BRDA:374,87,0,0
BRDA:374,87,1,0
BRDA:376,88,0,0
BRDA:376,88,1,0
BRDA:387,89,0,0
BRDA:387,90,0,1
BRDA:387,91,0,1
BRDA:387,92,0,1
BRDA:395,93,0,0
BRDA:403,94,0,0
BRDA:403,94,1,0
BRDA:408,95,0,0
BRDA:408,95,1,0
BRDA:417,96,0,0
BRDA:417,96,1,0
BRDA:438,97,0,0
BRDA:438,97,1,0
BRDA:438,98,0,0
BRDA:438,98,1,0
BRDA:445,99,0,0
BRDA:445,99,1,0
BRDA:445,100,0,0
BRDA:445,100,1,0
BRDA:461,101,0,1
BRDA:461,101,1,0
BRDA:461,102,0,1
BRDA:461,102,1,1
BRDA:463,103,0,0
BRDA:463,103,1,0
BRDA:463,104,0,0
BRDA:463,104,1,0
BRDA:465,105,0,0
BRDA:465,105,1,1
BRDA:474,106,0,0
BRDA:474,106,1,2
BRDA:474,107,0,2
BRDA:474,107,1,2
BRDA:482,108,0,2
BRDA:482,108,1,0
BRDA:482,109,0,2
BRDA:482,109,1,2
BRDA:486,110,0,2
BRDA:486,110,1,0
BRDA:487,111,0,0
BRDA:487,111,1,2
BRDA:497,112,0,0
BRDA:497,112,1,2
BRDA:498,113,0,0
BRDA:498,113,1,2
BRDA:512,114,0,1
BRDA:512,114,1,0
BRDA:516,115,0,0
BRDA:516,115,1,4
BRDA:516,116,0,4
BRDA:516,116,1,4
BRDA:518,117,0,0
BRDA:518,117,1,4
BRDA:519,118,0,0
BRDA:519,118,1,4
BRDA:529,119,0,0
BRDA:529,119,1,2
BRDA:557,120,0,0
BRDA:557,120,1,1
BRDA:568,121,0,2
BRDA:568,121,1,0
BRDA:568,122,0,2
BRDA:568,122,1,2
BRDA:575,123,0,0
BRDA:575,123,1,1
BRDA:581,124,0,1
BRDA:581,124,1,0
BRDA:581,125,0,1
BRDA:581,125,1,1
BRDA:589,126,0,0
BRDA:589,126,1,0
BRDA:589,127,0,0
BRDA:589,127,1,0
BRDA:601,128,0,0
BRDA:601,128,1,0
BRDA:605,129,0,0
BRDA:605,129,1,0
BRDA:630,130,0,0
BRDA:630,130,1,0
BRDA:630,131,0,0
BRDA:630,131,1,0
BRDA:633,132,0,0
BRDA:633,132,1,0
BRDA:633,133,0,0
BRDA:633,133,1,0
BRDA:636,134,0,0
BRDA:636,134,1,0
BRDA:639,135,0,0
BRDA:639,135,1,0
BRDA:642,136,0,0
BRDA:642,136,1,0
BRDA:643,137,0,0
BRDA:643,137,1,0
BRDA:649,138,0,0
BRDA:649,138,1,0
BRDA:650,139,0,0
BRDA:650,139,1,0
BRDA:667,140,0,0
BRF:270
BRH:67
end_of_record
