TN:
SF:main.js
FNF:0
FNH:0
LF:0
LH:0
BRF:0
BRH:0
end_of_record
TN:
SF:components/client.js
FN:62,isUrlString
FN:72,isBufferLikeEntry
FN:79,isFileLikeEntry
FN:88,(anonymous_3)
FN:101,(anonymous_4)
FN:108,(anonymous_5)
FN:111,(anonymous_6)
FN:114,(anonymous_7)
FN:118,(anonymous_8)
FN:121,(anonymous_9)
FN:125,(anonymous_10)
FN:128,(anonymous_11)
FN:135,(anonymous_12)
FN:138,(anonymous_13)
FN:142,(anonymous_14)
FN:145,(anonymous_15)
FN:149,(anonymous_16)
FN:152,(anonymous_17)
FN:157,(anonymous_18)
FN:169,(anonymous_19)
FN:174,(anonymous_20)
FN:175,(anonymous_21)
FN:180,(anonymous_22)
FN:184,(anonymous_23)
FN:185,(anonymous_24)
FN:188,(anonymous_25)
FN:193,(anonymous_26)
FN:201,(anonymous_27)
FN:249,(anonymous_28)
FN:279,(anonymous_29)
FN:283,(anonymous_30)
FN:287,(anonymous_31)
FN:291,(anonymous_32)
FN:295,(anonymous_33)
FN:299,(anonymous_34)
FN:303,(anonymous_35)
FN:311,(anonymous_36)
FN:315,(anonymous_37)
FN:323,(anonymous_38)
FN:331,(anonymous_39)
FN:335,(anonymous_40)
FN:339,(anonymous_41)
FN:343,(anonymous_42)
FN:347,(anonymous_43)
FN:351,(anonymous_44)
FN:358,(anonymous_45)
FNF:46
FNH:34
FNDA:19,isUrlString
FNDA:0,isBufferLikeEntry
FNDA:0,isFileLikeEntry
FNDA:7,(anonymous_3)
FNDA:1,(anonymous_4)
FNDA:2,(anonymous_5)
FNDA:1,(anonymous_6)
FNDA:0,(anonymous_7)
FNDA:2,(anonymous_8)
FNDA:1,(anonymous_9)
FNDA:18,(anonymous_10)
FNDA:1,(anonymous_11)
FNDA:1,(anonymous_12)
FNDA:1,(anonymous_13)
FNDA:1,(anonymous_14)
FNDA:1,(anonymous_15)
FNDA:2,(anonymous_16)
FNDA:1,(anonymous_17)
FNDA:23,(anonymous_18)
FNDA:0,(anonymous_19)
FNDA:0,(anonymous_20)
FNDA:0,(anonymous_21)
FNDA:0,(anonymous_22)
FNDA:0,(anonymous_23)
FNDA:0,(anonymous_24)
FNDA:0,(anonymous_25)
FNDA:0,(anonymous_26)
FNDA:2,(anonymous_27)
FNDA:23,(anonymous_28)
FNDA:18,(anonymous_29)
FNDA:1,(anonymous_30)
FNDA:1,(anonymous_31)
FNDA:1,(anonymous_32)
FNDA:1,(anonymous_33)
FNDA:2,(anonymous_34)
FNDA:3,(anonymous_35)
FNDA:1,(anonymous_36)
FNDA:1,(anonymous_37)
FNDA:1,(anonymous_38)
FNDA:1,(anonymous_39)
FNDA:1,(anonymous_40)
FNDA:1,(anonymous_41)
FNDA:3,(anonymous_42)
FNDA:1,(anonymous_43)
FNDA:1,(anonymous_44)
FNDA:0,(anonymous_45)
DA:59,5
DA:60,5
DA:63,19
DA:64,19
DA:65,19
DA:66,2
DA:68,17
DA:73,0
DA:80,0
DA:89,7
DA:90,0
DA:93,7
DA:94,7
DA:96,7
DA:97,0
DA:102,1
DA:103,1
DA:109,2
DA:112,1
DA:115,0
DA:119,2
DA:122,1
DA:126,18
DA:129,1
DA:136,1
DA:139,1
DA:143,1
DA:146,1
DA:150,2
DA:153,1
DA:162,23
DA:164,23
DA:170,0
DA:171,0
DA:174,0
DA:175,0
DA:176,0
DA:177,0
DA:180,0
DA:181,0
DA:184,0
DA:185,0
DA:188,0
DA:189,0
DA:190,0
DA:193,0
DA:194,0
DA:197,0
DA:202,2
DA:207,2
DA:208,0
DA:210,2
DA:211,0
DA:214,2
DA:215,0
DA:217,2
DA:218,0
DA:220,2
DA:221,0
DA:223,2
DA:224,2
DA:225,0
DA:227,2
DA:230,0
DA:231,0
DA:232,0
DA:234,0
DA:235,0
DA:236,0
DA:239,0
DA:251,23
DA:253,23
DA:254,0
DA:257,23
DA:258,2
DA:259,2
DA:262,21
DA:263,19
DA:264,17
DA:267,2
DA:268,0
DA:271,2
DA:272,2
DA:275,0
DA:280,18
DA:284,1
DA:288,1
DA:292,1
DA:296,1
DA:300,2
DA:304,3
DA:312,1
DA:316,1
DA:324,1
DA:332,1
DA:336,1
DA:340,1
DA:344,3
DA:348,1
DA:352,1
DA:359,0
LF:101
LH:63
BRDA:63,0,0,0
BRDA:63,0,1,19
BRDA:63,1,0,19
BRDA:63,1,1,19
BRDA:74,2,0,0
BRDA:74,2,1,0
BRDA:74,2,2,0
BRDA:74,2,3,0
BRDA:81,3,0,0
BRDA:81,3,1,0
BRDA:81,3,2,0
BRDA:81,3,3,0
BRDA:81,3,4,0
BRDA:88,4,0,0
BRDA:88,5,0,0
BRDA:88,6,0,7
BRDA:88,7,0,7
BRDA:89,8,0,0
BRDA:89,8,1,7
BRDA:96,9,0,0
BRDA:96,9,1,7
BRDA:102,10,0,1
BRDA:102,10,1,0
BRDA:157,11,0,0
BRDA:159,12,0,21
BRDA:160,13,0,23
BRDA:162,14,0,23
BRDA:162,14,1,0
BRDA:170,15,0,0
BRDA:170,15,1,0
BRDA:170,16,0,0
BRDA:170,16,1,0
BRDA:174,17,0,0
BRDA:174,17,1,0
BRDA:175,18,0,0
BRDA:175,18,1,0
BRDA:176,19,0,0
BRDA:176,19,1,0
BRDA:176,20,0,0
BRDA:176,20,1,0
BRDA:180,21,0,0
BRDA:180,21,1,0
BRDA:180,22,0,0
BRDA:180,22,1,0
BRDA:184,23,0,0
BRDA:184,23,1,0
BRDA:184,24,0,0
BRDA:184,24,1,0
BRDA:184,24,2,0
BRDA:188,25,0,0
BRDA:188,25,1,0
BRDA:189,26,0,0
BRDA:189,26,1,0
BRDA:189,26,2,0
BRDA:193,27,0,0
BRDA:193,27,1,0
BRDA:203,28,0,0
BRDA:203,28,1,2
BRDA:203,29,0,2
BRDA:203,29,1,0
BRDA:207,30,0,0
BRDA:207,30,1,2
BRDA:210,31,0,0
BRDA:210,31,1,2
BRDA:214,32,0,0
BRDA:214,32,1,2
BRDA:217,33,0,0
BRDA:217,33,1,2
BRDA:220,34,0,0
BRDA:220,34,1,2
BRDA:223,35,0,2
BRDA:223,35,1,0
BRDA:224,36,0,0
BRDA:224,36,1,2
BRDA:230,37,0,0
BRDA:230,37,1,0
BRDA:231,38,0,0
BRDA:231,38,1,0
BRDA:231,38,2,0
BRDA:231,38,3,0
BRDA:234,39,0,0
BRDA:234,39,1,0
BRDA:235,40,0,0
BRDA:235,40,1,0
BRDA:235,40,2,0
BRDA:249,41,0,0
BRDA:253,42,0,0
BRDA:253,42,1,23
BRDA:257,43,0,2
BRDA:257,43,1,21
BRDA:258,44,0,2
BRDA:258,44,1,0
BRDA:262,45,0,19
BRDA:262,45,1,2
BRDA:263,46,0,2
BRDA:263,46,1,17
BRDA:267,47,0,0
BRDA:267,47,1,2
BRDA:271,48,0,2
BRDA:271,48,1,0
BRDA:271,49,0,2
BRDA:271,49,1,2
BRDA:279,50,0,0
BRDA:283,51,0,1
BRDA:287,52,0,1
BRDA:291,53,0,1
BRDA:295,54,0,1
BRDA:299,55,0,0
BRDA:299,56,0,1
BRDA:303,57,0,1
BRDA:311,58,0,1
BRDA:315,59,0,1
BRDA:323,60,0,1
BRDA:331,61,0,1
BRDA:335,62,0,0
BRDA:335,63,0,1
BRDA:336,64,0,1
BRDA:336,64,1,0
BRDA:339,65,0,0
BRDA:339,66,0,1
BRDA:340,67,0,1
BRDA:340,67,1,0
BRDA:343,68,0,0
BRDA:343,69,0,1
BRDA:347,70,0,1
BRDA:351,71,0,0
BRDA:351,72,0,1
BRDA:352,73,0,1
BRDA:352,73,1,0
BRF:129
BRH:50
end_of_record
TN:
SF:components/common-utils.js
FN:10,sleep
FN:11,(anonymous_1)
FN:14,normalizeUrl
FN:24,fetchWithTimeout
FN:26,(anonymous_4)
FN:37,requestJsonWithRetry
FN:46,(anonymous_6)
FN:78,pickFirstMeta
FN:86,pollUntilReady
FN:108,ensureMetaArray
FN:115,fileFromDisk
FN:137,mimeFromFilename
FN:152,getWebFormDataAndFile
FNF:13
FNH:9
FNDA:13,sleep
FNDA:13,(anonymous_1)
FNDA:4,normalizeUrl
FNDA:67,fetchWithTimeout
FNDA:0,(anonymous_4)
FNDA:40,requestJsonWithRetry
FNDA:0,(anonymous_6)
FNDA:0,pickFirstMeta
FNDA:0,pollUntilReady
FNDA:39,ensureMetaArray
FNDA:20,fileFromDisk
FNDA:24,mimeFromFilename
FNDA:42,getWebFormDataAndFile
DA:11,13
DA:15,4
DA:16,4
DA:17,4
DA:18,4
DA:20,0
DA:25,67
DA:26,67
DA:28,67
DA:29,67
DA:31,0
DA:33,66
DA:38,40
DA:39,40
DA:41,40
DA:42,40
DA:43,40
DA:45,39
DA:46,0
DA:49,0
DA:50,0
DA:56,0
DA:62,39
DA:64,0
DA:65,0
DA:67,0
DA:69,0
DA:70,0
DA:71,0
DA:75,0
DA:79,0
DA:80,0
DA:82,0
DA:87,0
DA:89,0
DA:90,0
DA:91,0
DA:93,0
DA:94,0
DA:96,0
DA:99,0
DA:100,0
DA:101,0
DA:109,39
DA:110,0
DA:112,39
DA:116,20
DA:119,20
DA:120,20
DA:121,0
DA:122,0
DA:123,0
DA:130,20
DA:131,20
DA:132,20
DA:133,20
DA:138,24
DA:139,24
DA:140,0
DA:141,0
DA:142,0
DA:143,0
DA:144,0
DA:145,0
DA:154,42
DA:155,42
DA:159,0
DA:160,0
DA:161,0
DA:163,0
LF:70
LH:30
BRDA:15,0,0,0
BRDA:15,0,1,4
BRDA:15,1,0,4
BRDA:15,1,1,4
BRDA:45,2,0,0
BRDA:45,2,1,39
BRDA:49,3,0,0
BRDA:49,3,1,0
BRDA:49,4,0,0
BRDA:49,4,1,0
BRDA:49,4,2,0
BRDA:67,5,0,0
BRDA:67,5,1,0
BRDA:67,6,0,0
BRDA:67,6,1,0
BRDA:75,7,0,0
BRDA:75,7,1,0
BRDA:79,8,0,0
BRDA:79,8,1,0
BRDA:79,9,0,0
BRDA:79,9,1,0
BRDA:93,10,0,0
BRDA:93,10,1,0
BRDA:94,11,0,0
BRDA:94,11,1,0
BRDA:99,12,0,0
BRDA:99,12,1,0
BRDA:100,13,0,0
BRDA:100,13,1,0
BRDA:109,14,0,0
BRDA:109,14,1,39
BRDA:109,15,0,39
BRDA:109,15,1,39
BRDA:121,16,0,0
BRDA:121,16,1,0
BRDA:139,17,0,24
BRDA:139,17,1,0
BRDA:140,18,0,0
BRDA:140,18,1,0
BRDA:140,19,0,0
BRDA:140,19,1,0
BRDA:141,20,0,0
BRDA:141,20,1,0
BRDA:142,21,0,0
BRDA:142,21,1,0
BRDA:143,22,0,0
BRDA:143,22,1,0
BRDA:144,23,0,0
BRDA:144,23,1,0
BRDA:154,24,0,42
BRDA:154,24,1,0
BRDA:154,25,0,42
BRDA:154,25,1,42
BRF:53
BRH:11
end_of_record
TN:
SF:components/config.js
FNF:0
FNH:0
DA:1,5
DA:20,5
LF:2
LH:2
BRDA:20,0,0,5
BRDA:20,0,1,5
BRF:2
BRH:2
end_of_record
TN:
SF:components/error-utils.js
FN:5,(anonymous_0)
FN:19,(anonymous_1)
FN:25,(anonymous_2)
FN:31,(anonymous_3)
FN:37,(anonymous_4)
FN:44,(anonymous_5)
FNF:6
FNH:0
FNDA:0,(anonymous_0)
FNDA:0,(anonymous_1)
FNDA:0,(anonymous_2)
FNDA:0,(anonymous_3)
FNDA:0,(anonymous_4)
FNDA:0,(anonymous_5)
DA:9,0
DA:10,0
DA:11,0
DA:12,0
DA:13,0
DA:14,0
DA:15,0
DA:20,0
DA:21,0
DA:26,0
DA:27,0
DA:32,0
DA:33,0
DA:38,0
DA:39,0
DA:45,0
DA:46,0
DA:47,0
LF:18
LH:0
BRDA:7,0,0,0
BRDA:7,1,0,0
BRDA:7,2,0,0
BRDA:7,3,0,0
BRDA:7,4,0,0
BRDA:7,5,0,0
BRDA:19,6,0,0
BRDA:25,7,0,0
BRDA:31,8,0,0
BRDA:37,9,0,0
BRDA:44,10,0,0
BRDA:44,11,0,0
BRF:12
BRH:0
end_of_record
TN:
SF:components/reducer.js
FNF:0
FNH:0
LF:0
LH:0
BRF:0
BRH:0
end_of_record
TN:
SF:components/spcode-utils.js
FN:9,classifyBySpCode
FN:30,getSpCode
FN:34,buildErrorFromSp
FNF:3
FNH:1
FNDA:0,classifyBySpCode
FNDA:104,getSpCode
FNDA:0,buildErrorFromSp
DA:10,0
DA:11,0
DA:14,0
DA:15,0
DA:18,0
DA:24,0
DA:26,0
DA:27,0
DA:31,104
DA:35,0
DA:36,0
DA:37,0
DA:39,0
DA:40,0
DA:41,0
DA:42,0
DA:43,0
DA:44,0
DA:45,0
DA:47,0
LF:20
LH:1
BRDA:10,0,0,0
BRDA:10,0,1,0
BRDA:10,1,0,0
BRDA:10,1,1,0
BRDA:11,2,0,0
BRDA:11,2,1,0
BRDA:11,3,0,0
BRDA:11,3,1,0
BRDA:14,4,0,0
BRDA:14,4,1,0
BRDA:14,5,0,0
BRDA:14,5,1,0
BRDA:14,5,2,0
BRDA:14,5,3,0
BRDA:14,5,4,0
BRDA:18,6,0,0
BRDA:18,6,1,0
BRDA:26,7,0,0
BRDA:26,7,1,0
BRDA:34,8,0,0
BRDA:36,9,0,0
BRDA:36,9,1,0
BRDA:40,10,0,0
BRDA:40,10,1,0
BRDA:41,11,0,0
BRDA:41,11,1,0
BRDA:42,12,0,0
BRDA:42,12,1,0
BRDA:44,13,0,0
BRDA:44,13,1,0
BRF:30
BRH:0
end_of_record
TN:
SF:components/validate-utils.js
FN:8,validateConfig
FN:22,ensureUrlList
FN:33,validateOptions
FN:63,readJsonSafe
FN:77,validatePollConfig
FNF:5
FNH:5
FNDA:25,validateConfig
FNDA:18,ensureUrlList
FNDA:25,validateOptions
FNDA:39,readJsonSafe
FNDA:25,validatePollConfig
DA:9,25
DA:10,0
DA:12,25
DA:13,0
DA:15,25
DA:16,0
DA:23,18
DA:24,0
DA:26,18
DA:27,0
DA:35,25
DA:36,4
DA:37,4
DA:38,4
DA:39,0
DA:47,25
DA:48,1
DA:49,1
DA:50,0
DA:55,25
DA:56,1
DA:57,1
DA:58,0
DA:64,39
DA:65,39
DA:66,39
DA:67,39
DA:69,0
DA:78,25
DA:79,25
DA:80,0
DA:82,25
DA:83,0
LF:33
LH:22
BRDA:9,0,0,0
BRDA:9,0,1,25
BRDA:9,1,0,25
BRDA:9,1,1,25
BRDA:9,1,2,25
BRDA:12,2,0,0
BRDA:12,2,1,25
BRDA:12,3,0,25
BRDA:12,3,1,25
BRDA:15,4,0,0
BRDA:15,4,1,25
BRDA:23,5,0,0
BRDA:23,5,1,18
BRDA:23,6,0,18
BRDA:23,6,1,18
BRDA:26,7,0,0
BRDA:26,7,1,18
BRDA:33,8,0,0
BRDA:35,9,0,4
BRDA:35,9,1,21
BRDA:35,10,0,25
BRDA:35,10,1,4
BRDA:36,11,0,4
BRDA:36,11,1,0
BRDA:37,12,0,4
BRDA:37,12,1,0
BRDA:38,13,0,0
BRDA:38,13,1,4
BRDA:38,14,0,4
BRDA:38,14,1,4
BRDA:38,14,2,0
BRDA:38,14,3,0
BRDA:47,15,0,1
BRDA:47,15,1,24
BRDA:49,16,0,0
BRDA:49,16,1,1
BRDA:55,17,0,1
BRDA:55,17,1,24
BRDA:57,18,0,0
BRDA:57,18,1,1
BRDA:57,19,0,1
BRDA:57,19,1,1
BRDA:57,19,2,1
BRDA:64,20,0,39
BRDA:64,20,1,0
BRDA:78,21,0,0
BRDA:78,21,1,25
BRDA:79,22,0,0
BRDA:79,22,1,25
BRDA:79,23,0,25
BRDA:79,23,1,25
BRDA:82,24,0,0
BRDA:82,24,1,25
BRDA:82,25,0,25
BRDA:82,25,1,25
BRF:55
BRH:38
end_of_record
TN:
SF:components/reducer/constants.js
FNF:0
FNH:0
DA:2,5
DA:3,5
LF:2
LH:2
BRF:0
BRH:0
end_of_record
TN:
SF:components/reducer/pick-best-output-url.js
FN:1,pickBestOutputUrl
FN:9,(anonymous_1)
FNF:2
FNH:2
FNDA:27,pickBestOutputUrl
FNDA:27,(anonymous_1)
DA:3,27
DA:4,27
DA:6,27
DA:7,27
DA:9,27
DA:10,27
DA:11,1
DA:12,0
DA:15,27
DA:16,0
DA:17,0
DA:19,27
DA:20,1
DA:21,1
DA:25,26
LF:15
LH:12
BRDA:1,0,0,0
BRDA:3,1,0,1
BRDA:3,1,1,26
BRDA:4,2,0,27
BRDA:4,2,1,11
BRDA:10,3,0,26
BRDA:10,3,1,1
BRDA:10,4,0,27
BRDA:10,4,1,26
BRDA:10,4,2,26
BRDA:11,5,0,1
BRDA:11,5,1,0
BRDA:11,6,0,1
BRDA:11,6,1,1
BRDA:15,7,0,0
BRDA:15,7,1,27
BRDA:17,8,0,0
BRDA:17,8,1,0
BRDA:19,9,0,1
BRDA:19,9,1,26
BRDA:21,10,0,1
BRDA:21,10,1,0
BRF:22
BRH:16
end_of_record
TN:
SF:components/reducer/source.js
FN:77,(anonymous_0)
FN:91,(anonymous_1)
FN:102,(anonymous_2)
FN:109,(anonymous_3)
FN:132,(anonymous_4)
FN:144,(anonymous_5)
FN:154,(anonymous_6)
FN:192,(anonymous_7)
FN:205,(anonymous_8)
FN:215,(anonymous_9)
FN:219,(anonymous_10)
FN:237,(anonymous_11)
FN:245,(anonymous_12)
FN:249,(anonymous_13)
FN:255,(anonymous_14)
FN:256,(anonymous_15)
FN:260,(anonymous_16)
FN:276,(anonymous_17)
FN:293,(anonymous_18)
FN:329,(anonymous_19)
FN:393,(anonymous_20)
FN:405,(anonymous_21)
FN:411,(anonymous_22)
FN:413,(anonymous_23)
FN:414,(anonymous_24)
FN:418,(anonymous_25)
FN:441,(anonymous_26)
FN:442,(anonymous_27)
FN:452,(anonymous_28)
FN:480,(anonymous_29)
FN:484,(anonymous_30)
FN:491,(anonymous_31)
FN:495,(anonymous_32)
FN:499,(anonymous_33)
FN:499,(anonymous_34)
FN:504,(anonymous_35)
FN:505,(anonymous_36)
FN:517,(anonymous_37)
FN:538,(anonymous_38)
FN:545,(anonymous_39)
FN:568,(anonymous_40)
FN:586,(anonymous_41)
FN:593,(anonymous_42)
FN:639,fromUrl
FN:647,fromBuffer
FN:655,fromFile
FN:663,fromUrls
FN:675,fromBuffers
FN:677,(anonymous_48)
FN:694,fromFiles
FN:697,(anonymous_50)
FNF:51
FNH:42
FNDA:25,(anonymous_0)
FNDA:49,(anonymous_1)
FNDA:25,(anonymous_2)
FNDA:3,(anonymous_3)
FNDA:4,(anonymous_4)
FNDA:4,(anonymous_5)
FNDA:3,(anonymous_6)
FNDA:4,(anonymous_7)
FNDA:4,(anonymous_8)
FNDA:4,(anonymous_9)
FNDA:0,(anonymous_10)
FNDA:0,(anonymous_11)
FNDA:4,(anonymous_12)
FNDA:0,(anonymous_13)
FNDA:1,(anonymous_14)
FNDA:4,(anonymous_15)
FNDA:4,(anonymous_16)
FNDA:22,(anonymous_17)
FNDA:24,(anonymous_18)
FNDA:22,(anonymous_19)
FNDA:24,(anonymous_20)
FNDA:24,(anonymous_21)
FNDA:24,(anonymous_22)
FNDA:2,(anonymous_23)
FNDA:22,(anonymous_24)
FNDA:22,(anonymous_25)
FNDA:15,(anonymous_26)
FNDA:15,(anonymous_27)
FNDA:15,(anonymous_28)
FNDA:14,(anonymous_29)
FNDA:14,(anonymous_30)
FNDA:1,(anonymous_31)
FNDA:0,(anonymous_32)
FNDA:0,(anonymous_33)
FNDA:1,(anonymous_34)
FNDA:0,(anonymous_35)
FNDA:1,(anonymous_36)
FNDA:24,(anonymous_37)
FNDA:27,(anonymous_38)
FNDA:27,(anonymous_39)
FNDA:0,(anonymous_40)
FNDA:0,(anonymous_41)
FNDA:0,(anonymous_42)
FNDA:2,fromUrl
FNDA:2,fromBuffer
FNDA:18,fromFile
FNDA:1,fromUrls
FNDA:1,fromBuffers
FNDA:2,(anonymous_48)
FNDA:1,fromFiles
FNDA:2,(anonymous_50)
DA:78,25
DA:79,25
DA:80,25
DA:81,25
DA:82,25
DA:83,25
DA:87,25
DA:88,25
DA:94,49
DA:96,49
DA:97,0
DA:99,49
DA:105,25
DA:106,25
DA:116,3
DA:117,3
DA:119,3
DA:120,3
DA:124,3
DA:128,3
DA:129,0
DA:132,3
DA:133,4
DA:134,4
DA:135,0
DA:137,4
DA:141,3
DA:144,3
DA:145,4
DA:146,4
DA:147,4
DA:149,0
DA:154,3
DA:155,3
DA:164,3
DA:166,3
DA:176,3
DA:179,3
DA:182,3
DA:183,0
DA:192,3
DA:193,4
DA:194,4
DA:195,4
DA:201,4
DA:202,4
DA:205,4
DA:206,3
DA:207,0
DA:211,3
DA:212,3
DA:214,3
DA:215,4
DA:216,3
DA:219,0
DA:220,0
DA:223,0
DA:224,0
DA:230,0
DA:231,0
DA:232,0
DA:233,0
DA:234,0
DA:237,0
DA:238,0
DA:240,0
DA:241,0
DA:245,4
DA:246,3
DA:247,0
DA:249,0
DA:255,3
DA:256,4
DA:259,3
DA:260,4
DA:265,3
DA:278,22
DA:279,22
DA:281,22
DA:282,22
DA:284,22
DA:288,22
DA:289,0
DA:293,22
DA:294,24
DA:295,24
DA:297,24
DA:298,0
DA:305,24
DA:309,24
DA:310,20
DA:311,0
DA:319,24
DA:329,22
DA:332,22
DA:333,22
DA:336,22
DA:337,22
DA:338,22
DA:341,22
DA:342,30
DA:344,30
DA:345,30
DA:349,22
DA:350,24
DA:351,22
DA:354,22
DA:355,24
DA:356,4
DA:357,4
DA:358,4
DA:360,20
DA:361,20
DA:369,22
DA:379,22
DA:384,22
DA:386,22
DA:387,0
DA:393,22
DA:394,24
DA:395,24
DA:397,24
DA:399,0
DA:400,0
DA:405,24
DA:406,22
DA:407,0
DA:411,24
DA:412,22
DA:413,20
DA:414,22
DA:417,20
DA:418,22
DA:420,20
DA:424,2
DA:425,2
DA:426,2
DA:427,2
DA:428,0
DA:433,2
DA:436,2
DA:439,2
DA:440,15
DA:441,15
DA:442,15
DA:445,15
DA:448,15
DA:452,15
DA:455,15
DA:458,15
DA:468,14
DA:470,14
DA:471,14
DA:472,14
DA:474,14
DA:475,14
DA:477,14
DA:478,14
DA:480,14
DA:481,14
DA:484,14
DA:485,14
DA:487,13
DA:488,13
DA:491,1
DA:492,1
DA:493,0
DA:495,0
DA:499,1
DA:502,1
DA:503,1
DA:504,0
DA:505,1
DA:507,1
DA:519,24
DA:520,0
DA:526,24
DA:527,0
DA:533,24
DA:535,24
DA:536,24
DA:538,24
DA:539,27
DA:540,26
DA:541,0
DA:542,0
DA:545,24
DA:546,27
DA:547,27
DA:548,1
DA:549,1
DA:550,0
DA:551,0
DA:552,0
DA:553,0
DA:556,24
DA:558,27
DA:559,27
DA:561,27
DA:562,0
DA:566,27
DA:567,27
DA:568,0
DA:569,0
DA:577,27
DA:578,27
DA:579,27
DA:581,27
DA:583,27
DA:587,0
DA:588,0
DA:590,0
DA:594,0
DA:595,0
DA:597,0
DA:603,27
DA:604,27
DA:605,27
DA:606,27
DA:607,27
DA:609,27
DA:610,27
DA:611,27
DA:613,27
DA:615,27
DA:619,24
DA:640,2
DA:641,2
DA:642,2
DA:643,2
DA:648,2
DA:649,2
DA:650,2
DA:651,2
DA:656,18
DA:657,18
DA:658,18
DA:659,17
DA:664,1
DA:665,1
DA:666,1
DA:667,1
DA:668,1
DA:670,5
DA:676,1
DA:677,1
DA:678,2
DA:679,2
DA:680,2
DA:682,0
DA:683,0
DA:685,1
DA:686,1
DA:687,1
DA:688,1
DA:695,1
DA:697,1
DA:699,2
DA:700,0
DA:704,2
DA:706,0
DA:712,1
DA:713,1
DA:714,1
DA:715,1
LF:265
LH:212
BRDA:77,0,0,0
BRDA:77,1,0,23
BRDA:77,2,0,24
BRDA:77,3,0,23
BRDA:77,4,0,5
BRDA:77,5,0,23
BRDA:79,6,0,1
BRDA:79,6,1,24
BRDA:83,7,0,2
BRDA:83,7,1,23
BRDA:94,8,0,0
BRDA:94,8,1,49
BRDA:94,9,0,49
BRDA:94,9,1,0
BRDA:96,10,0,0
BRDA:96,10,1,49
BRDA:96,11,0,49
BRDA:96,11,1,47
BRDA:102,12,0,0
BRDA:120,13,0,3
BRDA:120,13,1,0
BRDA:124,14,0,1
BRDA:124,14,1,2
BRDA:124,15,0,3
BRDA:124,15,1,1
BRDA:126,16,0,2
BRDA:126,16,1,0
BRDA:128,17,0,0
BRDA:128,17,1,3
BRDA:134,18,0,0
BRDA:134,18,1,4
BRDA:147,19,0,4
BRDA:147,19,1,0
BRDA:147,20,0,4
BRDA:147,20,1,0
BRDA:158,21,0,0
BRDA:158,21,1,3
BRDA:182,22,0,0
BRDA:182,22,1,3
BRDA:201,23,0,0
BRDA:201,23,1,4
BRDA:201,24,0,4
BRDA:201,24,1,4
BRDA:206,25,0,0
BRDA:206,25,1,3
BRDA:211,26,0,3
BRDA:211,26,1,0
BRDA:216,27,0,3
BRDA:216,27,1,0
BRDA:223,28,0,0
BRDA:223,28,1,0
BRDA:233,29,0,0
BRDA:233,29,1,0
BRDA:233,30,0,0
BRDA:233,30,1,0
BRDA:238,31,0,0
BRDA:238,31,1,0
BRDA:246,32,0,0
BRDA:246,32,1,3
BRDA:284,33,0,2
BRDA:284,33,1,20
BRDA:284,34,0,22
BRDA:284,34,1,2
BRDA:286,35,0,20
BRDA:286,35,1,18
BRDA:286,36,0,20
BRDA:286,36,1,0
BRDA:288,37,0,0
BRDA:288,37,1,22
BRDA:297,38,0,0
BRDA:297,38,1,24
BRDA:297,39,0,24
BRDA:297,39,1,20
BRDA:305,40,0,24
BRDA:305,40,1,0
BRDA:305,41,0,24
BRDA:305,41,1,24
BRDA:309,42,0,20
BRDA:309,42,1,4
BRDA:310,43,0,0
BRDA:310,43,1,20
BRDA:321,44,0,4
BRDA:321,44,1,20
BRDA:322,45,0,4
BRDA:322,45,1,20
BRDA:338,46,0,1
BRDA:338,46,1,21
BRDA:342,47,0,0
BRDA:342,47,1,30
BRDA:342,48,0,30
BRDA:342,48,1,30
BRDA:344,49,0,0
BRDA:344,49,1,30
BRDA:345,50,0,2
BRDA:345,50,1,28
BRDA:355,51,0,4
BRDA:355,51,1,20
BRDA:386,52,0,0
BRDA:386,52,1,22
BRDA:397,53,0,24
BRDA:397,53,1,0
BRDA:397,54,0,24
BRDA:397,54,1,22
BRDA:406,55,0,0
BRDA:406,55,1,22
BRDA:412,56,0,20
BRDA:412,56,1,2
BRDA:412,57,0,22
BRDA:412,57,1,22
BRDA:427,58,0,0
BRDA:427,58,1,2
BRDA:427,59,0,2
BRDA:427,59,1,2
BRDA:441,60,0,15
BRDA:441,60,1,15
BRDA:445,61,0,0
BRDA:445,61,1,15
BRDA:472,62,0,0
BRDA:472,62,1,14
BRDA:472,63,0,14
BRDA:472,63,1,1
BRDA:475,64,0,0
BRDA:475,64,1,14
BRDA:475,65,0,14
BRDA:475,65,1,14
BRDA:478,66,0,0
BRDA:478,66,1,14
BRDA:481,67,0,14
BRDA:481,67,1,0
BRDA:484,68,0,14
BRDA:484,68,1,14
BRDA:485,69,0,1
BRDA:485,69,1,13
BRDA:491,70,0,1
BRDA:491,70,1,1
BRDA:492,71,0,0
BRDA:492,71,1,1
BRDA:517,72,0,24
BRDA:517,73,0,24
BRDA:519,74,0,0
BRDA:519,74,1,24
BRDA:519,75,0,24
BRDA:519,75,1,24
BRDA:519,75,2,24
BRDA:526,76,0,0
BRDA:526,76,1,24
BRDA:526,77,0,24
BRDA:526,77,1,24
BRDA:539,78,0,1
BRDA:539,78,1,26
BRDA:540,79,0,26
BRDA:540,79,1,0
BRDA:541,80,0,0
BRDA:541,80,1,0
BRDA:546,81,0,1
BRDA:546,81,1,26
BRDA:547,82,0,26
BRDA:547,82,1,1
BRDA:548,83,0,0
BRDA:548,83,1,1
BRDA:549,84,0,1
BRDA:549,84,1,0
BRDA:550,85,0,0
BRDA:550,85,1,0
BRDA:551,86,0,0
BRDA:551,86,1,0
BRDA:552,87,0,0
BRDA:552,87,1,0
BRDA:561,88,0,0
BRDA:561,88,1,27
BRDA:567,89,0,0
BRDA:567,89,1,27
BRDA:578,90,0,27
BRDA:578,90,1,0
BRDA:579,91,0,27
BRDA:579,91,1,0
BRDA:581,92,0,27
BRDA:581,92,1,0
BRDA:583,93,0,27
BRDA:583,93,1,27
BRDA:583,93,2,0
BRDA:583,93,3,0
BRDA:583,93,4,0
BRDA:583,93,5,0
BRDA:583,93,6,0
BRDA:583,93,7,0
BRDA:583,93,8,0
BRDA:583,93,9,0
BRDA:583,93,10,0
BRDA:588,94,0,0
BRDA:588,94,1,0
BRDA:595,95,0,0
BRDA:595,95,1,0
BRDA:603,96,0,27
BRDA:603,96,1,0
BRDA:604,97,0,27
BRDA:604,97,1,0
BRDA:605,98,0,23
BRDA:605,98,1,4
BRDA:606,99,0,27
BRDA:606,99,1,0
BRDA:606,100,0,27
BRDA:606,100,1,0
BRDA:641,101,0,2
BRDA:641,101,1,0
BRDA:647,102,0,0
BRDA:649,103,0,2
BRDA:649,103,1,0
BRDA:657,104,0,18
BRDA:657,104,1,0
BRDA:663,105,0,0
BRDA:664,106,0,1
BRDA:664,106,1,0
BRDA:666,107,0,1
BRDA:666,107,1,0
BRDA:675,108,0,0
BRDA:675,109,0,0
BRDA:676,110,0,1
BRDA:676,110,1,0
BRDA:678,111,0,2
BRDA:678,111,1,0
BRDA:678,112,0,2
BRDA:678,112,1,2
BRDA:678,112,2,2
BRDA:679,113,0,2
BRDA:679,113,1,0
BRDA:679,113,2,0
BRDA:682,114,0,0
BRDA:682,114,1,0
BRDA:686,115,0,1
BRDA:686,115,1,0
BRDA:694,116,0,0
BRDA:695,117,0,1
BRDA:695,117,1,0
BRDA:699,118,0,0
BRDA:699,118,1,2
BRDA:699,119,0,2
BRDA:699,119,1,2
BRDA:700,120,0,0
BRDA:700,120,1,0
BRDA:700,121,0,0
BRDA:700,121,1,0
BRDA:704,122,0,2
BRDA:704,122,1,0
BRDA:704,123,0,2
BRDA:704,123,1,2
BRDA:713,124,0,1
BRDA:713,124,1,0
BRF:248
BRH:145
end_of_record
